<?xml version="1.0" encoding="UTF-8"?>
<robot generator="Robot 5.0 (Python 3.10.6 on linux)" generated="20230510 10:07:12.856" rpa="false" schemaversion="3">
<suite id="s1" name="Restart Kubelet" source="/home/ray_chang/go/src/github.com/weizhe0422/longhorn-tests/manager/integration/negative_tests/node_not_ready/restart_kubelet.robot">
<test id="s1-t1" name="1-RWO 3 replicas abnormal attached and replica node" line="16">
<kw name="Set Test Environment" library="steps" type="SETUP">
<arg>${TEST NAME}</arg>
<msg timestamp="20230510 10:07:13.691" level="DEBUG">response body: {"kind":"Namespace","apiVersion":"v1","metadata":{"name":"1-rwo-3-replicas-abnormal-attached-and-replica-node","uid":"4a8cd61d-2e70-4eed-8227-10511bc3eb8f","resourceVersion":"47144","creationTimestamp":"2023-05-10T02:07:13Z","labels":{"kubernetes.io/metadata.name":"1-rwo-3-replicas-abnormal-attached-and-replica-node"},"managedFields":[{"manager":"OpenAPI-Generator","operation":"Update","apiVersion":"v1","time":"2023-05-10T02:07:13Z","fieldsType":"FieldsV1","fieldsV1":{"f:metadata":{"f:labels":{".":{},"f:kubernetes.io/metadata.name":{}}}}}]},"spec":{"finalizers":["kubernetes"]},"status":{"phase":"Active"}}
</msg>
<msg timestamp="20230510 10:07:13.691" level="INFO">cloud_provider:aws
Cloud Provider: AWS</msg>
<status status="PASS" starttime="20230510 10:07:13.335" endtime="20230510 10:07:13.691"/>
</kw>
<kw name="Given Create ${volume_size_gb} GB RWO volume with 3 replicas" library="keywords" sourcename="Create ${size} GB ${volume_type} volume with ${request_replica_count} replicas">
<kw name="Create Volume" library="steps">
<var>${volume_name}</var>
<arg>${size}</arg>
<arg>${request_replica_count}</arg>
<arg>${volume_type}</arg>
<msg timestamp="20230510 10:07:13.839" level="DEBUG">response body: {"apiVersion":"longhorn.io/v1beta2","kind":"Volume","metadata":{"creationTimestamp":"2023-05-10T02:07:13Z","finalizers":["longhorn.io"],"generation":1,"labels":{"longhornvolume":"vol-my3lwt","setting.longhorn.io/replica-auto-balance":"ignored"},"managedFields":[{"apiVersion":"longhorn.io/v1beta2","fieldsType":"FieldsV1","fieldsV1":{"f:spec":{".":{},"f:accessMode":{},"f:frontend":{},"f:numberOfReplicas":{},"f:replicaAutoBalance":{},"f:size":{}}},"manager":"OpenAPI-Generator","operation":"Update","time":"2023-05-10T02:07:13Z"}],"name":"vol-my3lwt","namespace":"longhorn-system","resourceVersion":"47152","uid":"cd6642c6-58b4-46a9-80b2-c85eb2740dc9"},"spec":{"accessMode":"rwo","dataLocality":"disabled","diskSelector":[],"engineImage":"longhornio/longhorn-engine:v1.4.1","frontend":"blockdev","nodeSelector":[],"numberOfReplicas":3,"recurringJobs":[],"replicaAutoBalance":"ignored","restoreVolumeRecurringJob":"ignored","size":"1073741824","snapshotDataIntegrity":"ignored","unmapMarkSnapChainRemoved":"ignored"}}
</msg>
<msg timestamp="20230510 10:07:13.839" level="INFO">create_volume</msg>
<msg timestamp="20230510 10:07:13.839" level="INFO">${volume_name} = vol-my3lwt</msg>
<status status="PASS" starttime="20230510 10:07:13.692" endtime="20230510 10:07:13.839"/>
</kw>
<kw name="Set Test Variable" library="BuiltIn">
<arg>${volume_name}</arg>
<doc>Makes a variable available everywhere within the scope of the current test.</doc>
<msg timestamp="20230510 10:07:13.839" level="INFO">${volume_name} = vol-my3lwt</msg>
<status status="PASS" starttime="20230510 10:07:13.839" endtime="20230510 10:07:13.839"/>
</kw>
<kw name="Set Test Variable" library="BuiltIn">
<arg>${request_replica_count}</arg>
<doc>Makes a variable available everywhere within the scope of the current test.</doc>
<msg timestamp="20230510 10:07:13.839" level="INFO">${request_replica_count} = 3</msg>
<status status="PASS" starttime="20230510 10:07:13.839" endtime="20230510 10:07:13.839"/>
</kw>
<status status="PASS" starttime="20230510 10:07:13.692" endtime="20230510 10:07:13.840"/>
</kw>
<kw name="And Attach volume to the node 0" library="keywords" sourcename="Attach volume to the node ${node_number}">
<kw name="Attach Volume" library="steps">
<var>${volunme_attached_node}</var>
<arg>${volume_name}</arg>
<arg>${node_number}</arg>
<msg timestamp="20230510 10:07:14.047" level="DEBUG">response body: {"kind":"NodeList","apiVersion":"v1","metadata":{"resourceVersion":"47154"},"items":[{"metadata":{"name":"rc-k8s-1-rc-m1-232445eb-9k62m","uid":"e42d8aa7-fa02-4402-8e12-253b93440e7d","resourceVersion":"45260","creationTimestamp":"2023-05-10T00:43:30Z","labels":{"beta.kubernetes.io/arch":"amd64","beta.kubernetes.io/instance-type":"rke2","beta.kubernetes.io/os":"linux","kubernetes.io/arch":"amd64","kubernetes.io/hostname":"rc-k8s-1-rc-m1-232445eb-9k62m","kubernetes.io/os":"linux","node-role.kubernetes.io/control-plane":"true","node-role.kubernetes.io/master":"true","node.kubernetes.io/instance-type":"rke2","plan.upgrade.cattle.io/system-agent-upgrader":"7dbfe3bc7aa1f9e217597840afda8c191bdef89403968ed04de99eec","rke.cattle.io/machine":"0b360024-b7f6-4940-96f3-6fc89d8549fe"},"annotations":{"cluster.x-k8s.io/cluster-name":"rc-k8s-1","cluster.x-k8s.io/cluster-namespace":"fleet-default","cluster.x-k8s.io/machine":"rc-k8s-1-rc-m1-658fb4f69f-4dqzs","cluster.x-k8s.io/owner-kind":"MachineSet","cluster.x-k8s.io/owner-name":"rc-k8s-1-rc-m1-658fb4f69f","management.cattle.io/pod-limits":"{}","management.cattle.io/pod-requests":"{\"cpu\":\"900m\",\"memory\":\"1664Mi\",\"pods\":\"7\"}","node.alpha.kubernetes.io/ttl":"0","projectcalico.org/IPv4Address":"172.31.34.159/20","projectcalico.org/IPv4VXLANTunnelAddr":"10.42.46.64","rke2.io/encryption-config-hash":"start-bc6d0eee2b486df4adf1559b2d217cc34298307bc76f09c94851f1f2e6c97fde","rke2.io/external-ip":"54.199.215.109","rke2.io/hostname":"rc-k8s-1-rc-m1-232445eb-9k62m","rke2.io/internal-ip":"172.31.34.159","rke2.io/node-args":"[\"server\",\"--advertise-address\",\"172.31.34.159\",\"--agent-token\",\"********\",\"--cni\",\"calico\",\"--disable-etcd\",\"true\",\"--disable-kube-proxy\",\"false\",\"--etcd-expose-metrics\",\"false\",\"--kube-controller-manager-arg\",\"cert-dir=/var/lib/rancher/rke2/server/tls/kube-controller-manager\",\"--kube-controller-manager-arg\",\"secure-port=10257\",\"--kube-controller-manager-extra-mount\",\"/var/lib/rancher/rke2/server/tls/kube-controller-manager:/var/lib/rancher/rke2/server/tls/kube-controller-manager\",\"--kube-scheduler-arg\",\"cert-dir=/var/lib/rancher/rke2/server/tls/kube-scheduler\",\"--kube-scheduler-arg\",\"secure-port=10259\",\"--kube-scheduler-extra-mount\",\"/var/lib/rancher/rke2/server/tls/kube-scheduler:/var/lib/rancher/rke2/server/tls/kube-scheduler\",\"--node-external-ip\",\"54.199.215.109\",\"--node-ip\",\"172.31.34.159\",\"--node-label\",\"rke.cattle.io/machine=0b360024-b7f6-4940-96f3-6fc89d8549fe\",\"--node-taint\",\"node-role.kubernetes.io/control-plane:NoSchedule\",\"--private-registry\",\"/etc/rancher/rke2/registries.yaml\",\"--protect-kernel-defaults\",\"false\",\"--server\",\"https://172.31.40.82:9345\",\"--tls-san\",\"54.199.215.109\",\"--token\",\"********\"]","rke2.io/node-config-hash":"GE4YCVN4D57DEUAPBBAJHE7ZSFPVKD77RSY3V75JXHJRCUNXZWQA====","rke2.io/node-env":"{}","volumes.kubernetes.io/controller-managed-attach-detach":"true"},"finalizers":["wrangler.cattle.io/node","wrangler.cattle.io/managed-etcd-controller"],"managedFields":[{"manager":"ancient-changes","operation":"Update","apiVersion":"v1","time":"2023-05-10T00:43:32Z","fieldsType":"FieldsV1","fieldsV1":{"f:metadata":{"f:finalizers":{".":{},"v:\"wrangler.cattle.io/managed-etcd-controller\"":{},"v:\"wrangler.cattle.io/node\"":{}}},"f:status":{"f:addresses":{"k:{\"type\":\"ExternalIP\"}":{".":{},"f:address":{},"f:type":{}}}}}},{"manager":"rke2","operation":"Update","apiVersion":"v1","time":"2023-05-10T00:43:32Z","fieldsType":"FieldsV1","fieldsV1":{"f:metadata":{"f:annotations":{"f:rke2.io/external-ip":{},"f:rke2.io/hostname":{},"f:rke2.io/internal-ip":{},"f:rke2.io/node-args":{},"f:rke2.io/node-config-hash":{},"f:rke2.io/node-env":{}}}}},{"manager":"deploy@rc-k8s-1-rc-m1-232445eb-9k62m","operation":"Update","apiVersion":"v1","time":"2023-05-10T00:43:40Z","fieldsType":"FieldsV1","fieldsV1":{"f:metadata":{"f:annotations":{"f:rke2.io/encryption-config-hash":{}},"f:labels":{"f:node-role.kubernetes.io/control-plane":{},"f:node-role.kubernetes.io/master":{}}}}},{"manager":"kube-controller-manager","operation":"Update","apiVersion":"v1","time":"2023-05-10T00:44:23Z","fieldsType":"FieldsV1","fieldsV1":{"f:metadata":{"f:annotations":{"f:node.alpha.kubernetes.io/ttl":{}}},"f:spec":{"f:podCIDR":{},"f:podCIDRs":{".":{},"v:\"10.42.3.0/24\"":{}},"f:taints":{}}}},{"manager":"system-upgrade-controller","operation":"Update","apiVersion":"v1","time":"2023-05-10T00:44:27Z","fieldsType":"FieldsV1","fieldsV1":{"f:metadata":{"f:labels":{"f:plan.upgrade.cattle.io/system-agent-upgrader":{}}}}},{"manager":"calico-node","operation":"Update","apiVersion":"v1","time":"2023-05-10T00:44:33Z","fieldsType":"FieldsV1","fieldsV1":{"f:metadata":{"f:annotations":{"f:projectcalico.org/IPv4Address":{},"f:projectcalico.org/IPv4VXLANTunnelAddr":{}}},"f:status":{"f:conditions":{"k:{\"type\":\"NetworkUnavailable\"}":{".":{},"f:lastHeartbeatTime":{},"f:lastTransitionTime":{},"f:message":{},"f:reason":{},"f:status":{},"f:type":{}}}}}},{"manager":"rancher","operation":"Update","apiVersion":"v1","time":"2023-05-10T00:44:36Z","fieldsType":"FieldsV1","fieldsV1":{"f:metadata":{"f:annotations":{"f:cluster.x-k8s.io/cluster-name":{},"f:cluster.x-k8s.io/cluster-namespace":{},"f:cluster.x-k8s.io/machine":{},"f:cluster.x-k8s.io/owner-kind":{},"f:cluster.x-k8s.io/owner-name":{}}}}},{"manager":"agent","operation":"Update","apiVersion":"v1","time":"2023-05-10T01:01:29Z","fieldsType":"FieldsV1","fieldsV1":{"f:metadata":{"f:annotations":{"f:management.cattle.io/pod-limits":{},"f:management.cattle.io/pod-requests":{}}}}},{"manager":"kubelet","operation":"Update","apiVersion":"v1","time":"2023-05-10T02:03:15Z","fieldsType":"FieldsV1","fieldsV1":{"f:status":{"f:conditions":{"k:{\"type\":\"DiskPressure\"}":{"f:lastHeartbeatTime":{}},"k:{\"type\":\"MemoryPressure\"}":{"f:lastHeartbeatTime":{}},"k:{\"type\":\"PIDPressure\"}":{"f:lastHeartbeatTime":{}},"k:{\"type\":\"Ready\"}":{"f:lastHeartbeatTime":{}}},"f:images":{}}},"subresource":"status"}]},"spec":{"podCIDR":"10.42.3.0/24","podCIDRs":["10.42.3.0/24"],"providerID":"rke2://rc-k8s-1-rc-m1-232445eb-9k62m","taints":[{"key":"node-role.kubernetes.io/control-plane","effect":"NoSchedule"}]},"status":{"capacity":{"cpu":"4","ephemeral-storage":"101583780Ki","hugepages-1Gi":"0","hugepages-2Mi":"0","memory":"16396012Ki","pods":"110"},"allocatable":{"cpu":"4","ephemeral-storage":"98820701107","hugepages-1Gi":"0","hugepages-2Mi":"0","memory":"16396012Ki","pods":"110"},"conditions":[{"type":"NetworkUnavailable","status":"False","lastHeartbeatTime":"2023-05-10T00:44:33Z","lastTransitionTime":"2023-05-10T00:44:33Z","reason":"CalicoIsUp","message":"Calico is running on this node"},{"type":"MemoryPressure","status":"False","lastHeartbeatTime":"2023-05-10T02:03:15Z","lastTransitionTime":"2023-05-10T00:43:29Z","reason":"KubeletHasSufficientMemory","message":"kubelet has sufficient memory available"},{"type":"DiskPressure","status":"False","lastHeartbeatTime":"2023-05-10T02:03:15Z","lastTransitionTime":"2023-05-10T00:43:29Z","reason":"KubeletHasNoDiskPressure","message":"kubelet has no disk pressure"},{"type":"PIDPressure","status":"False","lastHeartbeatTime":"2023-05-10T02:03:15Z","lastTransitionTime":"2023-05-10T00:43:29Z","reason":"KubeletHasSufficientPID","message":"kubelet has sufficient PID available"},{"type":"Ready","status":"True","lastHeartbeatTime":"2023-05-10T02:03:15Z","lastTransitionTime":"2023-05-10T00:44:21Z","reason":"KubeletReady","message":"kubelet is posting ready status. AppArmor enabled"}],"addresses":[{"type":"InternalIP","address":"172.31.34.159"},{"type":"ExternalIP","address":"54.199.215.109"},{"type":"Hostname","address":"rc-k8s-1-rc-m1-232445eb-9k62m"}],"daemonEndpoints":{"kubeletEndpoint":{"Port":10250}},"nodeInfo":{"machineID":"8f3812728ced41b6b9f2af43d186ed16","systemUUID":"ec2f8eff-05f4-f617-f613-288e4c5be0a9","bootID":"2386ce39-9707-460e-91a1-26b8899499a4","kernelVersion":"5.4.0-1041-aws","osImage":"Ubuntu 20.04.2 LTS","containerRuntimeVersion":"containerd://1.6.19-k3s1","kubeletVersion":"v1.25.9+rke2r1","kubeProxyVersion":"v1.25.9+rke2r1","operatingSystem":"linux","architecture":"amd64"},"images":[{"names":["docker.io/rancher/rancher-agent@sha256:64893bc04d326732e2d429abbd6d0f7f78ec1d34c65da011472174bbeff68359","docker.io/rancher/rancher-agent:v2.7.2"],"sizeBytes":385135091},{"names":["docker.io/rancher/hardened-kubernetes@sha256:65ca990fe67f829c813324e5f5e5a66af5bdd878cc73fd6db5539857cc99ade8","docker.io/rancher/hardened-kubernetes:v1.25.9-rke2r1-build20230412"],"sizeBytes":243453990},{"names":["docker.io/rancher/mirrored-calico-cni@sha256:5c9a4923bc31b2c7e1d155111644c4bd940e19f75d832faf15a617132116e8df","docker.io/rancher/mirrored-calico-cni:v3.25.0"],"sizeBytes":87984630},{"names":["docker.io/rancher/mirrored-calico-node@sha256:cc60816f11792b264c3f351ecea4b2dfdf02bdc0b19ff330df1ea9eb36fff675","docker.io/rancher/mirrored-calico-node:v3.25.0"],"sizeBytes":87185624},{"names":["docker.io/rancher/rke2-cloud-provider@sha256:e2d98791f28b7aed3ab99afb99b52310eb1a36844b9bc9c497ebce327e4c68d5","docker.io/rancher/rke2-cloud-provider:v1.26.3-build20230406"],"sizeBytes":63663048},{"names":["docker.io/rancher/system-agent@sha256:9bb6379007c4afd99948507f82f3b62a9c06ac889fe1baaae4ef0628249ceee3","docker.io/rancher/system-agent:v0.3.2-suc"],"sizeBytes":27695105},{"names":["docker.io/rancher/mirrored-calico-pod2daemon-flexvol@sha256:8002b7917f98bd34b1194a5be9acf6c3244dc717cb2c0f5df927fc9a6d52bfaf","docker.io/rancher/mirrored-calico-pod2daemon-flexvol:v3.25.0"],"sizeBytes":7075735},{"names":["docker.io/rancher/pause@sha256:036d575e82945c112ef84e4585caff3648322a2f9ed4c3a6ce409dd10abc4f34","docker.io/rancher/pause:3.6"],"sizeBytes":299396}]}},{"metadata":{"name":"rc-k8s-1-rc-w1-489d6c2c-2sgjg","uid":"da85f827-7196-4fce-a359-85a2fb36adfb","resourceVersion":"47010","creationTimestamp":"2023-05-10T00:41:47Z","labels":{"beta.kubernetes.io/arch":"amd64","beta.kubernetes.io/instance-type":"rke2","beta.kubernetes.io/os":"linux","kubernetes.io/arch":"amd64","kubernetes.io/hostname":"rc-k8s-1-rc-w1-489d6c2c-2sgjg","kubernetes.io/os":"linux","node-role.kubernetes.io/control-plane":"true","node-role.kubernetes.io/etcd":"true","node-role.kubernetes.io/master":"true","node-role.kubernetes.io/worker":"true","node.kubernetes.io/instance-type":"rke2","plan.upgrade.cattle.io/system-agent-upgrader":"7dbfe3bc7aa1f9e217597840afda8c191bdef89403968ed04de99eec","rke.cattle.io/machine":"0224ed42-3f13-4bea-baa2-0c0e120f4497"},"annotations":{"cluster.x-k8s.io/cluster-name":"rc-k8s-1","cluster.x-k8s.io/cluster-namespace":"fleet-default","cluster.x-k8s.io/machine":"rc-k8s-1-rc-w1-685777789c-j6lnr","cluster.x-k8s.io/owner-kind":"MachineSet","cluster.x-k8s.io/owner-name":"rc-k8s-1-rc-w1-685777789c","csi.volume.kubernetes.io/nodeid":"{\"driver.longhorn.io\":\"rc-k8s-1-rc-w1-489d6c2c-2sgjg\"}","etcd.rke2.cattle.io/node-address":"172.31.32.108","etcd.rke2.cattle.io/node-name":"rc-k8s-1-rc-w1-489d6c2c-2sgjg-cdabce64","management.cattle.io/pod-limits":"{}","management.cattle.io/pod-requests":"{\"cpu\":\"2160m\",\"memory\":\"2266Mi\",\"pods\":\"23\"}","node.alpha.kubernetes.io/ttl":"0","projectcalico.org/IPv4Address":"172.31.32.108/20","projectcalico.org/IPv4VXLANTunnelAddr":"10.42.215.0","rke2.io/encryption-config-hash":"start-bc6d0eee2b486df4adf1559b2d217cc34298307bc76f09c94851f1f2e6c97fde","rke2.io/external-ip":"13.231.213.55","rke2.io/hostname":"rc-k8s-1-rc-w1-489d6c2c-2sgjg","rke2.io/internal-ip":"172.31.32.108","rke2.io/node-args":"[\"server\",\"--advertise-address\",\"172.31.32.108\",\"--agent-token\",\"********\",\"--cni\",\"calico\",\"--disable-kube-proxy\",\"false\",\"--etcd-expose-metrics\",\"false\",\"--etcd-snapshot-retention\",\"5\",\"--etcd-snapshot-schedule-cron\",\"0 */5 * * *\",\"--kube-controller-manager-arg\",\"cert-dir=/var/lib/rancher/rke2/server/tls/kube-controller-manager\",\"--kube-controller-manager-arg\",\"secure-port=10257\",\"--kube-controller-manager-extra-mount\",\"/var/lib/rancher/rke2/server/tls/kube-controller-manager:/var/lib/rancher/rke2/server/tls/kube-controller-manager\",\"--kube-scheduler-arg\",\"cert-dir=/var/lib/rancher/rke2/server/tls/kube-scheduler\",\"--kube-scheduler-arg\",\"secure-port=10259\",\"--kube-scheduler-extra-mount\",\"/var/lib/rancher/rke2/server/tls/kube-scheduler:/var/lib/rancher/rke2/server/tls/kube-scheduler\",\"--node-external-ip\",\"13.231.213.55\",\"--node-ip\",\"172.31.32.108\",\"--node-label\",\"rke.cattle.io/machine=0224ed42-3f13-4bea-baa2-0c0e120f4497\",\"--private-registry\",\"/etc/rancher/rke2/registries.yaml\",\"--protect-kernel-defaults\",\"false\",\"--server\",\"https://172.31.40.82:9345\",\"--tls-san\",\"13.231.213.55\",\"--token\",\"********\"]","rke2.io/node-config-hash":"X2MDPY2TVVRLYK4R7IZC7LLJI2O3FS74KRYRIUGUUK7BBCBWGLOA====","rke2.io/node-env":"{}","volumes.kubernetes.io/controller-managed-attach-detach":"true"},"finalizers":["wrangler.cattle.io/node","wrangler.cattle.io/managed-etcd-controller"],"managedFields":[{"manager":"ancient-changes","operation":"Update","apiVersion":"v1","time":"2023-05-10T00:41:49Z","fieldsType":"FieldsV1","fieldsV1":{"f:metadata":{"f:finalizers":{".":{},"v:\"wrangler.cattle.io/managed-etcd-controller\"":{},"v:\"wrangler.cattle.io/node\"":{}}},"f:status":{"f:addresses":{"k:{\"type\":\"ExternalIP\"}":{".":{},"f:address":{},"f:type":{}}}}}},{"manager":"rke2","operation":"Update","apiVersion":"v1","time":"2023-05-10T00:41:49Z","fieldsType":"FieldsV1","fieldsV1":{"f:metadata":{"f:annotations":{"f:rke2.io/external-ip":{},"f:rke2.io/hostname":{},"f:rke2.io/internal-ip":{},"f:rke2.io/node-args":{},"f:rke2.io/node-config-hash":{},"f:rke2.io/node-env":{}}}}},{"manager":"deploy@rc-k8s-1-rc-w1-489d6c2c-2sgjg","operation":"Update","apiVersion":"v1","time":"2023-05-10T00:41:52Z","fieldsType":"FieldsV1","fieldsV1":{"f:metadata":{"f:annotations":{"f:etcd.rke2.cattle.io/node-address":{},"f:etcd.rke2.cattle.io/node-name":{},"f:rke2.io/encryption-config-hash":{}},"f:labels":{"f:node-role.kubernetes.io/control-plane":{},"f:node-role.kubernetes.io/etcd":{},"f:node-role.kubernetes.io/master":{}}}}},{"manager":"system-upgrade-controller","operation":"Update","apiVersion":"v1","time":"2023-05-10T00:42:10Z","fieldsType":"FieldsV1","fieldsV1":{"f:metadata":{"f:labels":{"f:plan.upgrade.cattle.io/system-agent-upgrader":{}}}}},{"manager":"rancher","operation":"Update","apiVersion":"v1","time":"2023-05-10T00:42:32Z","fieldsType":"FieldsV1","fieldsV1":{"f:metadata":{"f:annotations":{"f:cluster.x-k8s.io/cluster-name":{},"f:cluster.x-k8s.io/cluster-namespace":{},"f:cluster.x-k8s.io/machine":{},"f:cluster.x-k8s.io/owner-kind":{},"f:cluster.x-k8s.io/owner-name":{}},"f:labels":{"f:node-role.kubernetes.io/worker":{}}}}},{"manager":"calico-node","operation":"Update","apiVersion":"v1","time":"2023-05-10T00:42:35Z","fieldsType":"FieldsV1","fieldsV1":{"f:metadata":{"f:annotations":{"f:projectcalico.org/IPv4Address":{},"f:projectcalico.org/IPv4VXLANTunnelAddr":{}}},"f:status":{"f:conditions":{"k:{\"type\":\"NetworkUnavailable\"}":{".":{},"f:lastHeartbeatTime":{},"f:lastTransitionTime":{},"f:message":{},"f:reason":{},"f:status":{},"f:type":{}}}}}},{"manager":"kubelet","operation":"Update","apiVersion":"v1","time":"2023-05-10T00:52:21Z","fieldsType":"FieldsV1","fieldsV1":{"f:metadata":{"f:annotations":{"f:csi.volume.kubernetes.io/nodeid":{}}},"f:status":{"f:images":{}}}},{"manager":"kube-controller-manager","operation":"Update","apiVersion":"v1","time":"2023-05-10T01:41:24Z","fieldsType":"FieldsV1","fieldsV1":{"f:metadata":{"f:annotations":{"f:node.alpha.kubernetes.io/ttl":{}}},"f:spec":{"f:podCIDR":{},"f:podCIDRs":{".":{},"v:\"10.42.2.0/24\"":{}}}}},{"manager":"agent","operation":"Update","apiVersion":"v1","time":"2023-05-10T01:42:39Z","fieldsType":"FieldsV1","fieldsV1":{"f:metadata":{"f:annotations":{"f:management.cattle.io/pod-limits":{},"f:management.cattle.io/pod-requests":{}}}}},{"manager":"kubelet","operation":"Update","apiVersion":"v1","time":"2023-05-10T02:06:56Z","fieldsType":"FieldsV1","fieldsV1":{"f:status":{"f:allocatable":{"f:ephemeral-storage":{}},"f:conditions":{"k:{\"type\":\"DiskPressure\"}":{"f:lastHeartbeatTime":{}},"k:{\"type\":\"MemoryPressure\"}":{"f:lastHeartbeatTime":{}},"k:{\"type\":\"PIDPressure\"}":{"f:lastHeartbeatTime":{}},"k:{\"type\":\"Ready\"}":{"f:lastHeartbeatTime":{},"f:lastTransitionTime":{},"f:message":{},"f:reason":{},"f:status":{}}}}},"subresource":"status"}]},"spec":{"podCIDR":"10.42.2.0/24","podCIDRs":["10.42.2.0/24"],"providerID":"rke2://rc-k8s-1-rc-w1-489d6c2c-2sgjg"},"status":{"capacity":{"cpu":"4","ephemeral-storage":"101583780Ki","hugepages-1Gi":"0","hugepages-2Mi":"0","memory":"16396008Ki","pods":"110"},"allocatable":{"cpu":"4","ephemeral-storage":"98820701107","hugepages-1Gi":"0","hugepages-2Mi":"0","memory":"16396008Ki","pods":"110"},"conditions":[{"type":"NetworkUnavailable","status":"False","lastHeartbeatTime":"2023-05-10T00:42:35Z","lastTransitionTime":"2023-05-10T00:42:35Z","reason":"CalicoIsUp","message":"Calico is running on this node"},{"type":"MemoryPressure","status":"False","lastHeartbeatTime":"2023-05-10T02:06:56Z","lastTransitionTime":"2023-05-10T00:41:44Z","reason":"KubeletHasSufficientMemory","message":"kubelet has sufficient memory available"},{"type":"DiskPressure","status":"False","lastHeartbeatTime":"2023-05-10T02:06:56Z","lastTransitionTime":"2023-05-10T00:41:44Z","reason":"KubeletHasNoDiskPressure","message":"kubelet has no disk pressure"},{"type":"PIDPressure","status":"False","lastHeartbeatTime":"2023-05-10T02:06:56Z","lastTransitionTime":"2023-05-10T00:41:44Z","reason":"KubeletHasSufficientPID","message":"kubelet has sufficient PID available"},{"type":"Ready","status":"True","lastHeartbeatTime":"2023-05-10T02:06:56Z","lastTransitionTime":"2023-05-10T01:41:24Z","reason":"KubeletReady","message":"kubelet is posting ready status. AppArmor enabled"}],"addresses":[{"type":"InternalIP","address":"172.31.32.108"},{"type":"ExternalIP","address":"13.231.213.55"},{"type":"Hostname","address":"rc-k8s-1-rc-w1-489d6c2c-2sgjg"}],"daemonEndpoints":{"kubeletEndpoint":{"Port":10250}},"nodeInfo":{"machineID":"9026b4a0bd3b44248d19ac2a3c4f215d","systemUUID":"ec2cd49c-8f4b-8490-751e-bef890ee93f5","bootID":"d5f34f54-7cc3-4e11-b8d4-a71dc80e1ef7","kernelVersion":"5.4.0-1041-aws","osImage":"Ubuntu 20.04.2 LTS","containerRuntimeVersion":"containerd://1.6.19-k3s1","kubeletVersion":"v1.25.9+rke2r1","kubeProxyVersion":"v1.25.9+rke2r1","operatingSystem":"linux","architecture":"amd64"},"images":[{"names":["docker.io/rancher/rancher-agent@sha256:64893bc04d326732e2d429abbd6d0f7f78ec1d34c65da011472174bbeff68359","docker.io/rancher/rancher-agent:v2.7.2"],"sizeBytes":385135091},{"names":["docker.io/rancher/nginx-ingress-controller@sha256:7804101a5cb8de407b1192e42ea0d6153ac2a71eb1765f63ca4af60a1dbe46f3","docker.io/rancher/nginx-ingress-controller:nginx-1.6.4-hardened4"],"sizeBytes":335533002},{"names":["docker.io/longhornio/longhorn-engine@sha256:e48ab7190283dc3e8e0435b51e5f568bce9d0f0963678c5f74f31a60810c8bc6","docker.io/longhornio/longhorn-engine:v1.4.1"],"sizeBytes":265973303},{"names":["docker.io/longhornio/longhorn-instance-manager@sha256:b61a23444217ce5f54f7d6f20643743bef69286e64305f841bb1bd93e1b0c7c0","docker.io/longhornio/longhorn-instance-manager:v1.4.1"],"sizeBytes":264748747},{"names":["docker.io/rancher/hardened-kubernetes@sha256:65ca990fe67f829c813324e5f5e5a66af5bdd878cc73fd6db5539857cc99ade8","docker.io/rancher/hardened-kubernetes:v1.25.9-rke2r1-build20230412"],"sizeBytes":243453990},{"names":["docker.io/rancher/shell@sha256:5aeaedb31fbf32f0b63991f3c30f49460d3190bcea984018ba006fa9e3becb7e","docker.io/rancher/shell:v0.1.19"],"sizeBytes":116933143},{"names":["docker.io/longhornio/longhorn-manager@sha256:2dddeeae014b59b0287b9476144ad84d15fd259295f4ee067cffe15b6cfb3f9b","docker.io/longhornio/longhorn-manager:v1.4.1"],"sizeBytes":98066239},{"names":["docker.io/rancher/mirrored-calico-cni@sha256:5c9a4923bc31b2c7e1d155111644c4bd940e19f75d832faf15a617132116e8df","docker.io/rancher/mirrored-calico-cni:v3.25.0"],"sizeBytes":87984630},{"names":["docker.io/rancher/mirrored-calico-node@sha256:cc60816f11792b264c3f351ecea4b2dfdf02bdc0b19ff330df1ea9eb36fff675","docker.io/rancher/mirrored-calico-node:v3.25.0"],"sizeBytes":87185624},{"names":["docker.io/longhornio/longhorn-ui@sha256:281c6197e0a699ea2e1ea8f58f635fa2073dfbe245a1d4ade005b848ad2abda9","docker.io/longhornio/longhorn-ui:v1.4.1"],"sizeBytes":72147175},{"names":["docker.io/rancher/hardened-etcd@sha256:a17a257d4da7487ae5cec75beffa79b9b73cb14a527f7981e13f778bfdec7a64","docker.io/rancher/hardened-etcd:v3.5.7-k3s1-build20230406"],"sizeBytes":64440078},{"names":["docker.io/rancher/rke2-cloud-provider@sha256:e2d98791f28b7aed3ab99afb99b52310eb1a36844b9bc9c497ebce327e4c68d5","docker.io/rancher/rke2-cloud-provider:v1.26.3-build20230406"],"sizeBytes":63663048},{"names":["docker.io/rancher/system-agent@sha256:9bb6379007c4afd99948507f82f3b62a9c06ac889fe1baaae4ef0628249ceee3","docker.io/rancher/system-agent:v0.3.2-suc"],"sizeBytes":27695105},{"names":["docker.io/rancher/rancher-webhook@sha256:d693ceaef40f3727cebc5914ddc248d5d2e67f15e95db960c64bdbc49b9ed8d0","docker.io/rancher/rancher-webhook:v0.3.3"],"sizeBytes":25023742},{"names":["docker.io/longhornio/csi-snapshotter@sha256:a3c71d6b1ecaefe69330312326b2ccf016a83af67e9b2bc2ad0685dc388c35df","docker.io/longhornio/csi-snapshotter:v5.0.1"],"sizeBytes":22163656},{"names":["docker.io/longhornio/csi-attacher@sha256:365b6e745404cf3eb39ee9bcc55b1af3c4f5357e44dddd0270c3cbb06b252a64","docker.io/longhornio/csi-attacher:v3.4.0"],"sizeBytes":22084988},{"names":["docker.io/longhornio/csi-resizer@sha256:5ce3edf2ab0167a76d09d949a644677ec42428e2b735f6ebabab76a2b3432475","docker.io/longhornio/csi-resizer:v1.3.0"],"sizeBytes":21671030},{"names":["docker.io/longhornio/csi-provisioner@sha256:daa7828fd45897fdeec17d6e987bc54cdc0a0928a7ba6b62d8f8496d6aa5d3be","docker.io/longhornio/csi-provisioner:v2.1.2"],"sizeBytes":21220203},{"names":["docker.io/longhornio/csi-node-driver-registrar@sha256:b3288cdcb832c30acc90f0d6363fc681880f46448f0175078bbd07f2a178634e","docker.io/longhornio/csi-node-driver-registrar:v2.5.0"],"sizeBytes":9132327},{"names":["docker.io/longhornio/livenessprobe@sha256:4a8917674f9eb175ad7d9339d8a5bc0f6f1376612f9abfc3854e7e7282bde75d","docker.io/longhornio/livenessprobe:v2.8.0"],"sizeBytes":8892153},{"names":["docker.io/rancher/mirrored-calico-pod2daemon-flexvol@sha256:8002b7917f98bd34b1194a5be9acf6c3244dc717cb2c0f5df927fc9a6d52bfaf","docker.io/rancher/mirrored-calico-pod2daemon-flexvol:v3.25.0"],"sizeBytes":7075735},{"names":["docker.io/library/busybox@sha256:e8e5cca392e3cf056fcdb3093e7ac2bf83fcf28b3bcf5818fe8ae71cf360c231","docker.io/library/busybox:1.34.0"],"sizeBytes":777165},{"names":["docker.io/rancher/pause@sha256:036d575e82945c112ef84e4585caff3648322a2f9ed4c3a6ce409dd10abc4f34","docker.io/rancher/pause:3.6"],"sizeBytes":299396}]}},{"metadata":{"name":"rc-k8s-1-rc-w1-489d6c2c-kjqgx","uid":"6684e9fc-7a74-4de2-ae47-9860fd72b4ca","resourceVersion":"45725","creationTimestamp":"2023-05-10T00:41:23Z","labels":{"beta.kubernetes.io/arch":"amd64","beta.kubernetes.io/instance-type":"rke2","beta.kubernetes.io/os":"linux","kubernetes.io/arch":"amd64","kubernetes.io/hostname":"rc-k8s-1-rc-w1-489d6c2c-kjqgx","kubernetes.io/os":"linux","node-role.kubernetes.io/control-plane":"true","node-role.kubernetes.io/etcd":"true","node-role.kubernetes.io/master":"true","node-role.kubernetes.io/worker":"true","node.kubernetes.io/instance-type":"rke2","plan.upgrade.cattle.io/system-agent-upgrader":"7dbfe3bc7aa1f9e217597840afda8c191bdef89403968ed04de99eec","rke.cattle.io/machine":"fe774796-f9ca-43b8-ae88-e3951dc67419"},"annotations":{"cluster.x-k8s.io/cluster-name":"rc-k8s-1","cluster.x-k8s.io/cluster-namespace":"fleet-default","cluster.x-k8s.io/machine":"rc-k8s-1-rc-w1-685777789c-hkxgl","cluster.x-k8s.io/owner-kind":"MachineSet","cluster.x-k8s.io/owner-name":"rc-k8s-1-rc-w1-685777789c","csi.volume.kubernetes.io/nodeid":"{\"driver.longhorn.io\":\"rc-k8s-1-rc-w1-489d6c2c-kjqgx\"}","etcd.rke2.cattle.io/node-address":"172.31.44.233","etcd.rke2.cattle.io/node-name":"rc-k8s-1-rc-w1-489d6c2c-kjqgx-25644bc7","management.cattle.io/pod-limits":"{\"cpu\":\"100m\",\"memory\":\"128Mi\"}","management.cattle.io/pod-requests":"{\"cpu\":\"2260m\",\"memory\":\"2394Mi\",\"pods\":\"23\"}","node.alpha.kubernetes.io/ttl":"0","projectcalico.org/IPv4Address":"172.31.44.233/20","projectcalico.org/IPv4VXLANTunnelAddr":"10.42.248.128","rke2.io/encryption-config-hash":"start-bc6d0eee2b486df4adf1559b2d217cc34298307bc76f09c94851f1f2e6c97fde","rke2.io/external-ip":"54.178.93.176","rke2.io/hostname":"rc-k8s-1-rc-w1-489d6c2c-kjqgx","rke2.io/internal-ip":"172.31.44.233","rke2.io/node-args":"[\"server\",\"--advertise-address\",\"172.31.44.233\",\"--agent-token\",\"********\",\"--cni\",\"calico\",\"--disable-kube-proxy\",\"false\",\"--etcd-expose-metrics\",\"false\",\"--etcd-snapshot-retention\",\"5\",\"--etcd-snapshot-schedule-cron\",\"0 */5 * * *\",\"--kube-controller-manager-arg\",\"cert-dir=/var/lib/rancher/rke2/server/tls/kube-controller-manager\",\"--kube-controller-manager-arg\",\"secure-port=10257\",\"--kube-controller-manager-extra-mount\",\"/var/lib/rancher/rke2/server/tls/kube-controller-manager:/var/lib/rancher/rke2/server/tls/kube-controller-manager\",\"--kube-scheduler-arg\",\"cert-dir=/var/lib/rancher/rke2/server/tls/kube-scheduler\",\"--kube-scheduler-arg\",\"secure-port=10259\",\"--kube-scheduler-extra-mount\",\"/var/lib/rancher/rke2/server/tls/kube-scheduler:/var/lib/rancher/rke2/server/tls/kube-scheduler\",\"--node-external-ip\",\"54.178.93.176\",\"--node-ip\",\"172.31.44.233\",\"--node-label\",\"rke.cattle.io/machine=fe774796-f9ca-43b8-ae88-e3951dc67419\",\"--private-registry\",\"/etc/rancher/rke2/registries.yaml\",\"--protect-kernel-defaults\",\"false\",\"--server\",\"https://172.31.40.82:9345\",\"--tls-san\",\"54.178.93.176\",\"--token\",\"********\"]","rke2.io/node-config-hash":"BQGYNINUK75DS2GU3J5H7EVMW6T7WP6ZI7WEYHL35JX6VSOSIP7Q====","rke2.io/node-env":"{}","volumes.kubernetes.io/controller-managed-attach-detach":"true"},"finalizers":["wrangler.cattle.io/node","wrangler.cattle.io/managed-etcd-controller"],"managedFields":[{"manager":"ancient-changes","operation":"Update","apiVersion":"v1","time":"2023-05-10T00:41:24Z","fieldsType":"FieldsV1","fieldsV1":{"f:metadata":{"f:annotations":{"f:rke2.io/external-ip":{},"f:rke2.io/hostname":{},"f:rke2.io/internal-ip":{},"f:rke2.io/node-args":{},"f:rke2.io/node-config-hash":{},"f:rke2.io/node-env":{}},"f:finalizers":{".":{},"v:\"wrangler.cattle.io/managed-etcd-controller\"":{},"v:\"wrangler.cattle.io/node\"":{}}}}},{"manager":"cloud-controller-manager","operation":"Update","apiVersion":"v1","time":"2023-05-10T00:41:25Z","fieldsType":"FieldsV1","fieldsV1":{"f:status":{"f:addresses":{"k:{\"type\":\"ExternalIP\"}":{".":{},"f:address":{},"f:type":{}}}}}},{"manager":"deploy@rc-k8s-1-rc-w1-489d6c2c-kjqgx","operation":"Update","apiVersion":"v1","time":"2023-05-10T00:41:33Z","fieldsType":"FieldsV1","fieldsV1":{"f:metadata":{"f:annotations":{"f:etcd.rke2.cattle.io/node-address":{},"f:etcd.rke2.cattle.io/node-name":{},"f:rke2.io/encryption-config-hash":{}},"f:labels":{"f:node-role.kubernetes.io/control-plane":{},"f:node-role.kubernetes.io/etcd":{},"f:node-role.kubernetes.io/master":{}}}}},{"manager":"system-upgrade-controller","operation":"Update","apiVersion":"v1","time":"2023-05-10T00:42:10Z","fieldsType":"FieldsV1","fieldsV1":{"f:metadata":{"f:labels":{"f:plan.upgrade.cattle.io/system-agent-upgrader":{}}}}},{"manager":"kube-controller-manager","operation":"Update","apiVersion":"v1","time":"2023-05-10T00:42:24Z","fieldsType":"FieldsV1","fieldsV1":{"f:metadata":{"f:annotations":{"f:node.alpha.kubernetes.io/ttl":{}}},"f:spec":{"f:podCIDR":{},"f:podCIDRs":{".":{},"v:\"10.42.1.0/24\"":{}}}}},{"manager":"rancher","operation":"Update","apiVersion":"v1","time":"2023-05-10T00:42:31Z","fieldsType":"FieldsV1","fieldsV1":{"f:metadata":{"f:annotations":{"f:cluster.x-k8s.io/cluster-name":{},"f:cluster.x-k8s.io/cluster-namespace":{},"f:cluster.x-k8s.io/machine":{},"f:cluster.x-k8s.io/owner-kind":{},"f:cluster.x-k8s.io/owner-name":{}},"f:labels":{"f:node-role.kubernetes.io/worker":{}}}}},{"manager":"calico-node","operation":"Update","apiVersion":"v1","time":"2023-05-10T00:42:35Z","fieldsType":"FieldsV1","fieldsV1":{"f:metadata":{"f:annotations":{"f:projectcalico.org/IPv4Address":{},"f:projectcalico.org/IPv4VXLANTunnelAddr":{}}},"f:status":{"f:conditions":{"k:{\"type\":\"NetworkUnavailable\"}":{".":{},"f:lastHeartbeatTime":{},"f:lastTransitionTime":{},"f:message":{},"f:reason":{},"f:status":{},"f:type":{}}}}}},{"manager":"kubelet","operation":"Update","apiVersion":"v1","time":"2023-05-10T00:52:46Z","fieldsType":"FieldsV1","fieldsV1":{"f:metadata":{"f:annotations":{"f:csi.volume.kubernetes.io/nodeid":{}}},"f:status":{"f:conditions":{"k:{\"type\":\"Ready\"}":{"f:lastTransitionTime":{},"f:message":{},"f:reason":{},"f:status":{}}},"f:images":{}}}},{"manager":"agent","operation":"Update","apiVersion":"v1","time":"2023-05-10T01:02:39Z","fieldsType":"FieldsV1","fieldsV1":{"f:metadata":{"f:annotations":{"f:management.cattle.io/pod-limits":{},"f:management.cattle.io/pod-requests":{}}}}},{"manager":"kubelet","operation":"Update","apiVersion":"v1","time":"2023-05-10T02:04:14Z","fieldsType":"FieldsV1","fieldsV1":{"f:status":{"f:conditions":{"k:{\"type\":\"DiskPressure\"}":{"f:lastHeartbeatTime":{}},"k:{\"type\":\"MemoryPressure\"}":{"f:lastHeartbeatTime":{}},"k:{\"type\":\"PIDPressure\"}":{"f:lastHeartbeatTime":{}},"k:{\"type\":\"Ready\"}":{"f:lastHeartbeatTime":{}}}}},"subresource":"status"}]},"spec":{"podCIDR":"10.42.1.0/24","podCIDRs":["10.42.1.0/24"],"providerID":"rke2://rc-k8s-1-rc-w1-489d6c2c-kjqgx"},"status":{"capacity":{"cpu":"4","ephemeral-storage":"101583780Ki","hugepages-1Gi":"0","hugepages-2Mi":"0","memory":"16396012Ki","pods":"110"},"allocatable":{"cpu":"4","ephemeral-storage":"98820701107","hugepages-1Gi":"0","hugepages-2Mi":"0","memory":"16396012Ki","pods":"110"},"conditions":[{"type":"NetworkUnavailable","status":"False","lastHeartbeatTime":"2023-05-10T00:42:34Z","lastTransitionTime":"2023-05-10T00:42:34Z","reason":"CalicoIsUp","message":"Calico is running on this node"},{"type":"MemoryPressure","status":"False","lastHeartbeatTime":"2023-05-10T02:04:14Z","lastTransitionTime":"2023-05-10T00:41:21Z","reason":"KubeletHasSufficientMemory","message":"kubelet has sufficient memory available"},{"type":"DiskPressure","status":"False","lastHeartbeatTime":"2023-05-10T02:04:14Z","lastTransitionTime":"2023-05-10T00:41:21Z","reason":"KubeletHasNoDiskPressure","message":"kubelet has no disk pressure"},{"type":"PIDPressure","status":"False","lastHeartbeatTime":"2023-05-10T02:04:14Z","lastTransitionTime":"2023-05-10T00:41:21Z","reason":"KubeletHasSufficientPID","message":"kubelet has sufficient PID available"},{"type":"Ready","status":"True","lastHeartbeatTime":"2023-05-10T02:04:14Z","lastTransitionTime":"2023-05-10T00:42:24Z","reason":"KubeletReady","message":"kubelet is posting ready status. AppArmor enabled"}],"addresses":[{"type":"InternalIP","address":"172.31.44.233"},{"type":"ExternalIP","address":"54.178.93.176"},{"type":"Hostname","address":"rc-k8s-1-rc-w1-489d6c2c-kjqgx"}],"daemonEndpoints":{"kubeletEndpoint":{"Port":10250}},"nodeInfo":{"machineID":"e3cb142076c24820815c7dbf468ba513","systemUUID":"ec20f474-7de3-d090-6d1c-cca60c158db4","bootID":"16a1015f-67fe-4a9e-8c79-ab0c268a2ba1","kernelVersion":"5.4.0-1041-aws","osImage":"Ubuntu 20.04.2 LTS","containerRuntimeVersion":"containerd://1.6.19-k3s1","kubeletVersion":"v1.25.9+rke2r1","kubeProxyVersion":"v1.25.9+rke2r1","operatingSystem":"linux","architecture":"amd64"},"images":[{"names":["docker.io/rancher/rancher-agent@sha256:64893bc04d326732e2d429abbd6d0f7f78ec1d34c65da011472174bbeff68359","docker.io/rancher/rancher-agent:v2.7.2"],"sizeBytes":385135091},{"names":["docker.io/rancher/nginx-ingress-controller@sha256:7804101a5cb8de407b1192e42ea0d6153ac2a71eb1765f63ca4af60a1dbe46f3","docker.io/rancher/nginx-ingress-controller:nginx-1.6.4-hardened4"],"sizeBytes":335533002},{"names":["docker.io/longhornio/longhorn-engine@sha256:e48ab7190283dc3e8e0435b51e5f568bce9d0f0963678c5f74f31a60810c8bc6","docker.io/longhornio/longhorn-engine:v1.4.1"],"sizeBytes":265973303},{"names":["docker.io/longhornio/longhorn-instance-manager@sha256:b61a23444217ce5f54f7d6f20643743bef69286e64305f841bb1bd93e1b0c7c0","docker.io/longhornio/longhorn-instance-manager:v1.4.1"],"sizeBytes":264748747},{"names":["docker.io/rancher/hardened-kubernetes@sha256:65ca990fe67f829c813324e5f5e5a66af5bdd878cc73fd6db5539857cc99ade8","docker.io/rancher/hardened-kubernetes:v1.25.9-rke2r1-build20230412"],"sizeBytes":243453990},{"names":["docker.io/longhornio/longhorn-manager@sha256:2dddeeae014b59b0287b9476144ad84d15fd259295f4ee067cffe15b6cfb3f9b","docker.io/longhornio/longhorn-manager:v1.4.1"],"sizeBytes":98066239},{"names":["docker.io/rancher/mirrored-calico-cni@sha256:5c9a4923bc31b2c7e1d155111644c4bd940e19f75d832faf15a617132116e8df","docker.io/rancher/mirrored-calico-cni:v3.25.0"],"sizeBytes":87984630},{"names":["docker.io/rancher/mirrored-calico-node@sha256:cc60816f11792b264c3f351ecea4b2dfdf02bdc0b19ff330df1ea9eb36fff675","docker.io/rancher/mirrored-calico-node:v3.25.0"],"sizeBytes":87185624},{"names":["docker.io/longhornio/longhorn-ui@sha256:281c6197e0a699ea2e1ea8f58f635fa2073dfbe245a1d4ade005b848ad2abda9","docker.io/longhornio/longhorn-ui:v1.4.1"],"sizeBytes":72147175},{"names":["docker.io/rancher/hardened-etcd@sha256:a17a257d4da7487ae5cec75beffa79b9b73cb14a527f7981e13f778bfdec7a64","docker.io/rancher/hardened-etcd:v3.5.7-k3s1-build20230406"],"sizeBytes":64440078},{"names":["docker.io/rancher/hardened-coredns@sha256:08366d74e793527dcfa08c5c4681b846893a43623f3162a4f8cdec438ad4788c","docker.io/rancher/hardened-coredns:v1.10.1-build20230406"],"sizeBytes":64321576},{"names":["docker.io/rancher/rke2-cloud-provider@sha256:e2d98791f28b7aed3ab99afb99b52310eb1a36844b9bc9c497ebce327e4c68d5","docker.io/rancher/rke2-cloud-provider:v1.26.3-build20230406"],"sizeBytes":63663048},{"names":["docker.io/rancher/mirrored-calico-typha@sha256:3d400ec4c1a8caa9740b8e51b7724584370264a800c30690ba2614c5b0fa18d3","docker.io/rancher/mirrored-calico-typha:v3.25.0"],"sizeBytes":28532876},{"names":["docker.io/rancher/system-agent@sha256:9bb6379007c4afd99948507f82f3b62a9c06ac889fe1baaae4ef0628249ceee3","docker.io/rancher/system-agent:v0.3.2-suc"],"sizeBytes":27695105},{"names":["docker.io/longhornio/csi-snapshotter@sha256:a3c71d6b1ecaefe69330312326b2ccf016a83af67e9b2bc2ad0685dc388c35df","docker.io/longhornio/csi-snapshotter:v5.0.1"],"sizeBytes":22163656},{"names":["docker.io/longhornio/csi-attacher@sha256:365b6e745404cf3eb39ee9bcc55b1af3c4f5357e44dddd0270c3cbb06b252a64","docker.io/longhornio/csi-attacher:v3.4.0"],"sizeBytes":22084988},{"names":["docker.io/longhornio/csi-resizer@sha256:5ce3edf2ab0167a76d09d949a644677ec42428e2b735f6ebabab76a2b3432475","docker.io/longhornio/csi-resizer:v1.3.0"],"sizeBytes":21671030},{"names":["docker.io/longhornio/csi-provisioner@sha256:daa7828fd45897fdeec17d6e987bc54cdc0a0928a7ba6b62d8f8496d6aa5d3be","docker.io/longhornio/csi-provisioner:v2.1.2"],"sizeBytes":21220203},{"names":["docker.io/longhornio/csi-node-driver-registrar@sha256:b3288cdcb832c30acc90f0d6363fc681880f46448f0175078bbd07f2a178634e","docker.io/longhornio/csi-node-driver-registrar:v2.5.0"],"sizeBytes":9132327},{"names":["docker.io/longhornio/livenessprobe@sha256:4a8917674f9eb175ad7d9339d8a5bc0f6f1376612f9abfc3854e7e7282bde75d","docker.io/longhornio/livenessprobe:v2.8.0"],"sizeBytes":8892153},{"names":["docker.io/rancher/mirrored-calico-pod2daemon-flexvol@sha256:8002b7917f98bd34b1194a5be9acf6c3244dc717cb2c0f5df927fc9a6d52bfaf","docker.io/rancher/mirrored-calico-pod2daemon-flexvol:v3.25.0"],"sizeBytes":7075735},{"names":["docker.io/rancher/pause@sha256:036d575e82945c112ef84e4585caff3648322a2f9ed4c3a6ce409dd10abc4f34","docker.io/rancher/pause:3.6"],"sizeBytes":299396}]}},{"metadata":{"name":"rc-k8s-1-rc-w1-489d6c2c-v5rhc","uid":"b61c99c4-5569-49d5-85e3-8e9624723344","resourceVersion":"45684","creationTimestamp":"2023-05-10T00:36:52Z","labels":{"beta.kubernetes.io/arch":"amd64","beta.kubernetes.io/instance-type":"rke2","beta.kubernetes.io/os":"linux","kubernetes.io/arch":"amd64","kubernetes.io/hostname":"rc-k8s-1-rc-w1-489d6c2c-v5rhc","kubernetes.io/os":"linux","node-role.kubernetes.io/control-plane":"true","node-role.kubernetes.io/etcd":"true","node-role.kubernetes.io/master":"true","node-role.kubernetes.io/worker":"true","node.kubernetes.io/instance-type":"rke2","plan.upgrade.cattle.io/system-agent-upgrader":"7dbfe3bc7aa1f9e217597840afda8c191bdef89403968ed04de99eec","rke.cattle.io/machine":"9ad2bb9c-932e-4732-82f6-c84aa4b95ae8"},"annotations":{"cluster.x-k8s.io/cluster-name":"rc-k8s-1","cluster.x-k8s.io/cluster-namespace":"fleet-default","cluster.x-k8s.io/machine":"rc-k8s-1-rc-w1-685777789c-ct26w","cluster.x-k8s.io/owner-kind":"MachineSet","cluster.x-k8s.io/owner-name":"rc-k8s-1-rc-w1-685777789c","csi.volume.kubernetes.io/nodeid":"{\"driver.longhorn.io\":\"rc-k8s-1-rc-w1-489d6c2c-v5rhc\"}","etcd.rke2.cattle.io/node-address":"172.31.40.82","etcd.rke2.cattle.io/node-name":"rc-k8s-1-rc-w1-489d6c2c-v5rhc-39219a19","management.cattle.io/pod-limits":"{\"cpu\":\"200m\",\"memory\":\"192Mi\"}","management.cattle.io/pod-requests":"{\"cpu\":\"2285m\",\"memory\":\"2410Mi\",\"pods\":\"28\"}","node.alpha.kubernetes.io/ttl":"0","projectcalico.org/IPv4Address":"172.31.40.82/20","projectcalico.org/IPv4VXLANTunnelAddr":"10.42.63.64","rke2.io/encryption-config-hash":"start-bc6d0eee2b486df4adf1559b2d217cc34298307bc76f09c94851f1f2e6c97fde","rke2.io/external-ip":"43.206.230.44","rke2.io/hostname":"rc-k8s-1-rc-w1-489d6c2c-v5rhc","rke2.io/internal-ip":"172.31.40.82","rke2.io/node-args":"[\"server\",\"--advertise-address\",\"172.31.40.82\",\"--agent-token\",\"********\",\"--cni\",\"calico\",\"--disable-kube-proxy\",\"false\",\"--etcd-expose-metrics\",\"false\",\"--etcd-snapshot-retention\",\"5\",\"--etcd-snapshot-schedule-cron\",\"0 */5 * * *\",\"--kube-controller-manager-arg\",\"cert-dir=/var/lib/rancher/rke2/server/tls/kube-controller-manager\",\"--kube-controller-manager-arg\",\"secure-port=10257\",\"--kube-controller-manager-extra-mount\",\"/var/lib/rancher/rke2/server/tls/kube-controller-manager:/var/lib/rancher/rke2/server/tls/kube-controller-manager\",\"--kube-scheduler-arg\",\"cert-dir=/var/lib/rancher/rke2/server/tls/kube-scheduler\",\"--kube-scheduler-arg\",\"secure-port=10259\",\"--kube-scheduler-extra-mount\",\"/var/lib/rancher/rke2/server/tls/kube-scheduler:/var/lib/rancher/rke2/server/tls/kube-scheduler\",\"--node-external-ip\",\"43.206.230.44\",\"--node-ip\",\"172.31.40.82\",\"--node-label\",\"rke.cattle.io/machine=9ad2bb9c-932e-4732-82f6-c84aa4b95ae8\",\"--private-registry\",\"/etc/rancher/rke2/registries.yaml\",\"--protect-kernel-defaults\",\"false\",\"--tls-san\",\"43.206.230.44\",\"--token\",\"********\"]","rke2.io/node-config-hash":"YYRWXSRLND7TZA4LC5WS6NCJSCJYB7R72Y4HROQ6W5TWDUOAF2SA====","rke2.io/node-env":"{}","volumes.kubernetes.io/controller-managed-attach-detach":"true"},"finalizers":["wrangler.cattle.io/node","wrangler.cattle.io/managed-etcd-controller"],"managedFields":[{"manager":"rke2","operation":"Update","apiVersion":"v1","time":"2023-05-10T00:36:54Z","fieldsType":"FieldsV1","fieldsV1":{"f:metadata":{"f:annotations":{"f:rke2.io/external-ip":{},"f:rke2.io/hostname":{},"f:rke2.io/internal-ip":{},"f:rke2.io/node-args":{},"f:rke2.io/node-config-hash":{},"f:rke2.io/node-env":{}}}}},{"manager":"cloud-controller-manager","operation":"Update","apiVersion":"v1","time":"2023-05-10T00:36:57Z","fieldsType":"FieldsV1","fieldsV1":{"f:status":{"f:addresses":{"k:{\"type\":\"ExternalIP\"}":{".":{},"f:address":{},"f:type":{}}}}}},{"manager":"deploy@rc-k8s-1-rc-w1-489d6c2c-v5rhc","operation":"Update","apiVersion":"v1","time":"2023-05-10T00:36:59Z","fieldsType":"FieldsV1","fieldsV1":{"f:metadata":{"f:annotations":{"f:etcd.rke2.cattle.io/node-address":{},"f:etcd.rke2.cattle.io/node-name":{},"f:rke2.io/encryption-config-hash":{}},"f:finalizers":{".":{},"v:\"wrangler.cattle.io/managed-etcd-controller\"":{},"v:\"wrangler.cattle.io/node\"":{}},"f:labels":{"f:node-role.kubernetes.io/control-plane":{},"f:node-role.kubernetes.io/etcd":{},"f:node-role.kubernetes.io/master":{}}}}},{"manager":"kube-controller-manager","operation":"Update","apiVersion":"v1","time":"2023-05-10T00:37:08Z","fieldsType":"FieldsV1","fieldsV1":{"f:metadata":{"f:annotations":{"f:node.alpha.kubernetes.io/ttl":{}}},"f:spec":{"f:podCIDR":{},"f:podCIDRs":{".":{},"v:\"10.42.0.0/24\"":{}}}}},{"manager":"calico-node","operation":"Update","apiVersion":"v1","time":"2023-05-10T00:38:25Z","fieldsType":"FieldsV1","fieldsV1":{"f:metadata":{"f:annotations":{"f:projectcalico.org/IPv4Address":{},"f:projectcalico.org/IPv4VXLANTunnelAddr":{}}},"f:status":{"f:conditions":{"k:{\"type\":\"NetworkUnavailable\"}":{".":{},"f:lastHeartbeatTime":{},"f:lastTransitionTime":{},"f:message":{},"f:reason":{},"f:status":{},"f:type":{}}}}}},{"manager":"rancher","operation":"Update","apiVersion":"v1","time":"2023-05-10T00:39:59Z","fieldsType":"FieldsV1","fieldsV1":{"f:metadata":{"f:annotations":{"f:cluster.x-k8s.io/cluster-name":{},"f:cluster.x-k8s.io/cluster-namespace":{},"f:cluster.x-k8s.io/machine":{},"f:cluster.x-k8s.io/owner-kind":{},"f:cluster.x-k8s.io/owner-name":{}},"f:labels":{"f:node-role.kubernetes.io/worker":{}}}}},{"manager":"system-upgrade-controller","operation":"Update","apiVersion":"v1","time":"2023-05-10T00:41:41Z","fieldsType":"FieldsV1","fieldsV1":{"f:metadata":{"f:labels":{"f:plan.upgrade.cattle.io/system-agent-upgrader":{}}}}},{"manager":"kubelet","operation":"Update","apiVersion":"v1","time":"2023-05-10T00:52:46Z","fieldsType":"FieldsV1","fieldsV1":{"f:metadata":{"f:annotations":{"f:csi.volume.kubernetes.io/nodeid":{}}},"f:status":{"f:images":{}}}},{"manager":"agent","operation":"Update","apiVersion":"v1","time":"2023-05-10T01:02:39Z","fieldsType":"FieldsV1","fieldsV1":{"f:metadata":{"f:annotations":{"f:management.cattle.io/pod-limits":{},"f:management.cattle.io/pod-requests":{}}}}},{"manager":"kubelet","operation":"Update","apiVersion":"v1","time":"2023-05-10T02:04:09Z","fieldsType":"FieldsV1","fieldsV1":{"f:status":{"f:conditions":{"k:{\"type\":\"DiskPressure\"}":{"f:lastHeartbeatTime":{}},"k:{\"type\":\"MemoryPressure\"}":{"f:lastHeartbeatTime":{}},"k:{\"type\":\"PIDPressure\"}":{"f:lastHeartbeatTime":{}},"k:{\"type\":\"Ready\"}":{"f:lastHeartbeatTime":{}}}}},"subresource":"status"}]},"spec":{"podCIDR":"10.42.0.0/24","podCIDRs":["10.42.0.0/24"],"providerID":"rke2://rc-k8s-1-rc-w1-489d6c2c-v5rhc"},"status":{"capacity":{"cpu":"4","ephemeral-storage":"101583780Ki","hugepages-1Gi":"0","hugepages-2Mi":"0","memory":"16396012Ki","pods":"110"},"allocatable":{"cpu":"4","ephemeral-storage":"98820701107","hugepages-1Gi":"0","hugepages-2Mi":"0","memory":"16396012Ki","pods":"110"},"conditions":[{"type":"NetworkUnavailable","status":"False","lastHeartbeatTime":"2023-05-10T00:38:24Z","lastTransitionTime":"2023-05-10T00:38:24Z","reason":"CalicoIsUp","message":"Calico is running on this node"},{"type":"MemoryPressure","status":"False","lastHeartbeatTime":"2023-05-10T02:04:09Z","lastTransitionTime":"2023-05-10T00:36:52Z","reason":"KubeletHasSufficientMemory","message":"kubelet has sufficient memory available"},{"type":"DiskPressure","status":"False","lastHeartbeatTime":"2023-05-10T02:04:09Z","lastTransitionTime":"2023-05-10T00:36:52Z","reason":"KubeletHasNoDiskPressure","message":"kubelet has no disk pressure"},{"type":"PIDPressure","status":"False","lastHeartbeatTime":"2023-05-10T02:04:09Z","lastTransitionTime":"2023-05-10T00:36:52Z","reason":"KubeletHasSufficientPID","message":"kubelet has sufficient PID available"},{"type":"Ready","status":"True","lastHeartbeatTime":"2023-05-10T02:04:09Z","lastTransitionTime":"2023-05-10T00:38:14Z","reason":"KubeletReady","message":"kubelet is posting ready status. AppArmor enabled"}],"addresses":[{"type":"InternalIP","address":"172.31.40.82"},{"type":"ExternalIP","address":"43.206.230.44"},{"type":"Hostname","address":"rc-k8s-1-rc-w1-489d6c2c-v5rhc"}],"daemonEndpoints":{"kubeletEndpoint":{"Port":10250}},"nodeInfo":{"machineID":"d6149438a53a4705b1a70a17b8ba4d00","systemUUID":"ec2ed5a9-c2e6-a801-c3bf-7d81f402b07b","bootID":"299b29bc-96d6-4398-a6b4-ab02f3dcaf1a","kernelVersion":"5.4.0-1041-aws","osImage":"Ubuntu 20.04.2 LTS","containerRuntimeVersion":"containerd://1.6.19-k3s1","kubeletVersion":"v1.25.9+rke2r1","kubeProxyVersion":"v1.25.9+rke2r1","operatingSystem":"linux","architecture":"amd64"},"images":[{"names":["docker.io/rancher/rancher-agent@sha256:64893bc04d326732e2d429abbd6d0f7f78ec1d34c65da011472174bbeff68359","docker.io/rancher/rancher-agent:v2.7.2"],"sizeBytes":385135091},{"names":["docker.io/rancher/nginx-ingress-controller@sha256:7804101a5cb8de407b1192e42ea0d6153ac2a71eb1765f63ca4af60a1dbe46f3","docker.io/rancher/nginx-ingress-controller:nginx-1.6.4-hardened4"],"sizeBytes":335533002},{"names":["docker.io/longhornio/longhorn-engine@sha256:e48ab7190283dc3e8e0435b51e5f568bce9d0f0963678c5f74f31a60810c8bc6","docker.io/longhornio/longhorn-engine:v1.4.1"],"sizeBytes":265973303},{"names":["docker.io/longhornio/longhorn-instance-manager@sha256:b61a23444217ce5f54f7d6f20643743bef69286e64305f841bb1bd93e1b0c7c0","docker.io/longhornio/longhorn-instance-manager:v1.4.1"],"sizeBytes":264748747},{"names":["docker.io/rancher/hardened-kubernetes@sha256:65ca990fe67f829c813324e5f5e5a66af5bdd878cc73fd6db5539857cc99ade8","docker.io/rancher/hardened-kubernetes:v1.25.9-rke2r1-build20230412"],"sizeBytes":243453990},{"names":["docker.io/rancher/shell@sha256:5aeaedb31fbf32f0b63991f3c30f49460d3190bcea984018ba006fa9e3becb7e","docker.io/rancher/shell:v0.1.19"],"sizeBytes":116933143},{"names":["docker.io/rancher/fleet-agent@sha256:f960d33a73ab1688190ba19911ebdc36084b5fe5ad04fbe3e43ae5055b2a65b4","docker.io/rancher/fleet-agent:v0.6.0"],"sizeBytes":112440540},{"names":["docker.io/longhornio/longhorn-manager@sha256:2dddeeae014b59b0287b9476144ad84d15fd259295f4ee067cffe15b6cfb3f9b","docker.io/longhornio/longhorn-manager:v1.4.1"],"sizeBytes":98066239},{"names":["docker.io/rancher/klipper-helm@sha256:556fd6cea3e2a648b1716a49836571533f574deee438242bc501560f566fe43f","docker.io/rancher/klipper-helm:v0.7.6-build20230223"],"sizeBytes":90708576},{"names":["docker.io/rancher/mirrored-calico-cni@sha256:5c9a4923bc31b2c7e1d155111644c4bd940e19f75d832faf15a617132116e8df","docker.io/rancher/mirrored-calico-cni:v3.25.0"],"sizeBytes":87984630},{"names":["docker.io/rancher/mirrored-calico-node@sha256:cc60816f11792b264c3f351ecea4b2dfdf02bdc0b19ff330df1ea9eb36fff675","docker.io/rancher/mirrored-calico-node:v3.25.0"],"sizeBytes":87185624},{"names":["docker.io/rancher/hardened-etcd@sha256:a17a257d4da7487ae5cec75beffa79b9b73cb14a527f7981e13f778bfdec7a64","docker.io/rancher/hardened-etcd:v3.5.7-k3s1-build20230406"],"sizeBytes":64440078},{"names":["docker.io/rancher/hardened-coredns@sha256:08366d74e793527dcfa08c5c4681b846893a43623f3162a4f8cdec438ad4788c","docker.io/rancher/hardened-coredns:v1.10.1-build20230406"],"sizeBytes":64321576},{"names":["docker.io/rancher/hardened-k8s-metrics-server@sha256:8ec972dd2a8897a4c1760ac7d641662f8488441b987059548e525e95d8a6fa4a","docker.io/rancher/hardened-k8s-metrics-server:v0.6.2-build20221202"],"sizeBytes":64064552},{"names":["docker.io/rancher/rke2-cloud-provider@sha256:e2d98791f28b7aed3ab99afb99b52310eb1a36844b9bc9c497ebce327e4c68d5","docker.io/rancher/rke2-cloud-provider:v1.26.3-build20230406"],"sizeBytes":63663048},{"names":["docker.io/rancher/hardened-cluster-autoscaler@sha256:b43ea2932c0cb9f8a496aefd323fa1fd92453e1179bd1bfa41d8e4a183b1d5bd","docker.io/rancher/hardened-cluster-autoscaler:v1.8.6-build20230406"],"sizeBytes":58228601},{"names":["docker.io/rancher/mirrored-calico-kube-controllers@sha256:674a3a4de2e3c3fb17563dcf0f460a19f4d8bd6e735326b94bc01e706d4dc2f1","docker.io/rancher/mirrored-calico-kube-controllers:v3.25.0"],"sizeBytes":31271490},{"names":["docker.io/rancher/mirrored-calico-typha@sha256:3d400ec4c1a8caa9740b8e51b7724584370264a800c30690ba2614c5b0fa18d3","docker.io/rancher/mirrored-calico-typha:v3.25.0"],"sizeBytes":28532876},{"names":["docker.io/rancher/system-agent@sha256:9bb6379007c4afd99948507f82f3b62a9c06ac889fe1baaae4ef0628249ceee3","docker.io/rancher/system-agent:v0.3.2-suc"],"sizeBytes":27695105},{"names":["docker.io/rancher/rancher-webhook@sha256:b231cccb0ff9e28962e1cfea1c53c118be5041728a7aa163131ffd937f4d8093","docker.io/rancher/rancher-webhook:v0.3.2"],"sizeBytes":25024980},{"names":["docker.io/rancher/mirrored-sig-storage-snapshot-controller@sha256:8776214c491da926a9a808b4ad832c297262defeb2d736240ebed4be8d9f3512","docker.io/rancher/mirrored-sig-storage-snapshot-controller:v6.2.1"],"sizeBytes":24225718},{"names":["docker.io/longhornio/csi-snapshotter@sha256:a3c71d6b1ecaefe69330312326b2ccf016a83af67e9b2bc2ad0685dc388c35df","docker.io/longhornio/csi-snapshotter:v5.0.1"],"sizeBytes":22163656},{"names":["docker.io/longhornio/csi-attacher@sha256:365b6e745404cf3eb39ee9bcc55b1af3c4f5357e44dddd0270c3cbb06b252a64","docker.io/longhornio/csi-attacher:v3.4.0"],"sizeBytes":22084988},{"names":["docker.io/longhornio/csi-resizer@sha256:5ce3edf2ab0167a76d09d949a644677ec42428e2b735f6ebabab76a2b3432475","docker.io/longhornio/csi-resizer:v1.3.0"],"sizeBytes":21671030},{"names":["docker.io/longhornio/csi-provisioner@sha256:daa7828fd45897fdeec17d6e987bc54cdc0a0928a7ba6b62d8f8496d6aa5d3be","docker.io/longhornio/csi-provisioner:v2.1.2"],"sizeBytes":21220203},{"names":["docker.io/rancher/mirrored-calico-operator@sha256:a12fbc37db91ad8642459b64daba06ab2502b3e2ce8cb105e5c4fa354d3617ed","docker.io/rancher/mirrored-calico-operator:v1.29.0"],"sizeBytes":21108585},{"names":["docker.io/rancher/mirrored-sig-storage-snapshot-validation-webhook@sha256:0f11f3ce9c91c259b7f5f34b3d64a47a14ac297f3af3379f6386e01b6dd2ef00","docker.io/rancher/mirrored-sig-storage-snapshot-validation-webhook:v6.2.1"],"sizeBytes":21022755},{"names":["docker.io/rancher/mirrored-ingress-nginx-kube-webhook-certgen@sha256:25af4d737af79a08200df23208de4fa613efd2daba6801b559447f1f6b048714","docker.io/rancher/mirrored-ingress-nginx-kube-webhook-certgen:v20230312-helm-chart-4.5.2-28-g66a760794"],"sizeBytes":20111940},{"names":["docker.io/longhornio/csi-node-driver-registrar@sha256:b3288cdcb832c30acc90f0d6363fc681880f46448f0175078bbd07f2a178634e","docker.io/longhornio/csi-node-driver-registrar:v2.5.0"],"sizeBytes":9132327},{"names":["docker.io/longhornio/livenessprobe@sha256:4a8917674f9eb175ad7d9339d8a5bc0f6f1376612f9abfc3854e7e7282bde75d","docker.io/longhornio/livenessprobe:v2.8.0"],"sizeBytes":8892153},{"names":["docker.io/rancher/system-upgrade-controller@sha256:f4dcde2abcaa21b72247a13bb4c063e40e9803e18a9d5bb3f38038f628cb10ff","docker.io/rancher/system-upgrade-controller:v0.10.0"],"sizeBytes":8592158},{"names":["docker.io/rancher/mirrored-calico-pod2daemon-flexvol@sha256:8002b7917f98bd34b1194a5be9acf6c3244dc717cb2c0f5df927fc9a6d52bfaf","docker.io/rancher/mirrored-calico-pod2daemon-flexvol:v3.25.0"],"sizeBytes":7075735},{"names":["docker.io/rancher/pause@sha256:036d575e82945c112ef84e4585caff3648322a2f9ed4c3a6ce409dd10abc4f34","docker.io/rancher/pause:3.6"],"sizeBytes":299396}]}}]}
</msg>
<msg timestamp="20230510 10:07:14.116" level="DEBUG">response body: {"apiVersion":"longhorn.io/v1beta2","kind":"Volume","metadata":{"creationTimestamp":"2023-05-10T02:07:13Z","finalizers":["longhorn.io"],"generation":3,"labels":{"longhornvolume":"vol-my3lwt","recurring-job-group.longhorn.io/default":"enabled","setting.longhorn.io/remove-snapshots-during-filesystem-trim":"ignored","setting.longhorn.io/replica-auto-balance":"ignored","setting.longhorn.io/snapshot-data-integrity":"ignored"},"managedFields":[{"apiVersion":"longhorn.io/v1beta2","fieldsType":"FieldsV1","fieldsV1":{"f:metadata":{"f:labels":{"f:recurring-job-group.longhorn.io/default":{}}},"f:spec":{"f:Standby":{},"f:backingImage":{},"f:baseImage":{},"f:dataSource":{},"f:disableFrontend":{},"f:encrypted":{},"f:fromBackup":{},"f:lastAttachedBy":{},"f:migratable":{},"f:migrationNodeID":{},"f:revisionCounterDisabled":{},"f:staleReplicaTimeout":{}}},"manager":"longhorn-manager","operation":"Update","time":"2023-05-10T02:07:13Z"},{"apiVersion":"longhorn.io/v1beta2","fieldsType":"FieldsV1","fieldsV1":{"f:status":{".":{},"f:actualSize":{},"f:cloneStatus":{".":{},"f:snapshot":{},"f:sourceVolume":{},"f:state":{}},"f:conditions":{},"f:currentImage":{},"f:currentNodeID":{},"f:expansionRequired":{},"f:frontendDisabled":{},"f:isStandby":{},"f:kubernetesStatus":{".":{},"f:lastPVCRefAt":{},"f:lastPodRefAt":{},"f:namespace":{},"f:pvName":{},"f:pvStatus":{},"f:pvcName":{},"f:workloadsStatus":{}},"f:lastBackup":{},"f:lastBackupAt":{},"f:lastDegradedAt":{},"f:ownerID":{},"f:pendingNodeID":{},"f:remountRequestedAt":{},"f:restoreInitiated":{},"f:restoreRequired":{},"f:robustness":{},"f:shareEndpoint":{},"f:shareState":{},"f:state":{}}},"manager":"longhorn-manager","operation":"Update","subresource":"status","time":"2023-05-10T02:07:13Z"},{"apiVersion":"longhorn.io/v1beta2","fieldsType":"FieldsV1","fieldsV1":{"f:spec":{".":{},"f:accessMode":{},"f:frontend":{},"f:nodeID":{},"f:numberOfReplicas":{},"f:replicaAutoBalance":{},"f:size":{}}},"manager":"OpenAPI-Generator","operation":"Update","time":"2023-05-10T02:07:14Z"}],"name":"vol-my3lwt","namespace":"longhorn-system","resourceVersion":"47166","uid":"cd6642c6-58b4-46a9-80b2-c85eb2740dc9"},"spec":{"Standby":false,"accessMode":"rwo","backingImage":"","baseImage":"","dataLocality":"disabled","dataSource":"","disableFrontend":false,"diskSelector":[],"encrypted":false,"engineImage":"longhornio/longhorn-engine:v1.4.1","fromBackup":"","frontend":"blockdev","lastAttachedBy":"","migratable":false,"migrationNodeID":"","nodeID":"rc-k8s-1-rc-w1-489d6c2c-2sgjg","nodeSelector":[],"numberOfReplicas":3,"recurringJobs":[],"replicaAutoBalance":"ignored","restoreVolumeRecurringJob":"ignored","revisionCounterDisabled":false,"size":"1073741824","snapshotDataIntegrity":"ignored","staleReplicaTimeout":0,"unmapMarkSnapChainRemoved":"ignored"},"status":{"actualSize":0,"cloneStatus":{"snapshot":"","sourceVolume":"","state":""},"conditions":null,"currentImage":"","currentNodeID":"","expansionRequired":false,"frontendDisabled":false,"isStandby":false,"kubernetesStatus":{"lastPVCRefAt":"","lastPodRefAt":"","namespace":"","pvName":"","pvStatus":"","pvcName":"","workloadsStatus":null},"lastBackup":"","lastBackupAt":"","lastDegradedAt":"","ownerID":"rc-k8s-1-rc-w1-489d6c2c-2sgjg","pendingNodeID":"","remountRequestedAt":"","restoreInitiated":false,"restoreRequired":false,"robustness":"","shareEndpoint":"","shareState":"","state":""}}
</msg>
<msg timestamp="20230510 10:07:14.164" level="DEBUG">response body: {"apiVersion":"longhorn.io/v1beta2","kind":"Volume","metadata":{"creationTimestamp":"2023-05-10T02:07:13Z","finalizers":["longhorn.io"],"generation":3,"labels":{"longhornvolume":"vol-my3lwt","recurring-job-group.longhorn.io/default":"enabled","setting.longhorn.io/remove-snapshots-during-filesystem-trim":"ignored","setting.longhorn.io/replica-auto-balance":"ignored","setting.longhorn.io/snapshot-data-integrity":"ignored"},"managedFields":[{"apiVersion":"longhorn.io/v1beta2","fieldsType":"FieldsV1","fieldsV1":{"f:metadata":{"f:labels":{"f:recurring-job-group.longhorn.io/default":{}}},"f:spec":{"f:Standby":{},"f:backingImage":{},"f:baseImage":{},"f:dataSource":{},"f:disableFrontend":{},"f:encrypted":{},"f:fromBackup":{},"f:lastAttachedBy":{},"f:migratable":{},"f:migrationNodeID":{},"f:revisionCounterDisabled":{},"f:staleReplicaTimeout":{}}},"manager":"longhorn-manager","operation":"Update","time":"2023-05-10T02:07:13Z"},{"apiVersion":"longhorn.io/v1beta2","fieldsType":"FieldsV1","fieldsV1":{"f:status":{".":{},"f:actualSize":{},"f:cloneStatus":{".":{},"f:snapshot":{},"f:sourceVolume":{},"f:state":{}},"f:conditions":{},"f:currentImage":{},"f:currentNodeID":{},"f:expansionRequired":{},"f:frontendDisabled":{},"f:isStandby":{},"f:kubernetesStatus":{".":{},"f:lastPVCRefAt":{},"f:lastPodRefAt":{},"f:namespace":{},"f:pvName":{},"f:pvStatus":{},"f:pvcName":{},"f:workloadsStatus":{}},"f:lastBackup":{},"f:lastBackupAt":{},"f:lastDegradedAt":{},"f:ownerID":{},"f:pendingNodeID":{},"f:remountRequestedAt":{},"f:restoreInitiated":{},"f:restoreRequired":{},"f:robustness":{},"f:shareEndpoint":{},"f:shareState":{},"f:state":{}}},"manager":"longhorn-manager","operation":"Update","subresource":"status","time":"2023-05-10T02:07:13Z"},{"apiVersion":"longhorn.io/v1beta2","fieldsType":"FieldsV1","fieldsV1":{"f:spec":{".":{},"f:accessMode":{},"f:frontend":{},"f:nodeID":{},"f:numberOfReplicas":{},"f:replicaAutoBalance":{},"f:size":{}}},"manager":"OpenAPI-Generator","operation":"Update","time":"2023-05-10T02:07:14Z"}],"name":"vol-my3lwt","namespace":"longhorn-system","resourceVersion":"47166","uid":"cd6642c6-58b4-46a9-80b2-c85eb2740dc9"},"spec":{"Standby":false,"accessMode":"rwo","backingImage":"","baseImage":"","dataLocality":"disabled","dataSource":"","disableFrontend":false,"diskSelector":[],"encrypted":false,"engineImage":"longhornio/longhorn-engine:v1.4.1","fromBackup":"","frontend":"blockdev","lastAttachedBy":"","migratable":false,"migrationNodeID":"","nodeID":"rc-k8s-1-rc-w1-489d6c2c-2sgjg","nodeSelector":[],"numberOfReplicas":3,"recurringJobs":[],"replicaAutoBalance":"ignored","restoreVolumeRecurringJob":"ignored","revisionCounterDisabled":false,"size":"1073741824","snapshotDataIntegrity":"ignored","staleReplicaTimeout":0,"unmapMarkSnapChainRemoved":"ignored"},"status":{"actualSize":0,"cloneStatus":{"snapshot":"","sourceVolume":"","state":""},"conditions":null,"currentImage":"","currentNodeID":"","expansionRequired":false,"frontendDisabled":false,"isStandby":false,"kubernetesStatus":{"lastPVCRefAt":"","lastPodRefAt":"","namespace":"","pvName":"","pvStatus":"","pvcName":"","workloadsStatus":null},"lastBackup":"","lastBackupAt":"","lastDegradedAt":"","ownerID":"rc-k8s-1-rc-w1-489d6c2c-2sgjg","pendingNodeID":"","remountRequestedAt":"","restoreInitiated":false,"restoreRequired":false,"robustness":"","shareEndpoint":"","shareState":"","state":""}}
</msg>
<msg timestamp="20230510 10:07:14.213" level="DEBUG">response body: {"apiVersion":"longhorn.io/v1beta2","kind":"Volume","metadata":{"creationTimestamp":"2023-05-10T02:07:13Z","finalizers":["longhorn.io"],"generation":3,"labels":{"longhornvolume":"vol-my3lwt","recurring-job-group.longhorn.io/default":"enabled","setting.longhorn.io/remove-snapshots-during-filesystem-trim":"ignored","setting.longhorn.io/replica-auto-balance":"ignored","setting.longhorn.io/snapshot-data-integrity":"ignored"},"managedFields":[{"apiVersion":"longhorn.io/v1beta2","fieldsType":"FieldsV1","fieldsV1":{"f:metadata":{"f:labels":{"f:recurring-job-group.longhorn.io/default":{}}},"f:spec":{"f:Standby":{},"f:backingImage":{},"f:baseImage":{},"f:dataSource":{},"f:disableFrontend":{},"f:encrypted":{},"f:fromBackup":{},"f:lastAttachedBy":{},"f:migratable":{},"f:migrationNodeID":{},"f:revisionCounterDisabled":{},"f:staleReplicaTimeout":{}}},"manager":"longhorn-manager","operation":"Update","time":"2023-05-10T02:07:13Z"},{"apiVersion":"longhorn.io/v1beta2","fieldsType":"FieldsV1","fieldsV1":{"f:status":{".":{},"f:actualSize":{},"f:cloneStatus":{".":{},"f:snapshot":{},"f:sourceVolume":{},"f:state":{}},"f:conditions":{},"f:currentImage":{},"f:currentNodeID":{},"f:expansionRequired":{},"f:frontendDisabled":{},"f:isStandby":{},"f:kubernetesStatus":{".":{},"f:lastPVCRefAt":{},"f:lastPodRefAt":{},"f:namespace":{},"f:pvName":{},"f:pvStatus":{},"f:pvcName":{},"f:workloadsStatus":{}},"f:lastBackup":{},"f:lastBackupAt":{},"f:lastDegradedAt":{},"f:ownerID":{},"f:pendingNodeID":{},"f:remountRequestedAt":{},"f:restoreInitiated":{},"f:restoreRequired":{},"f:robustness":{},"f:shareEndpoint":{},"f:shareState":{},"f:state":{}}},"manager":"longhorn-manager","operation":"Update","subresource":"status","time":"2023-05-10T02:07:13Z"},{"apiVersion":"longhorn.io/v1beta2","fieldsType":"FieldsV1","fieldsV1":{"f:spec":{".":{},"f:accessMode":{},"f:frontend":{},"f:nodeID":{},"f:numberOfReplicas":{},"f:replicaAutoBalance":{},"f:size":{}}},"manager":"OpenAPI-Generator","operation":"Update","time":"2023-05-10T02:07:14Z"}],"name":"vol-my3lwt","namespace":"longhorn-system","resourceVersion":"47166","uid":"cd6642c6-58b4-46a9-80b2-c85eb2740dc9"},"spec":{"Standby":false,"accessMode":"rwo","backingImage":"","baseImage":"","dataLocality":"disabled","dataSource":"","disableFrontend":false,"diskSelector":[],"encrypted":false,"engineImage":"longhornio/longhorn-engine:v1.4.1","fromBackup":"","frontend":"blockdev","lastAttachedBy":"","migratable":false,"migrationNodeID":"","nodeID":"rc-k8s-1-rc-w1-489d6c2c-2sgjg","nodeSelector":[],"numberOfReplicas":3,"recurringJobs":[],"replicaAutoBalance":"ignored","restoreVolumeRecurringJob":"ignored","revisionCounterDisabled":false,"size":"1073741824","snapshotDataIntegrity":"ignored","staleReplicaTimeout":0,"unmapMarkSnapChainRemoved":"ignored"},"status":{"actualSize":0,"cloneStatus":{"snapshot":"","sourceVolume":"","state":""},"conditions":null,"currentImage":"","currentNodeID":"","expansionRequired":false,"frontendDisabled":false,"isStandby":false,"kubernetesStatus":{"lastPVCRefAt":"","lastPodRefAt":"","namespace":"","pvName":"","pvStatus":"","pvcName":"","workloadsStatus":null},"lastBackup":"","lastBackupAt":"","lastDegradedAt":"","ownerID":"rc-k8s-1-rc-w1-489d6c2c-2sgjg","pendingNodeID":"","remountRequestedAt":"","restoreInitiated":false,"restoreRequired":false,"robustness":"","shareEndpoint":"","shareState":"","state":""}}
</msg>
<msg timestamp="20230510 10:07:15.266" level="DEBUG">response body: {"apiVersion":"longhorn.io/v1beta2","kind":"Volume","metadata":{"creationTimestamp":"2023-05-10T02:07:13Z","finalizers":["longhorn.io"],"generation":3,"labels":{"longhornvolume":"vol-my3lwt","recurring-job-group.longhorn.io/default":"enabled","setting.longhorn.io/remove-snapshots-during-filesystem-trim":"ignored","setting.longhorn.io/replica-auto-balance":"ignored","setting.longhorn.io/snapshot-data-integrity":"ignored"},"managedFields":[{"apiVersion":"longhorn.io/v1beta2","fieldsType":"FieldsV1","fieldsV1":{"f:metadata":{"f:labels":{"f:recurring-job-group.longhorn.io/default":{}}},"f:spec":{"f:Standby":{},"f:backingImage":{},"f:baseImage":{},"f:dataSource":{},"f:disableFrontend":{},"f:encrypted":{},"f:fromBackup":{},"f:lastAttachedBy":{},"f:migratable":{},"f:migrationNodeID":{},"f:revisionCounterDisabled":{},"f:staleReplicaTimeout":{}}},"manager":"longhorn-manager","operation":"Update","time":"2023-05-10T02:07:13Z"},{"apiVersion":"longhorn.io/v1beta2","fieldsType":"FieldsV1","fieldsV1":{"f:spec":{".":{},"f:accessMode":{},"f:frontend":{},"f:nodeID":{},"f:numberOfReplicas":{},"f:replicaAutoBalance":{},"f:size":{}}},"manager":"OpenAPI-Generator","operation":"Update","time":"2023-05-10T02:07:14Z"},{"apiVersion":"longhorn.io/v1beta2","fieldsType":"FieldsV1","fieldsV1":{"f:status":{".":{},"f:actualSize":{},"f:cloneStatus":{".":{},"f:snapshot":{},"f:sourceVolume":{},"f:state":{}},"f:conditions":{},"f:currentImage":{},"f:currentNodeID":{},"f:expansionRequired":{},"f:frontendDisabled":{},"f:isStandby":{},"f:kubernetesStatus":{".":{},"f:lastPVCRefAt":{},"f:lastPodRefAt":{},"f:namespace":{},"f:pvName":{},"f:pvStatus":{},"f:pvcName":{},"f:workloadsStatus":{}},"f:lastBackup":{},"f:lastBackupAt":{},"f:lastDegradedAt":{},"f:ownerID":{},"f:pendingNodeID":{},"f:remountRequestedAt":{},"f:restoreInitiated":{},"f:restoreRequired":{},"f:robustness":{},"f:shareEndpoint":{},"f:shareState":{},"f:state":{}}},"manager":"longhorn-manager","operation":"Update","subresource":"status","time":"2023-05-10T02:07:14Z"}],"name":"vol-my3lwt","namespace":"longhorn-system","resourceVersion":"47189","uid":"cd6642c6-58b4-46a9-80b2-c85eb2740dc9"},"spec":{"Standby":false,"accessMode":"rwo","backingImage":"","baseImage":"","dataLocality":"disabled","dataSource":"","disableFrontend":false,"diskSelector":[],"encrypted":false,"engineImage":"longhornio/longhorn-engine:v1.4.1","fromBackup":"","frontend":"blockdev","lastAttachedBy":"","migratable":false,"migrationNodeID":"","nodeID":"rc-k8s-1-rc-w1-489d6c2c-2sgjg","nodeSelector":[],"numberOfReplicas":3,"recurringJobs":[],"replicaAutoBalance":"ignored","restoreVolumeRecurringJob":"ignored","revisionCounterDisabled":false,"size":"1073741824","snapshotDataIntegrity":"ignored","staleReplicaTimeout":0,"unmapMarkSnapChainRemoved":"ignored"},"status":{"actualSize":0,"cloneStatus":{"snapshot":"","sourceVolume":"","state":""},"conditions":[{"lastProbeTime":"","lastTransitionTime":"2023-05-10T02:07:14Z","message":"","reason":"","status":"False","type":"toomanysnapshots"},{"lastProbeTime":"","lastTransitionTime":"2023-05-10T02:07:14Z","message":"","reason":"","status":"True","type":"scheduled"}],"currentImage":"longhornio/longhorn-engine:v1.4.1","currentNodeID":"rc-k8s-1-rc-w1-489d6c2c-2sgjg","expansionRequired":false,"frontendDisabled":false,"isStandby":false,"kubernetesStatus":{"lastPVCRefAt":"","lastPodRefAt":"","namespace":"","pvName":"","pvStatus":"","pvcName":"","workloadsStatus":null},"lastBackup":"","lastBackupAt":"","lastDegradedAt":"","ownerID":"rc-k8s-1-rc-w1-489d6c2c-2sgjg","pendingNodeID":"","remountRequestedAt":"","restoreInitiated":false,"restoreRequired":false,"robustness":"","shareEndpoint":"","shareState":"","state":"attaching"}}
</msg>
<msg timestamp="20230510 10:07:16.317" level="DEBUG">response body: {"apiVersion":"longhorn.io/v1beta2","kind":"Volume","metadata":{"creationTimestamp":"2023-05-10T02:07:13Z","finalizers":["longhorn.io"],"generation":3,"labels":{"longhornvolume":"vol-my3lwt","recurring-job-group.longhorn.io/default":"enabled","setting.longhorn.io/remove-snapshots-during-filesystem-trim":"ignored","setting.longhorn.io/replica-auto-balance":"ignored","setting.longhorn.io/snapshot-data-integrity":"ignored"},"managedFields":[{"apiVersion":"longhorn.io/v1beta2","fieldsType":"FieldsV1","fieldsV1":{"f:metadata":{"f:labels":{"f:recurring-job-group.longhorn.io/default":{}}},"f:spec":{"f:Standby":{},"f:backingImage":{},"f:baseImage":{},"f:dataSource":{},"f:disableFrontend":{},"f:encrypted":{},"f:fromBackup":{},"f:lastAttachedBy":{},"f:migratable":{},"f:migrationNodeID":{},"f:revisionCounterDisabled":{},"f:staleReplicaTimeout":{}}},"manager":"longhorn-manager","operation":"Update","time":"2023-05-10T02:07:13Z"},{"apiVersion":"longhorn.io/v1beta2","fieldsType":"FieldsV1","fieldsV1":{"f:spec":{".":{},"f:accessMode":{},"f:frontend":{},"f:nodeID":{},"f:numberOfReplicas":{},"f:replicaAutoBalance":{},"f:size":{}}},"manager":"OpenAPI-Generator","operation":"Update","time":"2023-05-10T02:07:14Z"},{"apiVersion":"longhorn.io/v1beta2","fieldsType":"FieldsV1","fieldsV1":{"f:status":{".":{},"f:actualSize":{},"f:cloneStatus":{".":{},"f:snapshot":{},"f:sourceVolume":{},"f:state":{}},"f:conditions":{},"f:currentImage":{},"f:currentNodeID":{},"f:expansionRequired":{},"f:frontendDisabled":{},"f:isStandby":{},"f:kubernetesStatus":{".":{},"f:lastPVCRefAt":{},"f:lastPodRefAt":{},"f:namespace":{},"f:pvName":{},"f:pvStatus":{},"f:pvcName":{},"f:workloadsStatus":{}},"f:lastBackup":{},"f:lastBackupAt":{},"f:lastDegradedAt":{},"f:ownerID":{},"f:pendingNodeID":{},"f:remountRequestedAt":{},"f:restoreInitiated":{},"f:restoreRequired":{},"f:robustness":{},"f:shareEndpoint":{},"f:shareState":{},"f:state":{}}},"manager":"longhorn-manager","operation":"Update","subresource":"status","time":"2023-05-10T02:07:14Z"}],"name":"vol-my3lwt","namespace":"longhorn-system","resourceVersion":"47189","uid":"cd6642c6-58b4-46a9-80b2-c85eb2740dc9"},"spec":{"Standby":false,"accessMode":"rwo","backingImage":"","baseImage":"","dataLocality":"disabled","dataSource":"","disableFrontend":false,"diskSelector":[],"encrypted":false,"engineImage":"longhornio/longhorn-engine:v1.4.1","fromBackup":"","frontend":"blockdev","lastAttachedBy":"","migratable":false,"migrationNodeID":"","nodeID":"rc-k8s-1-rc-w1-489d6c2c-2sgjg","nodeSelector":[],"numberOfReplicas":3,"recurringJobs":[],"replicaAutoBalance":"ignored","restoreVolumeRecurringJob":"ignored","revisionCounterDisabled":false,"size":"1073741824","snapshotDataIntegrity":"ignored","staleReplicaTimeout":0,"unmapMarkSnapChainRemoved":"ignored"},"status":{"actualSize":0,"cloneStatus":{"snapshot":"","sourceVolume":"","state":""},"conditions":[{"lastProbeTime":"","lastTransitionTime":"2023-05-10T02:07:14Z","message":"","reason":"","status":"False","type":"toomanysnapshots"},{"lastProbeTime":"","lastTransitionTime":"2023-05-10T02:07:14Z","message":"","reason":"","status":"True","type":"scheduled"}],"currentImage":"longhornio/longhorn-engine:v1.4.1","currentNodeID":"rc-k8s-1-rc-w1-489d6c2c-2sgjg","expansionRequired":false,"frontendDisabled":false,"isStandby":false,"kubernetesStatus":{"lastPVCRefAt":"","lastPodRefAt":"","namespace":"","pvName":"","pvStatus":"","pvcName":"","workloadsStatus":null},"lastBackup":"","lastBackupAt":"","lastDegradedAt":"","ownerID":"rc-k8s-1-rc-w1-489d6c2c-2sgjg","pendingNodeID":"","remountRequestedAt":"","restoreInitiated":false,"restoreRequired":false,"robustness":"","shareEndpoint":"","shareState":"","state":"attaching"}}
</msg>
<msg timestamp="20230510 10:07:17.368" level="DEBUG">response body: {"apiVersion":"longhorn.io/v1beta2","kind":"Volume","metadata":{"creationTimestamp":"2023-05-10T02:07:13Z","finalizers":["longhorn.io"],"generation":3,"labels":{"longhornvolume":"vol-my3lwt","recurring-job-group.longhorn.io/default":"enabled","setting.longhorn.io/remove-snapshots-during-filesystem-trim":"ignored","setting.longhorn.io/replica-auto-balance":"ignored","setting.longhorn.io/snapshot-data-integrity":"ignored"},"managedFields":[{"apiVersion":"longhorn.io/v1beta2","fieldsType":"FieldsV1","fieldsV1":{"f:metadata":{"f:labels":{"f:recurring-job-group.longhorn.io/default":{}}},"f:spec":{"f:Standby":{},"f:backingImage":{},"f:baseImage":{},"f:dataSource":{},"f:disableFrontend":{},"f:encrypted":{},"f:fromBackup":{},"f:lastAttachedBy":{},"f:migratable":{},"f:migrationNodeID":{},"f:revisionCounterDisabled":{},"f:staleReplicaTimeout":{}}},"manager":"longhorn-manager","operation":"Update","time":"2023-05-10T02:07:13Z"},{"apiVersion":"longhorn.io/v1beta2","fieldsType":"FieldsV1","fieldsV1":{"f:spec":{".":{},"f:accessMode":{},"f:frontend":{},"f:nodeID":{},"f:numberOfReplicas":{},"f:replicaAutoBalance":{},"f:size":{}}},"manager":"OpenAPI-Generator","operation":"Update","time":"2023-05-10T02:07:14Z"},{"apiVersion":"longhorn.io/v1beta2","fieldsType":"FieldsV1","fieldsV1":{"f:status":{".":{},"f:actualSize":{},"f:cloneStatus":{".":{},"f:snapshot":{},"f:sourceVolume":{},"f:state":{}},"f:conditions":{},"f:currentImage":{},"f:currentNodeID":{},"f:expansionRequired":{},"f:frontendDisabled":{},"f:isStandby":{},"f:kubernetesStatus":{".":{},"f:lastPVCRefAt":{},"f:lastPodRefAt":{},"f:namespace":{},"f:pvName":{},"f:pvStatus":{},"f:pvcName":{},"f:workloadsStatus":{}},"f:lastBackup":{},"f:lastBackupAt":{},"f:lastDegradedAt":{},"f:ownerID":{},"f:pendingNodeID":{},"f:remountRequestedAt":{},"f:restoreInitiated":{},"f:restoreRequired":{},"f:robustness":{},"f:shareEndpoint":{},"f:shareState":{},"f:state":{}}},"manager":"longhorn-manager","operation":"Update","subresource":"status","time":"2023-05-10T02:07:14Z"}],"name":"vol-my3lwt","namespace":"longhorn-system","resourceVersion":"47189","uid":"cd6642c6-58b4-46a9-80b2-c85eb2740dc9"},"spec":{"Standby":false,"accessMode":"rwo","backingImage":"","baseImage":"","dataLocality":"disabled","dataSource":"","disableFrontend":false,"diskSelector":[],"encrypted":false,"engineImage":"longhornio/longhorn-engine:v1.4.1","fromBackup":"","frontend":"blockdev","lastAttachedBy":"","migratable":false,"migrationNodeID":"","nodeID":"rc-k8s-1-rc-w1-489d6c2c-2sgjg","nodeSelector":[],"numberOfReplicas":3,"recurringJobs":[],"replicaAutoBalance":"ignored","restoreVolumeRecurringJob":"ignored","revisionCounterDisabled":false,"size":"1073741824","snapshotDataIntegrity":"ignored","staleReplicaTimeout":0,"unmapMarkSnapChainRemoved":"ignored"},"status":{"actualSize":0,"cloneStatus":{"snapshot":"","sourceVolume":"","state":""},"conditions":[{"lastProbeTime":"","lastTransitionTime":"2023-05-10T02:07:14Z","message":"","reason":"","status":"False","type":"toomanysnapshots"},{"lastProbeTime":"","lastTransitionTime":"2023-05-10T02:07:14Z","message":"","reason":"","status":"True","type":"scheduled"}],"currentImage":"longhornio/longhorn-engine:v1.4.1","currentNodeID":"rc-k8s-1-rc-w1-489d6c2c-2sgjg","expansionRequired":false,"frontendDisabled":false,"isStandby":false,"kubernetesStatus":{"lastPVCRefAt":"","lastPodRefAt":"","namespace":"","pvName":"","pvStatus":"","pvcName":"","workloadsStatus":null},"lastBackup":"","lastBackupAt":"","lastDegradedAt":"","ownerID":"rc-k8s-1-rc-w1-489d6c2c-2sgjg","pendingNodeID":"","remountRequestedAt":"","restoreInitiated":false,"restoreRequired":false,"robustness":"","shareEndpoint":"","shareState":"","state":"attaching"}}
</msg>
<msg timestamp="20230510 10:07:18.418" level="DEBUG">response body: {"apiVersion":"longhorn.io/v1beta2","kind":"Volume","metadata":{"creationTimestamp":"2023-05-10T02:07:13Z","finalizers":["longhorn.io"],"generation":3,"labels":{"longhornvolume":"vol-my3lwt","recurring-job-group.longhorn.io/default":"enabled","setting.longhorn.io/remove-snapshots-during-filesystem-trim":"ignored","setting.longhorn.io/replica-auto-balance":"ignored","setting.longhorn.io/snapshot-data-integrity":"ignored"},"managedFields":[{"apiVersion":"longhorn.io/v1beta2","fieldsType":"FieldsV1","fieldsV1":{"f:metadata":{"f:labels":{"f:recurring-job-group.longhorn.io/default":{}}},"f:spec":{"f:Standby":{},"f:backingImage":{},"f:baseImage":{},"f:dataSource":{},"f:disableFrontend":{},"f:encrypted":{},"f:fromBackup":{},"f:lastAttachedBy":{},"f:migratable":{},"f:migrationNodeID":{},"f:revisionCounterDisabled":{},"f:staleReplicaTimeout":{}}},"manager":"longhorn-manager","operation":"Update","time":"2023-05-10T02:07:13Z"},{"apiVersion":"longhorn.io/v1beta2","fieldsType":"FieldsV1","fieldsV1":{"f:spec":{".":{},"f:accessMode":{},"f:frontend":{},"f:nodeID":{},"f:numberOfReplicas":{},"f:replicaAutoBalance":{},"f:size":{}}},"manager":"OpenAPI-Generator","operation":"Update","time":"2023-05-10T02:07:14Z"},{"apiVersion":"longhorn.io/v1beta2","fieldsType":"FieldsV1","fieldsV1":{"f:status":{".":{},"f:actualSize":{},"f:cloneStatus":{".":{},"f:snapshot":{},"f:sourceVolume":{},"f:state":{}},"f:conditions":{},"f:currentImage":{},"f:currentNodeID":{},"f:expansionRequired":{},"f:frontendDisabled":{},"f:isStandby":{},"f:kubernetesStatus":{".":{},"f:lastPVCRefAt":{},"f:lastPodRefAt":{},"f:namespace":{},"f:pvName":{},"f:pvStatus":{},"f:pvcName":{},"f:workloadsStatus":{}},"f:lastBackup":{},"f:lastBackupAt":{},"f:lastDegradedAt":{},"f:ownerID":{},"f:pendingNodeID":{},"f:remountRequestedAt":{},"f:restoreInitiated":{},"f:restoreRequired":{},"f:robustness":{},"f:shareEndpoint":{},"f:shareState":{},"f:state":{}}},"manager":"longhorn-manager","operation":"Update","subresource":"status","time":"2023-05-10T02:07:14Z"}],"name":"vol-my3lwt","namespace":"longhorn-system","resourceVersion":"47189","uid":"cd6642c6-58b4-46a9-80b2-c85eb2740dc9"},"spec":{"Standby":false,"accessMode":"rwo","backingImage":"","baseImage":"","dataLocality":"disabled","dataSource":"","disableFrontend":false,"diskSelector":[],"encrypted":false,"engineImage":"longhornio/longhorn-engine:v1.4.1","fromBackup":"","frontend":"blockdev","lastAttachedBy":"","migratable":false,"migrationNodeID":"","nodeID":"rc-k8s-1-rc-w1-489d6c2c-2sgjg","nodeSelector":[],"numberOfReplicas":3,"recurringJobs":[],"replicaAutoBalance":"ignored","restoreVolumeRecur
[...]
3lwt', 'uid': 'cd6642c6-58b4-46a9-80b2-c85eb2740dc9'}], 'resourceVersion': '47729', 'uid': 'b9e26cf8-dcf1-4c88-b479-5e1c76e2ced0'}, 'spec': {'active': True, 'backingImage': '', 'baseImage': '', 'dataDirectoryName': 'vol-my3lwt-bb20ce99', 'dataPath': '', 'desireState': 'running', 'diskID': '8dd05402-b1fb-4d66-a284-df6fcb8533a4', 'diskPath': '/var/lib/longhorn/', 'engineImage': 'longhornio/longhorn-engine:v1.4.1', 'engineName': 'vol-my3lwt-e-ec896d3f', 'failedAt': '', 'hardNodeAffinity': '', 'healthyAt': '2023-05-10T02:07:23Z', 'logRequested': False, 'nodeID': 'rc-k8s-1-rc-w1-489d6c2c-2sgjg', 'rebuildRetryCount': 0, 'revisionCounterDisabled': False, 'salvageRequested': False, 'unmapMarkDiskChainRemovedEnabled': False, 'volumeName': 'vol-my3lwt', 'volumeSize': '1073741824'}, 'status': {'conditions': [{'lastProbeTime': '', 'lastTransitionTime': '2023-05-10T02:07:14Z', 'message': '', 'reason': '', 'status': 'True', 'type': 'InstanceCreation'}], 'currentImage': 'longhornio/longhorn-engine:v1.4.1', 'currentState': 'running', 'evictionRequested': False, 'instanceManagerName': 'instance-manager-r-2a88f4746c88a5849c4ca84c435d045a', 'ip': '10.42.215.13', 'logFetched': False, 'ownerID': 'rc-k8s-1-rc-w1-489d6c2c-2sgjg', 'port': 10000, 'salvageExecuted': False, 'started': True, 'storageIP': '10.42.215.13'}}, {'apiVersion': 'longhorn.io/v1beta2', 'kind': 'Replica', 'metadata': {'creationTimestamp': '2023-05-10T02:07:13Z', 'finalizers': ['longhorn.io'], 'generation': 3, 'labels': {'longhorn.io/backing-image': '', 'longhorndiskuuid': '0a9cb115-bd50-4714-ade2-24c974329343', 'longhornnode': 'rc-k8s-1-rc-w1-489d6c2c-kjqgx', 'longhornvolume': 'vol-my3lwt'}, 'managedFields': [{'apiVersion': 'longhorn.io/v1beta2', 'fieldsType': 'FieldsV1', 'fieldsV1': {'f:status': {'.': {}, 'f:conditions': {}, 'f:currentImage': {}, 'f:currentState': {}, 'f:evictionRequested': {}, 'f:instanceManagerName': {}, 'f:ip': {}, 'f:logFetched': {}, 'f:ownerID': {}, 'f:port': {}, 'f:salvageExecuted': {}, 'f:started': {}, 'f:storageIP': {}}}, 'manager': 'longhorn-manager', 'operation': 'Update', 'subresource': 'status', 'time': '2023-05-10T02:07:14Z'}, {'apiVersion': 'longhorn.io/v1beta2', 'fieldsType': 'FieldsV1', 'fieldsV1': {'f:metadata': {'f:labels': {'.': {}, 'f:longhorn.io/backing-image': {}, 'f:longhorndiskuuid': {}, 'f:longhornnode': {}}, 'f:ownerReferences': {'.': {}, 'k:{"uid":"cd6642c6-58b4-46a9-80b2-c85eb2740dc9"}': {}}}, 'f:spec': {'.': {}, 'f:active': {}, 'f:backingImage': {}, 'f:baseImage': {}, 'f:dataDirectoryName': {}, 'f:dataPath': {}, 'f:desireState': {}, 'f:diskID': {}, 'f:diskPath': {}, 'f:engineImage': {}, 'f:engineName': {}, 'f:failedAt': {}, 'f:hardNodeAffinity': {}, 'f:healthyAt': {}, 'f:logRequested': {}, 'f:nodeID': {}, 'f:rebuildRetryCount': {}, 'f:revisionCounterDisabled': {}, 'f:salvageRequested': {}, 'f:unmapMarkDiskChainRemovedEnabled': {}, 'f:volumeName': {}, 'f:volumeSize': {}}}, 'manager': 'longhorn-manager', 'operation': 'Update', 'time': '2023-05-10T02:07:24Z'}], 'name': 'vol-my3lwt-r-c1556937', 'namespace': 'longhorn-system', 'ownerReferences': [{'apiVersion': 'longhorn.io/v1beta2', 'kind': 'Volume', 'name': 'vol-my3lwt', 'uid': 'cd6642c6-58b4-46a9-80b2-c85eb2740dc9'}], 'resourceVersion': '47283', 'uid': 'd343774b-6522-4b98-bfd4-c4997f2a56fd'}, 'spec': {'active': True, 'backingImage': '', 'baseImage': '', 'dataDirectoryName': 'vol-my3lwt-e4244382', 'dataPath': '', 'desireState': 'running', 'diskID': '0a9cb115-bd50-4714-ade2-24c974329343', 'diskPath': '/var/lib/longhorn/', 'engineImage': 'longhornio/longhorn-engine:v1.4.1', 'engineName': 'vol-my3lwt-e-ec896d3f', 'failedAt': '', 'hardNodeAffinity': '', 'healthyAt': '2023-05-10T02:07:23Z', 'logRequested': False, 'nodeID': 'rc-k8s-1-rc-w1-489d6c2c-kjqgx', 'rebuildRetryCount': 0, 'revisionCounterDisabled': False, 'salvageRequested': False, 'unmapMarkDiskChainRemovedEnabled': False, 'volumeName': 'vol-my3lwt', 'volumeSize': '1073741824'}, 'status': {'conditions': [{'lastProbeTime': '', 'lastTransitionTime': '2023-05-10T02:07:14Z', 'message': '', 'reason': '', 'status': 'True', 'type': 'InstanceCreation'}], 'currentImage': 'longhornio/longhorn-engine:v1.4.1', 'currentState': 'running', 'evictionRequested': False, 'instanceManagerName': 'instance-manager-r-b4a0253b6ea55115aa66caeb3b6a2351', 'ip': '10.42.248.137', 'logFetched': False, 'ownerID': 'rc-k8s-1-rc-w1-489d6c2c-kjqgx', 'port': 10000, 'salvageExecuted': False, 'started': True, 'storageIP': '10.42.248.137'}}, {'apiVersion': 'longhorn.io/v1beta2', 'kind': 'Replica', 'metadata': {'creationTimestamp': '2023-05-10T02:07:13Z', 'finalizers': ['longhorn.io'], 'generation': 3, 'labels': {'longhorn.io/backing-image': '', 'longhorndiskuuid': '3b723605-cd4b-45c9-8504-404bfcf7ec28', 'longhornnode': 'rc-k8s-1-rc-w1-489d6c2c-v5rhc', 'longhornvolume': 'vol-my3lwt'}, 'managedFields': [{'apiVersion': 'longhorn.io/v1beta2', 'fieldsType': 'FieldsV1', 'fieldsV1': {'f:status': {'.': {}, 'f:conditions': {}, 'f:currentImage': {}, 'f:currentState': {}, 'f:evictionRequested': {}, 'f:instanceManagerName': {}, 'f:ip': {}, 'f:logFetched': {}, 'f:ownerID': {}, 'f:port': {}, 'f:salvageExecuted': {}, 'f:started': {}, 'f:storageIP': {}}}, 'manager': 'longhorn-manager', 'operation': 'Update', 'subresource': 'status', 'time': '2023-05-10T02:07:14Z'}, {'apiVersion': 'longhorn.io/v1beta2', 'fieldsType': 'FieldsV1', 'fieldsV1': {'f:metadata': {'f:labels': {'.': {}, 'f:longhorn.io/backing-image': {}, 'f:longhorndiskuuid': {}, 'f:longhornnode': {}}, 'f:ownerReferences': {'.': {}, 'k:{"uid":"cd6642c6-58b4-46a9-80b2-c85eb2740dc9"}': {}}}, 'f:spec': {'.': {}, 'f:active': {}, 'f:backingImage': {}, 'f:baseImage': {}, 'f:dataDirectoryName': {}, 'f:dataPath': {}, 'f:desireState': {}, 'f:diskID': {}, 'f:diskPath': {}, 'f:engineImage': {}, 'f:engineName': {}, 'f:failedAt': {}, 'f:hardNodeAffinity': {}, 'f:healthyAt': {}, 'f:logRequested': {}, 'f:nodeID': {}, 'f:rebuildRetryCount': {}, 'f:revisionCounterDisabled': {}, 'f:salvageRequested': {}, 'f:unmapMarkDiskChainRemovedEnabled': {}, 'f:volumeName': {}, 'f:volumeSize': {}}}, 'manager': 'longhorn-manager', 'operation': 'Update', 'time': '2023-05-10T02:07:23Z'}], 'name': 'vol-my3lwt-r-df1f2222', 'namespace': 'longhorn-system', 'ownerReferences': [{'apiVersion': 'longhorn.io/v1beta2', 'kind': 'Volume', 'name': 'vol-my3lwt', 'uid': 'cd6642c6-58b4-46a9-80b2-c85eb2740dc9'}], 'resourceVersion': '47282', 'uid': '6d06f96f-024d-455a-bb0b-bce610633880'}, 'spec': {'active': True, 'backingImage': '', 'baseImage': '', 'dataDirectoryName': 'vol-my3lwt-3251ca0e', 'dataPath': '', 'desireState': 'running', 'diskID': '3b723605-cd4b-45c9-8504-404bfcf7ec28', 'diskPath': '/var/lib/longhorn/', 'engineImage': 'longhornio/longhorn-engine:v1.4.1', 'engineName': 'vol-my3lwt-e-ec896d3f', 'failedAt': '', 'hardNodeAffinity': '', 'healthyAt': '2023-05-10T02:07:23Z', 'logRequested': False, 'nodeID': 'rc-k8s-1-rc-w1-489d6c2c-v5rhc', 'rebuildRetryCount': 0, 'revisionCounterDisabled': False, 'salvageRequested': False, 'unmapMarkDiskChainRemovedEnabled': False, 'volumeName': 'vol-my3lwt', 'volumeSize': '1073741824'}, 'status': {'conditions': [{'lastProbeTime': '', 'lastTransitionTime': '2023-05-10T02:07:13Z', 'message': '', 'reason': '', 'status': 'True', 'type': 'InstanceCreation'}], 'currentImage': 'longhornio/longhorn-engine:v1.4.1', 'currentState': 'running', 'evictionRequested': False, 'instanceManagerName': 'instance-manager-r-996a441b6ffa42dcb8a26ae0d398b2b1', 'ip': '10.42.63.92', 'logFetched': False, 'ownerID': 'rc-k8s-1-rc-w1-489d6c2c-v5rhc', 'port': 10000, 'salvageExecuted': False, 'started': True, 'storageIP': '10.42.63.92'}}], 'kind': 'ReplicaList', 'metadata': {'continue': '', 'resourceVersion': '48044'}}
delete replica vol-my3lwt-r-bcc4e907
delete replica vol-my3lwt-r-c1556937
delete replica vol-my3lwt-r-df1f2222
label_selector=[]
engine_list:{'apiVersion': 'longhorn.io/v1beta2', 'items': [{'apiVersion': 'longhorn.io/v1beta2', 'kind': 'Engine', 'metadata': {'creationTimestamp': '2023-05-10T02:07:13Z', 'finalizers': ['longhorn.io'], 'generation': 3, 'labels': {'longhornnode': 'rc-k8s-1-rc-w1-489d6c2c-2sgjg', 'longhornvolume': 'vol-my3lwt'}, 'managedFields': [{'apiVersion': 'longhorn.io/v1beta2', 'fieldsType': 'FieldsV1', 'fieldsV1': {'f:metadata': {'f:labels': {'.': {}, 'f:longhornnode': {}}, 'f:ownerReferences': {'.': {}, 'k:{"uid":"cd6642c6-58b4-46a9-80b2-c85eb2740dc9"}': {}}}, 'f:spec': {'.': {}, 'f:active': {}, 'f:backupVolume': {}, 'f:desireState': {}, 'f:disableFrontend': {}, 'f:engineImage': {}, 'f:frontend': {}, 'f:logRequested': {}, 'f:nodeID': {}, 'f:replicaAddressMap': {'.': {}, 'f:vol-my3lwt-r-c1556937': {}, 'f:vol-my3lwt-r-df1f2222': {}}, 'f:requestedBackupRestore': {}, 'f:requestedDataSource': {}, 'f:revisionCounterDisabled': {}, 'f:salvageRequested': {}, 'f:unmapMarkSnapChainRemovedEnabled': {}, 'f:upgradedReplicaAddressMap': {}, 'f:volumeName': {}, 'f:volumeSize': {}}}, 'manager': 'longhorn-manager', 'operation': 'Update', 'time': '2023-05-10T02:07:15Z'}, {'apiVersion': 'longhorn.io/v1beta2', 'fieldsType': 'FieldsV1', 'fieldsV1': {'f:status': {'.': {}, 'f:backupStatus': {}, 'f:cloneStatus': {'.': {}, 'f:tcp://10.42.215.13:10000': {'.': {}, 'f:error': {}, 'f:fromReplicaAddress': {}, 'f:isCloning': {}, 'f:progress': {}, 'f:snapshotName': {}, 'f:state': {}}, 'f:tcp://10.42.248.137:10000': {'.': {}, 'f:error': {}, 'f:fromReplicaAddress': {}, 'f:isCloning': {}, 'f:progress': {}, 'f:snapshotName': {}, 'f:state': {}}, 'f:tcp://10.42.63.92:10000': {'.': {}, 'f:error': {}, 'f:fromReplicaAddress': {}, 'f:isCloning': {}, 'f:progress': {}, 'f:snapshotName': {}, 'f:state': {}}}, 'f:conditions': {}, 'f:currentImage': {}, 'f:currentReplicaAddressMap': {'.': {}, 'f:vol-my3lwt-r-c1556937': {}, 'f:vol-my3lwt-r-df1f2222': {}}, 'f:currentSize': {}, 'f:currentState': {}, 'f:endpoint': {}, 'f:instanceManagerName': {}, 'f:ip': {}, 'f:isExpanding': {}, 'f:lastExpansionError': {}, 'f:lastExpansionFailedAt': {}, 'f:lastRestoredBackup': {}, 'f:logFetched': {}, 'f:ownerID': {}, 'f:port': {}, 'f:purgeStatus': {'.': {}, 'f:tcp://10.42.215.13:10000': {'.': {}, 'f:error': {}, 'f:isPurging': {}, 'f:progress': {}, 'f:state': {}}, 'f:tcp://10.42.248.137:10000': {'.': {}, 'f:error': {}, 'f:isPurging': {}, 'f:progress': {}, 'f:state': {}}, 'f:tcp://10.42.63.92:10000': {'.': {}, 'f:error': {}, 'f:isPurging': {}, 'f:progress': {}, 'f:state': {}}}, 'f:rebuildStatus': {}, 'f:replicaModeMap': {'.': {}, 'f:vol-my3lwt-r-bcc4e907': {}, 'f:vol-my3lwt-r-c1556937': {}, 'f:vol-my3lwt-r-df1f2222': {}}, 'f:restoreStatus': {'.': {}, 'f:tcp://10.42.215.13:10000': {'.': {}, 'f:backupURL': {}, 'f:currentRestoringBackup': {}, 'f:isRestoring': {}, 'f:lastRestored': {}, 'f:state': {}}, 'f:tcp://10.42.248.137:10000': {'.': {}, 'f:backupURL': {}, 'f:currentRestoringBackup': {}, 'f:isRestoring': {}, 'f:lastRestored': {}, 'f:state': {}}, 'f:tcp://10.42.63.92:10000': {'.': {}, 'f:backupURL': {}, 'f:currentRestoringBackup': {}, 'f:isRestoring': {}, 'f:lastRestored': {}, 'f:state': {}}}, 'f:salvageExecuted': {}, 'f:snapshots': {'.': {}, 'f:volume-head': {'.': {}, 'f:children': {}, 'f:created': {}, 'f:labels': {}, 'f:name': {}, 'f:parent': {}, 'f:removed': {}, 'f:size': {}, 'f:usercreated': {}}}, 'f:snapshotsError': {}, 'f:started': {}, 'f:storageIP': {}, 'f:unmapMarkSnapChainRemovedEnabled': {}}}, 'manager': 'longhorn-manager', 'operation': 'Update', 'subresource': 'status', 'time': '2023-05-10T02:07:56Z'}], 'name': 'vol-my3lwt-e-ec896d3f', 'namespace': 'longhorn-system', 'ownerReferences': [{'apiVersion': 'longhorn.io/v1beta2', 'kind': 'Volume', 'name': 'vol-my3lwt', 'uid': 'cd6642c6-58b4-46a9-80b2-c85eb2740dc9'}], 'resourceVersion': '48052', 'uid': 'b566d55f-8252-4c4d-8329-221837e06b2b'}, 'spec': {'active': True, 'backupVolume': '', 'desireState': 'running', 'disableFrontend': False, 'engineImage': 'longhornio/longhorn-engine:v1.4.1', 'frontend': 'blockdev', 'logRequested': False, 'nodeID': 'rc-k8s-1-rc-w1-489d6c2c-2sgjg', 'replicaAddressMap': {'vol-my3lwt-r-c1556937': '10.42.248.137:10000', 'vol-my3lwt-r-df1f2222': '10.42.63.92:10000'}, 'requestedBackupRestore': '', 'requestedDataSource': '', 'revisionCounterDisabled': False, 'salvageRequested': False, 'unmapMarkSnapChainRemovedEnabled': False, 'upgradedReplicaAddressMap': {}, 'volumeName': 'vol-my3lwt', 'volumeSize': '1073741824'}, 'status': {'backupStatus': None, 'cloneStatus': {'tcp://10.42.215.13:10000': {'error': '', 'fromReplicaAddress': '', 'isCloning': False, 'progress': 0, 'snapshotName': '', 'state': ''}, 'tcp://10.42.248.137:10000': {'error': '', 'fromReplicaAddress': '', 'isCloning': False, 'progress': 0, 'snapshotName': '', 'state': ''}, 'tcp://10.42.63.92:10000': {'error': '', 'fromReplicaAddress': '', 'isCloning': False, 'progress': 0, 'snapshotName': '', 'state': ''}}, 'conditions': [{'lastProbeTime': '', 'lastTransitionTime': '2023-05-10T02:07:13Z', 'message': '', 'reason': '', 'status': 'True', 'type': 'InstanceCreation'}], 'currentImage': 'longhornio/longhorn-engine:v1.4.1', 'currentReplicaAddressMap': {'vol-my3lwt-r-c1556937': '10.42.248.137:10000', 'vol-my3lwt-r-df1f2222': '10.42.63.92:10000'}, 'currentSize': '1073741824', 'currentState': 'running', 'endpoint': '/dev/longhorn/vol-my3lwt', 'instanceManagerName': 'instance-manager-e-2a88f4746c88a5849c4ca84c435d045a', 'ip': '10.42.215.14', 'isExpanding': False, 'lastExpansionError': '', 'lastExpansionFailedAt': '', 'lastRestoredBackup': '', 'logFetched': False, 'ownerID': 'rc-k8s-1-rc-w1-489d6c2c-2sgjg', 'port': 10000, 'purgeStatus': {'tcp://10.42.215.13:10000': {'error': '', 'isPurging': False, 'progress': 0, 'state': ''}, 'tcp://10.42.248.137:10000': {'error': '', 'isPurging': False, 'progress': 0, 'state': ''}, 'tcp://10.42.63.92:10000': {'error': '', 'isPurging': False, 'progress': 0, 'state': ''}}, 'rebuildStatus': {}, 'replicaModeMap': {'vol-my3lwt-r-bcc4e907': 'RW', 'vol-my3lwt-r-c1556937': 'RW', 'vol-my3lwt-r-df1f2222': 'RW'}, 'restoreStatus': {'tcp://10.42.215.13:10000': {'backupURL': '', 'currentRestoringBackup': '', 'isRestoring': False, 'lastRestored': '', 'state': ''}, 'tcp://10.42.248.137:10000': {'backupURL': '', 'currentRestoringBackup': '', 'isRestoring': False, 'lastRestored': '', 'state': ''}, 'tcp://10.42.63.92:10000': {'backupURL': '', 'currentRestoringBackup': '', 'isRestoring': False, 'lastRestored': '', 'state': ''}}, 'salvageExecuted': False, 'snapshots': {'volume-head': {'children': {}, 'created': '2023-05-10T02:07:14Z', 'labels': {}, 'name': 'volume-head', 'parent': '', 'removed': False, 'size': '536875008', 'usercreated': False}}, 'snapshotsError': '', 'started': True, 'storageIP': '10.42.215.14', 'unmapMarkSnapChainRemovedEnabled': False}}], 'kind': 'EngineList', 'metadata': {'continue': '', 'resourceVersion': '48060'}}
delete engine vol-my3lwt-e-ec896d3f
volume_list:{'apiVersion': 'longhorn.io/v1beta2', 'items': [{'apiVersion': 'longhorn.io/v1beta2', 'kind': 'Volume', 'metadata': {'creationTimestamp': '2023-05-10T02:07:13Z', 'finalizers': ['longhorn.io'], 'generation': 3, 'labels': {'longhornvolume': 'vol-my3lwt', 'recurring-job-group.longhorn.io/default': 'enabled', 'setting.longhorn.io/remove-snapshots-during-filesystem-trim': 'ignored', 'setting.longhorn.io/replica-auto-balance': 'ignored', 'setting.longhorn.io/snapshot-data-integrity': 'ignored'}, 'managedFields': [{'apiVersion': 'longhorn.io/v1beta2', 'fieldsType': 'FieldsV1', 'fieldsV1': {'f:metadata': {'f:labels': {'f:recurring-job-group.longhorn.io/default': {}}}, 'f:spec': {'f:Standby': {}, 'f:backingImage': {}, 'f:baseImage': {}, 'f:dataSource': {}, 'f:disableFrontend': {}, 'f:encrypted': {}, 'f:fromBackup': {}, 'f:lastAttachedBy': {}, 'f:migratable': {}, 'f:migrationNodeID': {}, 'f:revisionCounterDisabled': {}, 'f:staleReplicaTimeout': {}}}, 'manager': 'longhorn-manager', 'operation': 'Update', 'time': '2023-05-10T02:07:13Z'}, {'apiVersion': 'longhorn.io/v1beta2', 'fieldsType': 'FieldsV1', 'fieldsV1': {'f:spec': {'.': {}, 'f:accessMode': {}, 'f:frontend': {}, 'f:nodeID': {}, 'f:numberOfReplicas': {}, 'f:replicaAutoBalance': {}, 'f:size': {}}}, 'manager': 'OpenAPI-Generator', 'operation': 'Update', 'time': '2023-05-10T02:07:14Z'}, {'apiVersion': 'longhorn.io/v1beta2', 'fieldsType': 'FieldsV1', 'fieldsV1': {'f:status': {'.': {}, 'f:actualSize': {}, 'f:cloneStatus': {'.': {}, 'f:snapshot': {}, 'f:sourceVolume': {}, 'f:state': {}}, 'f:conditions': {}, 'f:currentImage': {}, 'f:currentNodeID': {}, 'f:expansionRequired': {}, 'f:frontendDisabled': {}, 'f:isStandby': {}, 'f:kubernetesStatus': {'.': {}, 'f:lastPVCRefAt': {}, 'f:lastPodRefAt': {}, 'f:namespace': {}, 'f:pvName': {}, 'f:pvStatus': {}, 'f:pvcName': {}, 'f:workloadsStatus': {}}, 'f:lastBackup': {}, 'f:lastBackupAt': {}, 'f:lastDegradedAt': {}, 'f:ownerID': {}, 'f:pendingNodeID': {}, 'f:remountRequestedAt': {}, 'f:restoreInitiated': {}, 'f:restoreRequired': {}, 'f:robustness': {}, 'f:shareEndpoint': {}, 'f:shareState': {}, 'f:state': {}}}, 'manager': 'longhorn-manager', 'operation': 'Update', 'subresource': 'status', 'time': '2023-05-10T02:08:19Z'}], 'name': 'vol-my3lwt', 'namespace': 'longhorn-system', 'resourceVersion': '48065', 'uid': 'cd6642c6-58b4-46a9-80b2-c85eb2740dc9'}, 'spec': {'Standby': False, 'accessMode': 'rwo', 'backingImage': '', 'baseImage': '', 'dataLocality': 'disabled', 'dataSource': '', 'disableFrontend': False, 'diskSelector': [], 'encrypted': False, 'engineImage': 'longhornio/longhorn-engine:v1.4.1', 'fromBackup': '', 'frontend': 'blockdev', 'lastAttachedBy': '', 'migratable': False, 'migrationNodeID': '', 'nodeID': 'rc-k8s-1-rc-w1-489d6c2c-2sgjg', 'nodeSelector': [], 'numberOfReplicas': 3, 'recurringJobs': [], 'replicaAutoBalance': 'ignored', 'restoreVolumeRecurringJob': 'ignored', 'revisionCounterDisabled': False, 'size': '1073741824', 'snapshotDataIntegrity': 'ignored', 'staleReplicaTimeout': 0, 'unmapMarkSnapChainRemoved': 'ignored'}, 'status': {'actualSize': 536875008, 'cloneStatus': {'snapshot': '', 'sourceVolume': '', 'state': ''}, 'conditions': [{'lastProbeTime': '', 'lastTransitionTime': '2023-05-10T02:07:14Z', 'message': '', 'reason': '', 'status': 'False', 'type': 'toomanysnapshots'}, {'lastProbeTime': '', 'lastTransitionTime': '2023-05-10T02:07:14Z', 'message': '', 'reason': '', 'status': 'True', 'type': 'scheduled'}, {'lastProbeTime': '', 'lastTransitionTime': '2023-05-10T02:08:19Z', 'message': '', 'reason': '', 'status': 'False', 'type': 'restore'}], 'currentImage': 'longhornio/longhorn-engine:v1.4.1', 'currentNodeID': '', 'expansionRequired': False, 'frontendDisabled': False, 'isStandby': False, 'kubernetesStatus': {'lastPVCRefAt': '', 'lastPodRefAt': '', 'namespace': '', 'pvName': '', 'pvStatus': '', 'pvcName': '', 'workloadsStatus': None}, 'lastBackup': '', 'lastBackupAt': '', 'lastDegradedAt': '', 'ownerID': 'rc-k8s-1-rc-w1-489d6c2c-2sgjg', 'pendingNodeID': '', 'remountRequestedAt': '', 'restoreInitiated': False, 'restoreRequired': False, 'robustness': 'faulted', 'shareEndpoint': '', 'shareState': '', 'state': 'detaching'}}], 'kind': 'VolumeList', 'metadata': {'continue': '', 'resourceVersion': '48069'}}
delete volume vol-my3lwt</msg>
<status status="PASS" starttime="20230510 10:08:18.842" endtime="20230510 10:08:19.611"/>
</kw>
<tag>PassFirstTest RWO 3Replicas AttachReplicaSameNode AbnormalAttachedNode AbnormalReplicaNode</tag>
<status status="PASS" starttime="20230510 10:07:13.334" endtime="20230510 10:08:19.611"/>
</test>
<doc>Test the resillence if cluster node happend exception

Keywords are imported from the resource file</doc>
<status status="PASS" starttime="20230510 10:07:12.857" endtime="20230510 10:08:19.612"/>
</suite>
<statistics>
<total>
<stat pass="1" fail="0" skip="0">All Tests</stat>
</total>
<tag>
<stat pass="1" fail="0" skip="0">PassFirstTest RWO 3Replicas AttachReplicaSameNode AbnormalAttachedNode AbnormalReplicaNode</stat>
</tag>
<suite>
<stat pass="1" fail="0" skip="0" id="s1" name="Restart Kubelet">Restart Kubelet</stat>
</suite>
</statistics>
<errors>
</errors>
</robot>
