<?xml version="1.0" encoding="UTF-8"?>
<robot generator="Robot 5.0 (Python 3.8.6 on darwin)" generated="20230426 16:11:35.444" rpa="false" schemaversion="3">
<suite id="s1" name="Node Power Off And Reboot" source="/Users/weizhechang/Workspace/Go/src/github.com/weizhe0422/longhorn-tests/manager/integration/negative_tests/node_not_ready/node_power_off_and_reboot.robot">
<test id="s1-t1" name="Powering off the RWO volume attached node with replica" line="15">
<kw name="Set Test Environment" library="steps" type="SETUP">
<arg>${TEST NAME}</arg>
<msg timestamp="20230426 16:11:36.621" level="DEBUG">response body: {"kind":"Namespace","apiVersion":"v1","metadata":{"name":"powering-off-the-rwo-volume-attached-node-with-replica","uid":"fc65c704-ae12-421a-a72b-e5b704e8bbb0","resourceVersion":"545292","creationTimestamp":"2023-04-26T08:11:36Z","labels":{"kubernetes.io/metadata.name":"powering-off-the-rwo-volume-attached-node-with-replica"},"managedFields":[{"manager":"OpenAPI-Generator","operation":"Update","apiVersion":"v1","time":"2023-04-26T08:11:36Z","fieldsType":"FieldsV1","fieldsV1":{"f:metadata":{"f:labels":{".":{},"f:kubernetes.io/metadata.name":{}}}}}]},"spec":{"finalizers":["kubernetes"]},"status":{"phase":"Active"}}
</msg>
<msg timestamp="20230426 16:11:36.639" level="INFO">cloud_provider:aws
NodeExec: Cloud Provider: AWS</msg>
<status status="PASS" starttime="20230426 16:11:36.450" endtime="20230426 16:11:36.639"/>
</kw>
<kw name="Given Create ${volume_size_gb} GB RWO volume with 3 replicas" library="keywords" sourcename="Create ${size} GB ${volume_type} volume with ${replica_count} replicas">
<kw name="Create Volume" library="steps">
<var>${volume_name}</var>
<arg>${size}</arg>
<arg>${replica_count}</arg>
<arg>${volume_type}</arg>
<msg timestamp="20230426 16:11:36.787" level="DEBUG">response body: {"apiVersion":"longhorn.io/v1beta2","kind":"Volume","metadata":{"creationTimestamp":"2023-04-26T08:11:36Z","finalizers":["longhorn.io"],"generation":1,"labels":{"longhornvolume":"vol-b9i65g","setting.longhorn.io/replica-auto-balance":"ignored"},"managedFields":[{"apiVersion":"longhorn.io/v1beta2","fieldsType":"FieldsV1","fieldsV1":{"f:spec":{".":{},"f:accessMode":{},"f:frontend":{},"f:numberOfReplicas":{},"f:replicaAutoBalance":{},"f:size":{}}},"manager":"OpenAPI-Generator","operation":"Update","time":"2023-04-26T08:11:36Z"}],"name":"vol-b9i65g","namespace":"longhorn-system","resourceVersion":"545299","uid":"e36e2c9b-86ac-461d-85b9-01adc9f9b8c7"},"spec":{"accessMode":"rwo","dataLocality":"disabled","diskSelector":[],"engineImage":"longhornio/longhorn-engine:v1.4.1","frontend":"blockdev","nodeSelector":[],"numberOfReplicas":3,"recurringJobs":[],"replicaAutoBalance":"ignored","restoreVolumeRecurringJob":"ignored","size":"1073741824","snapshotDataIntegrity":"ignored","unmapMarkSnapChainRemoved":"ignored"}}
</msg>
<msg timestamp="20230426 16:11:36.787" level="INFO">create_volume</msg>
<msg timestamp="20230426 16:11:36.787" level="INFO">${volume_name} = vol-b9i65g</msg>
<status status="PASS" starttime="20230426 16:11:36.640" endtime="20230426 16:11:36.787"/>
</kw>
<kw name="Set Test Variable" library="BuiltIn">
<arg>${volume_name}</arg>
<doc>Makes a variable available everywhere within the scope of the current test.</doc>
<msg timestamp="20230426 16:11:36.788" level="INFO">${volume_name} = vol-b9i65g</msg>
<status status="PASS" starttime="20230426 16:11:36.787" endtime="20230426 16:11:36.788"/>
</kw>
<status status="PASS" starttime="20230426 16:11:36.639" endtime="20230426 16:11:36.788"/>
</kw>
<kw name="And Attach volume to the node" library="keywords">
<kw name="Attach Volume" library="steps">
<var>${volunme_attached_node}</var>
<arg>${volume_name}</arg>
<msg timestamp="20230426 16:11:37.008" level="DEBUG">response body: {"kind":"NodeList","apiVersion":"v1","metadata":{"resourceVersion":"545304"},"items":[{"metadata":{"name":"rc-k8s-1-rc-m1-232445eb-cxzg5","uid":"98e85e47-6efa-4a37-8d38-71548444042e","resourceVersion":"542934","creationTimestamp":"2023-04-25T13:18:43Z","labels":{"beta.kubernetes.io/arch":"amd64","beta.kubernetes.io/instance-type":"rke2","beta.kubernetes.io/os":"linux","kubernetes.io/arch":"amd64","kubernetes.io/hostname":"rc-k8s-1-rc-m1-232445eb-cxzg5","kubernetes.io/os":"linux","node-role.kubernetes.io/control-plane":"true","node-role.kubernetes.io/master":"true","node.kubernetes.io/instance-type":"rke2","plan.upgrade.cattle.io/system-agent-upgrader":"7dbfe3bc7aa1f9e217597840afda8c191bdef89403968ed04de99eec","rke.cattle.io/machine":"7408cb8c-3dd6-4201-94fd-8a6cadca5a23"},"annotations":{"cluster.x-k8s.io/cluster-name":"rc-k8s-1","cluster.x-k8s.io/cluster-namespace":"fleet-default","cluster.x-k8s.io/machine":"rc-k8s-1-rc-m1-658fb4f69f-j6r4z","cluster.x-k8s.io/owner-kind":"MachineSet","cluster.x-k8s.io/owner-name":"rc-k8s-1-rc-m1-658fb4f69f","management.cattle.io/pod-limits":"{}","management.cattle.io/pod-requests":"{\"cpu\":\"900m\",\"memory\":\"1664Mi\",\"pods\":\"7\"}","node.alpha.kubernetes.io/ttl":"0","projectcalico.org/IPv4Address":"172.31.47.144/20","projectcalico.org/IPv4VXLANTunnelAddr":"10.42.75.64","rke2.io/encryption-config-hash":"start-236c9ca7c05fea94ce06e8aa164f8b17fc22397d4942cf64aefb800d2f0d6229","rke2.io/external-ip":"13.230.145.153","rke2.io/hostname":"rc-k8s-1-rc-m1-232445eb-cxzg5","rke2.io/internal-ip":"172.31.47.144","rke2.io/node-args":"[\"server\",\"--advertise-address\",\"172.31.47.144\",\"--agent-token\",\"********\",\"--cni\",\"calico\",\"--disable-etcd\",\"true\",\"--disable-kube-proxy\",\"false\",\"--etcd-expose-metrics\",\"false\",\"--kube-controller-manager-arg\",\"cert-dir=/var/lib/rancher/rke2/server/tls/kube-controller-manager\",\"--kube-controller-manager-arg\",\"secure-port=10257\",\"--kube-controller-manager-extra-mount\",\"/var/lib/rancher/rke2/server/tls/kube-controller-manager:/var/lib/rancher/rke2/server/tls/kube-controller-manager\",\"--kube-scheduler-arg\",\"cert-dir=/var/lib/rancher/rke2/server/tls/kube-scheduler\",\"--kube-scheduler-arg\",\"secure-port=10259\",\"--kube-scheduler-extra-mount\",\"/var/lib/rancher/rke2/server/tls/kube-scheduler:/var/lib/rancher/rke2/server/tls/kube-scheduler\",\"--node-external-ip\",\"13.230.145.153\",\"--node-ip\",\"172.31.47.144\",\"--node-label\",\"rke.cattle.io/machine=7408cb8c-3dd6-4201-94fd-8a6cadca5a23\",\"--node-taint\",\"node-role.kubernetes.io/control-plane:NoSchedule\",\"--private-registry\",\"/etc/rancher/rke2/registries.yaml\",\"--protect-kernel-defaults\",\"false\",\"--server\",\"https://172.31.37.215:9345\",\"--tls-san\",\"13.230.145.153\",\"--token\",\"********\"]","rke2.io/node-config-hash":"SCEIONDGJ7J4ECSSVE4CXKAGK7IDIXZQWKVC2EYQHSE5AVJL3S4Q====","rke2.io/node-env":"{}","volumes.kubernetes.io/controller-managed-attach-detach":"true"},"finalizers":["wrangler.cattle.io/node","wrangler.cattle.io/managed-etcd-controller"],"managedFields":[{"manager":"ancient-changes","operation":"Update","apiVersion":"v1","time":"2023-04-25T13:18:45Z","fieldsType":"FieldsV1","fieldsV1":{"f:metadata":{"f:annotations":{".":{},"f:volumes.kubernetes.io/controller-managed-attach-detach":{}},"f:finalizers":{".":{},"v:\"wrangler.cattle.io/managed-etcd-controller\"":{},"v:\"wrangler.cattle.io/node\"":{}},"f:labels":{".":{},"f:beta.kubernetes.io/arch":{},"f:beta.kubernetes.io/os":{},"f:kubernetes.io/arch":{},"f:kubernetes.io/hostname":{},"f:kubernetes.io/os":{},"f:rke.cattle.io/machine":{}}},"f:status":{"f:addresses":{"k:{\"type\":\"ExternalIP\"}":{".":{},"f:address":{},"f:type":{}}}}}},{"manager":"rke2","operation":"Update","apiVersion":"v1","time":"2023-04-25T13:18:45Z","fieldsType":"FieldsV1","fieldsV1":{"f:metadata":{"f:annotations":{"f:rke2.io/external-ip":{},"f:rke2.io/hostname":{},"f:rke2.io/internal-ip":{},"f:rke2.io/node-args":{},"f:rke2.io/node-config-hash":{},"f:rke2.io/node-env":{}}}}},{"manager":"deploy@rc-k8s-1-rc-m1-232445eb-cxzg5","operation":"Update","apiVersion":"v1","time":"2023-04-25T13:18:53Z","fieldsType":"FieldsV1","fieldsV1":{"f:metadata":{"f:annotations":{"f:rke2.io/encryption-config-hash":{}},"f:labels":{"f:node-role.kubernetes.io/control-plane":{},"f:node-role.kubernetes.io/master":{}}}}},{"manager":"kube-controller-manager","operation":"Update","apiVersion":"v1","time":"2023-04-25T13:19:49Z","fieldsType":"FieldsV1","fieldsV1":{"f:metadata":{"f:annotations":{"f:node.alpha.kubernetes.io/ttl":{}}},"f:spec":{"f:podCIDR":{},"f:podCIDRs":{".":{},"v:\"10.42.3.0/24\"":{}},"f:taints":{}}}},{"manager":"calico-node","operation":"Update","apiVersion":"v1","time":"2023-04-25T13:19:51Z","fieldsType":"FieldsV1","fieldsV1":{"f:metadata":{"f:annotations":{"f:projectcalico.org/IPv4Address":{},"f:projectcalico.org/IPv4VXLANTunnelAddr":{}}},"f:status":{"f:conditions":{"k:{\"type\":\"NetworkUnavailable\"}":{".":{},"f:lastHeartbeatTime":{},"f:lastTransitionTime":{},"f:message":{},"f:reason":{},"f:status":{},"f:type":{}}}}}},{"manager":"rancher","operation":"Update","apiVersion":"v1","time":"2023-04-25T13:19:52Z","fieldsType":"FieldsV1","fieldsV1":{"f:metadata":{"f:annotations":{"f:cluster.x-k8s.io/cluster-name":{},"f:cluster.x-k8s.io/cluster-namespace":{},"f:cluster.x-k8s.io/machine":{},"f:cluster.x-k8s.io/owner-kind":{},"f:cluster.x-k8s.io/owner-name":{}}}}},{"manager":"system-upgrade-controller","operation":"Update","apiVersion":"v1","time":"2023-04-25T13:20:08Z","fieldsType":"FieldsV1","fieldsV1":{"f:metadata":{"f:labels":{"f:plan.upgrade.cattle.io/system-agent-upgrader":{}}}}},{"manager":"agent","operation":"Update","apiVersion":"v1","time":"2023-04-25T14:34:59Z","fieldsType":"FieldsV1","fieldsV1":{"f:metadata":{"f:annotations":{"f:management.cattle.io/pod-limits":{},"f:management.cattle.io/pod-requests":{}}}}},{"manager":"kubelet","operation":"Update","apiVersion":"v1","time":"2023-04-26T08:06:38Z","fieldsType":"FieldsV1","fieldsV1":{"f:status":{"f:conditions":{"k:{\"type\":\"DiskPressure\"}":{"f:lastHeartbeatTime":{}},"k:{\"type\":\"MemoryPressure\"}":{"f:lastHeartbeatTime":{}},"k:{\"type\":\"PIDPressure\"}":{"f:lastHeartbeatTime":{}},"k:{\"type\":\"Ready\"}":{"f:lastHeartbeatTime":{}}},"f:images":{}}},"subresource":"status"}]},"spec":{"podCIDR":"10.42.3.0/24","podCIDRs":["10.42.3.0/24"],"providerID":"rke2://rc-k8s-1-rc-m1-232445eb-cxzg5","taints":[{"key":"node-role.kubernetes.io/control-plane","effect":"NoSchedule"}]},"status":{"capacity":{"cpu":"4","ephemeral-storage":"101583780Ki","hugepages-1Gi":"0","hugepages-2Mi":"0","memory":"16396012Ki","pods":"110"},"allocatable":{"cpu":"4","ephemeral-storage":"98820701107","hugepages-1Gi":"0","hugepages-2Mi":"0","memory":"16396012Ki","pods":"110"},"conditions":[{"type":"NetworkUnavailable","status":"False","lastHeartbeatTime":"2023-04-25T13:19:51Z","lastTransitionTime":"2023-04-25T13:19:51Z","reason":"CalicoIsUp","message":"Calico is running on this node"},{"type":"MemoryPressure","status":"False","lastHeartbeatTime":"2023-04-26T08:06:38Z","lastTransitionTime":"2023-04-25T13:18:42Z","reason":"KubeletHasSufficientMemory","message":"kubelet has sufficient memory available"},{"type":"DiskPressure","status":"False","lastHeartbeatTime":"2023-04-26T08:06:38Z","lastTransitionTime":"2023-04-25T13:18:42Z","reason":"KubeletHasNoDiskPressure","message":"kubelet has no disk pressure"},{"type":"PIDPressure","status":"False","lastHeartbeatTime":"2023-04-26T08:06:38Z","lastTransitionTime":"2023-04-25T13:18:42Z","reason":"KubeletHasSufficientPID","message":"kubelet has sufficient PID available"},{"type":"Ready","status":"True","lastHeartbeatTime":"2023-04-26T08:06:38Z","lastTransitionTime":"2023-04-25T13:19:45Z","reason":"KubeletReady","message":"kubelet is posting ready status. AppArmor enabled"}],"addresses":[{"type":"InternalIP","address":"172.31.47.144"},{"type":"ExternalIP","address":"13.230.145.153"},{"type":"Hostname","address":"rc-k8s-1-rc-m1-232445eb-cxzg5"}],"daemonEndpoints":{"kubeletEndpoint":{"Port":10250}},"nodeInfo":{"machineID":"3b18917e964b4406aec6349f2c56fe04","systemUUID":"ec21dbc4-8e91-1291-de90-52b9bbd5225b","bootID":"6d8b05f2-d9e0-4067-a12c-6e1449fdbdfa","kernelVersion":"5.4.0-1041-aws","osImage":"Ubuntu 20.04.2 LTS","containerRuntimeVersion":"containerd://1.6.15-k3s1","kubeletVersion":"v1.25.7+rke2r1","kubeProxyVersion":"v1.25.7+rke2r1","operatingSystem":"linux","architecture":"amd64"},"images":[{"names":["docker.io/rancher/rancher-agent@sha256:64893bc04d326732e2d429abbd6d0f7f78ec1d34c65da011472174bbeff68359","docker.io/rancher/rancher-agent:v2.7.2"],"sizeBytes":385135091},{"names":["docker.io/rancher/hardened-kubernetes@sha256:68da1cd4ddab8046477cf42c5b16b9a573473821eab76308b4995504158e59d4","docker.io/rancher/hardened-kubernetes:v1.25.7-rke2r1-build20230228"],"sizeBytes":209791718},{"names":["docker.io/rancher/mirrored-calico-cni@sha256:5c9a4923bc31b2c7e1d155111644c4bd940e19f75d832faf15a617132116e8df","docker.io/rancher/mirrored-calico-cni:v3.25.0"],"sizeBytes":87984630},{"names":["docker.io/rancher/mirrored-calico-node@sha256:cc60816f11792b264c3f351ecea4b2dfdf02bdc0b19ff330df1ea9eb36fff675","docker.io/rancher/mirrored-calico-node:v3.25.0"],"sizeBytes":87185624},{"names":["docker.io/rancher/rke2-cloud-provider@sha256:9d54d0e0c6ffa36854255d18347fb85b1a34aee0a82d17182ec11b0d704892de","docker.io/rancher/rke2-cloud-provider:v1.26.1-build20230210"],"sizeBytes":63188050},{"names":["docker.io/rancher/system-agent@sha256:9bb6379007c4afd99948507f82f3b62a9c06ac889fe1baaae4ef0628249ceee3","docker.io/rancher/system-agent:v0.3.2-suc"],"sizeBytes":27695105},{"names":["docker.io/rancher/mirrored-calico-pod2daemon-flexvol@sha256:8002b7917f98bd34b1194a5be9acf6c3244dc717cb2c0f5df927fc9a6d52bfaf","docker.io/rancher/mirrored-calico-pod2daemon-flexvol:v3.25.0"],"sizeBytes":7075735},{"names":["docker.io/rancher/pause@sha256:036d575e82945c112ef84e4585caff3648322a2f9ed4c3a6ce409dd10abc4f34","docker.io/rancher/pause:3.6"],"sizeBytes":299396}]}},{"metadata":{"name":"rc-k8s-1-rc-w1-489d6c2c-52txs","uid":"b8d78097-9c6a-4962-af6c-fffdd501fa6b","resourceVersion":"544946","creationTimestamp":"2023-04-25T13:11:32Z","labels":{"beta.kubernetes.io/arch":"amd64","beta.kubernetes.io/instance-type":"rke2","beta.kubernetes.io/os":"linux","kubernetes.io/arch":"amd64","kubernetes.io/hostname":"rc-k8s-1-rc-w1-489d6c2c-52txs","kubernetes.io/os":"linux","node-role.kubernetes.io/control-plane":"true","node-role.kubernetes.io/etcd":"true","node-role.kubernetes.io/master":"true","node-role.kubernetes.io/worker":"true","node.kubernetes.io/instance-type":"rke2","plan.upgrade.cattle.io/system-agent-upgrader":"7dbfe3bc7aa1f9e217597840afda8c191bdef89403968ed04de99eec","rke.cattle.io/machine":"56582944-7360-48b5-9537-2dd16374a108"},"annotations":{"cluster.x-k8s.io/cluster-name":"rc-k8s-1","cluster.x-k8s.io/cluster-namespace":"fleet-default","cluster.x-k8s.io/machine":"rc-k8s-1-rc-w1-685777789c-zxgh2","cluster.x-k8s.io/owner-kind":"MachineSet","cluster.x-k8s.io/owner-name":"rc-k8s-1-rc-w1-685777789c","csi.volume.kubernetes.io/nodeid":"{\"driver.longhorn.io\":\"rc-k8s-1-rc-w1-489d6c2c-52txs\"}","etcd.rke2.cattle.io/node-address":"172.31.37.215","etcd.rke2.cattle.io/node-name":"rc-k8s-1-rc-w1-489d6c2c-52txs-7d969469","management.cattle.io/pod-limits":"{\"cpu\":\"200m\",\"memory\":\"192Mi\"}","management.cattle.io/pod-requests":"{\"cpu\":\"2285m\",\"memory\":\"2410Mi\",\"pods\":\"29\"}","node.alpha.kubernetes.io/ttl":"0","projectcalico.org/IPv4Address":"172.31.37.215/20","projectcalico.org/IPv4VXLANTunnelAddr":"10.42.5.128","rke2.io/encryption-config-hash":"start-236c9ca7c05fea94ce06e8aa164f8b17fc22397d4942cf64aefb800d2f0d6229","rke2.io/external-ip":"18.181.119.190","rke2.io/hostname":"rc-k8s-1-rc-w1-489d6c2c-52txs","rke2.io/internal-ip":"172.31.37.215","rke2.io/node-args":"[\"server\",\"--advertise-address\",\"172.31.37.215\",\"--agent-token\",\"********\",\"--cni\",\"calico\",\"--disable-kube-proxy\",\"false\",\"--etcd-expose-metrics\",\"false\",\"--etcd-snapshot-retention\",\"5\",\"--etcd-snapshot-schedule-cron\",\"0 */5 * * *\",\"--kube-controller-manager-arg\",\"cert-dir=/var/lib/rancher/rke2/server/tls/kube-controller-manager\",\"--kube-controller-manager-arg\",\"secure-port=10257\",\"--kube-controller-manager-extra-mount\",\"/var/lib/rancher/rke2/server/tls/kube-controller-manager:/var/lib/rancher/rke2/server/tls/kube-controller-manager\",\"--kube-scheduler-arg\",\"cert-dir=/var/lib/rancher/rke2/server/tls/kube-scheduler\",\"--kube-scheduler-arg\",\"secure-port=10259\",\"--kube-scheduler-extra-mount\",\"/var/lib/rancher/rke2/server/tls/kube-scheduler:/var/lib/rancher/rke2/server/tls/kube-scheduler\",\"--node-external-ip\",\"18.181.119.190\",\"--node-ip\",\"172.31.37.215\",\"--node-label\",\"rke.cattle.io/machine=56582944-7360-48b5-9537-2dd16374a108\",\"--private-registry\",\"/etc/rancher/rke2/registries.yaml\",\"--protect-kernel-defaults\",\"false\",\"--tls-san\",\"18.181.119.190\",\"--token\",\"********\"]","rke2.io/node-config-hash":"DS2BD6AP3CQN6HW2UMUNDU4FFB5A4455WHMFHY3JXGORTCOUSKUA====","rke2.io/node-env":"{}","volumes.kubernetes.io/controller-managed-attach-detach":"true"},"finalizers":["wrangler.cattle.io/node","wrangler.cattle.io/managed-etcd-controller"],"managedFields":[{"manager":"ancient-changes","operation":"Update","apiVersion":"v1","time":"2023-04-25T13:11:38Z","fieldsType":"FieldsV1","fieldsV1":{"f:metadata":{"f:annotations":{"f:rke2.io/external-ip":{},"f:rke2.io/hostname":{},"f:rke2.io/internal-ip":{},"f:rke2.io/node-args":{},"f:rke2.io/node-config-hash":{},"f:rke2.io/node-env":{}}},"f:status":{"f:addresses":{"k:{\"type\":\"ExternalIP\"}":{".":{},"f:address":{},"f:type":{}}}}}},{"manager":"deploy@rc-k8s-1-rc-w1-489d6c2c-52txs","operation":"Update","apiVersion":"v1","time":"2023-04-25T13:11:39Z","fieldsType":"FieldsV1","fieldsV1":{"f:metadata":{"f:annotations":{"f:etcd.rke2.cattle.io/node-address":{},"f:etcd.rke2.cattle.io/node-name":{},"f:rke2.io/encryption-config-hash":{}},"f:finalizers":{".":{},"v:\"wrangler.cattle.io/managed-etcd-controller\"":{},"v:\"wrangler.cattle.io/node\"":{}},"f:labels":{"f:node-role.kubernetes.io/control-plane":{},"f:node-role.kubernetes.io/etcd":{},"f:node-role.kubernetes.io/master":{}}}}},{"manager":"calico-node","operation":"Update","apiVersion":"v1","time":"2023-04-25T13:13:17Z","fieldsType":"FieldsV1","fieldsV1":{"f:metadata":{"f:annotations":{"f:projectcalico.org/IPv4Address":{},"f:projectcalico.org/IPv4VXLANTunnelAddr":{}}},"f:status":{"f:conditions":{"k:{\"type\":\"NetworkUnavailable\"}":{".":{},"f:message":{},"f:reason":{},"f:status":{},"f:type":{}}}}}},{"manager":"rancher","operation":"Update","apiVersion":"v1","time":"2023-04-25T13:14:38Z","fieldsType":"FieldsV1","fieldsV1":{"f:metadata":{"f:annotations":{"f:cluster.x-k8s.io/cluster-name":{},"f:cluster.x-k8s.io/cluster-namespace":{},"f:cluster.x-k8s.io/machine":{},"f:cluster.x-k8s.io/owner-kind":{},"f:cluster.x-k8s.io/owner-name":{}},"f:labels":{"f:node-role.kubernetes.io/worker":{}}}}},{"manager":"system-upgrade-controller","operation":"Update","apiVersion":"v1","time":"2023-04-25T13:16:03Z","fieldsType":"FieldsV1","fieldsV1":{"f:metadata":{"f:labels":{"f:plan.upgrade.cattle.io/system-agent-upgrader":{}}}}},{"manager":"kubelet","operation":"Update","apiVersion":"v1","time":"2023-04-25T13:26:33Z","fieldsType":"FieldsV1","fieldsV1":{"f:metadata":{"f:annotations":{"f:csi.volume.kubernetes.io/nodeid":{}}}}},{"manager":"kube-controller-manager","operation":"Update","apiVersion":"v1","time":"2023-04-25T14:34:38Z","fieldsType":"FieldsV1","fieldsV1":{"f:metadata":{"f:annotations":{"f:node.alpha.kubernetes.io/ttl":{}}},"f:spec":{"f:podCIDR":{},"f:podCIDRs":{".":{},"v:\"10.42.0.0/24\"":{}}}}},{"manager":"calico-node","operation":"Update","apiVersion":"v1","time":"2023-04-25T14:34:55Z","fieldsType":"FieldsV1","fieldsV1":{"f:status":{"f:conditions":{"k:{\"type\":\"NetworkUnavailable\"}":{"f:lastHeartbeatTime":{},"f:lastTransitionTime":{}}}}},"subresource":"status"},{"manager":"agent","operation":"Update","apiVersion":"v1","time":"2023-04-25T14:36:07Z","fieldsType":"FieldsV1","fieldsV1":{"f:metadata":{"f:annotations":{"f:management.cattle.io/pod-limits":{},"f:management.cattle.io/pod-requests":{}}}}},{"manager":"kubelet","operation":"Update","apiVersion":"v1","time":"2023-04-26T08:10:52Z","fieldsType":"FieldsV1","fieldsV1":{"f:status":{"f:conditions":{"k:{\"type\":\"DiskPressure\"}":{"f:lastHeartbeatTime":{},"f:lastTransitionTime":{},"f:message":{},"f:reason":{},"f:status":{}},"k:{\"type\":\"MemoryPressure\"}":{"f:lastHeartbeatTime":{},"f:lastTransitionTime":{},"f:message":{},"f:reason":{},"f:status":{}},"k:{\"type\":\"PIDPressure\"}":{"f:lastHeartbeatTime":{},"f:lastTransitionTime":{},"f:message":{},"f:reason":{},"f:status":{}},"k:{\"type\":\"Ready\"}":{"f:lastHeartbeatTime":{},"f:lastTransitionTime":{},"f:message":{},"f:reason":{},"f:status":{}}},"f:images":{},"f:nodeInfo":{"f:bootID":{}}}},"subresource":"status"}]},"spec":{"podCIDR":"10.42.0.0/24","podCIDRs":["10.42.0.0/24"],"providerID":"rke2://rc-k8s-1-rc-w1-489d6c2c-52txs"},"status":{"capacity":{"cpu":"4","ephemeral-storage":"101583780Ki","hugepages-1Gi":"0","hugepages-2Mi":"0","memory":"16396012Ki","pods":"110"},"allocatable":{"cpu":"4","ephemeral-storage":"98820701107","hugepages-1Gi":"0","hugepages-2Mi":"0","memory":"16396012Ki","pods":"110"},"conditions":[{"type":"NetworkUnavailable","status":"False","lastHeartbeatTime":"2023-04-25T14:34:55Z","lastTransitionTime":"2023-04-25T14:34:55Z","reason":"CalicoIsUp","message":"Calico is running on this node"},{"type":"MemoryPressure","status":"False","lastHeartbeatTime":"2023-04-26T08:10:52Z","lastTransitionTime":"2023-04-25T14:34:38Z","reason":"KubeletHasSufficientMemory","message":"kubelet has sufficient memory available"},{"type":"DiskPressure","status":"False","lastHeartbeatTime":"2023-04-26T08:10:52Z","lastTransitionTime":"2023-04-25T14:34:38Z","reason":"KubeletHasNoDiskPressure","message":"kubelet has no disk pressure"},{"type":"PIDPressure","status":"False","lastHeartbeatTime":"2023-04-26T08:10:52Z","lastTransitionTime":"2023-04-25T14:34:38Z","reason":"KubeletHasSufficientPID","message":"kubelet has sufficient PID available"},{"type":"Ready","status":"True","lastHeartbeatTime":"2023-04-26T08:10:52Z","lastTransitionTime":"2023-04-25T14:34:38Z","reason":"KubeletReady","message":"kubelet is posting ready status. AppArmor enabled"}],"addresses":[{"type":"InternalIP","address":"172.31.37.215"},{"type":"ExternalIP","address":"18.181.119.190"},{"type":"Hostname","address":"rc-k8s-1-rc-w1-489d6c2c-52txs"}],"daemonEndpoints":{"kubeletEndpoint":{"Port":10250}},"nodeInfo":{"machineID":"ba08e4e7eecb4052bde308dbcf77cc1e","systemUUID":"ec2c65f7-08d7-0adf-72ae-769880def2b9","bootID":"c663f665-aa0f-4a00-bf10-0deea576b37c","kernelVersion":"5.4.0-1041-aws","osImage":"Ubuntu 20.04.2 LTS","containerRuntimeVersion":"containerd://1.6.15-k3s1","kubeletVersion":"v1.25.7+rke2r1","kubeProxyVersion":"v1.25.7+rke2r1","operatingSystem":"linux","architecture":"amd64"},"images":[{"names":["docker.io/rancher/rancher-agent@sha256:64893bc04d326732e2d429abbd6d0f7f78ec1d34c65da011472174bbeff68359","docker.io/rancher/rancher-agent:v2.7.2"],"sizeBytes":385135091},{"names":["docker.io/rancher/nginx-ingress-controller@sha256:df05f082ddd0b39b1ed72658c191996b1bc265afe7da963345b197ea5f5e3957","docker.io/rancher/nginx-ingress-controller:nginx-1.4.1-hardened2"],"sizeBytes":333760236},{"names":["docker.io/longhornio/longhorn-engine@sha256:e48ab7190283dc3e8e0435b51e5f568bce9d0f0963678c5f74f31a60810c8bc6","docker.io/longhornio/longhorn-engine:v1.4.1"],"sizeBytes":265973303},{"names":["docker.io/longhornio/longhorn-instance-manager@sha256:b61a23444217ce5f54f7d6f20643743bef69286e64305f841bb1bd93e1b0c7c0","docker.io/longhornio/longhorn-instance-manager:v1.4.1"],"sizeBytes":264748747},{"names":["docker.io/rancher/hardened-kubernetes@sha256:68da1cd4ddab8046477cf42c5b16b9a573473821eab76308b4995504158e59d4","docker.io/rancher/hardened-kubernetes:v1.25.7-rke2r1-build20230228"],"sizeBytes":209791718},{"names":["docker.io/rancher/shell@sha256:5aeaedb31fbf32f0b63991f3c30f49460d3190bcea984018ba006fa9e3becb7e","docker.io/rancher/shell:v0.1.19"],"sizeBytes":116933143},{"names":["docker.io/rancher/fleet-agent@sha256:f960d33a73ab1688190ba19911ebdc36084b5fe5ad04fbe3e43ae5055b2a65b4","docker.io/rancher/fleet-agent:v0.6.0"],"sizeBytes":112440540},{"names":["docker.io/longhornio/longhorn-manager@sha256:2dddeeae014b59b0287b9476144ad84d15fd259295f4ee067cffe15b6cfb3f9b","docker.io/longhornio/longhorn-manager:v1.4.1"],"sizeBytes":98066239},{"names":["docker.io/rancher/klipper-helm@sha256:556fd6cea3e2a648b1716a49836571533f574deee438242bc501560f566fe43f","docker.io/rancher/klipper-helm:v0.7.6-build20230223"],"sizeBytes":90708576},{"names":["docker.io/rancher/mirrored-calico-cni@sha256:5c9a4923bc31b2c7e1d155111644c4bd940e19f75d832faf15a617132116e8df","docker.io/rancher/mirrored-calico-cni:v3.25.0"],"sizeBytes":87984630},{"names":["docker.io/rancher/mirrored-calico-node@sha256:cc60816f11792b264c3f351ecea4b2dfdf02bdc0b19ff330df1ea9eb36fff675","docker.io/rancher/mirrored-calico-node:v3.25.0"],"sizeBytes":87185624},{"names":["docker.io/rancher/hardened-etcd@sha256:abb0674e4f1462153f3542ea90c0272988e024d304fe9e1f3267643d744caaab","docker.io/rancher/hardened-etcd:v3.5.4-k3s1-build20221011"],"sizeBytes":64814391},{"names":["docker.io/rancher/hardened-coredns@sha256:3020505d755499eb8d22f631aa88fc597b4849eae18404401087669a6bc5ca06","docker.io/rancher/hardened-coredns:v1.9.3-build20221011"],"sizeBytes":64087613},{"names":["docker.io/rancher/hardened-k8s-metrics-server@sha256:8ec972dd2a8897a4c1760ac7d641662f8488441b987059548e525e95d8a6fa4a","docker.io/rancher/hardened-k8s-metrics-server:v0.6.2-build20221202"],"sizeBytes":64064552},{"names":["docker.io/rancher/rke2-cloud-provider@sha256:9d54d0e0c6ffa36854255d18347fb85b1a34aee0a82d17182ec11b0d704892de","docker.io/rancher/rke2-cloud-provider:v1.26.1-build20230210"],"sizeBytes":63188050},{"names":["docker.io/rancher/hardened-cluster-autoscaler@sha256:18cf5a3f1c2c7df073b310016b1ac28e8e543afb5cffe91da6bc33176f0fb9f8","docker.io/rancher/hardened-cluster-autoscaler:v1.8.5-build20221011"],"sizeBytes":56358657},{"names":["docker.io/rancher/mirrored-calico-kube-controllers@sha256:674a3a4de2e3c3fb17563dcf0f460a19f4d8bd6e735326b94bc01e706d4dc2f1","docker.io/rancher/mirrored-calico-kube-controllers:v3.25.0"],"sizeBytes":31271490},{"names":["docker.io/rancher/mirrored-calico-typha@sha256:3d400ec4c1a8caa9740b8e51b7724584370264a800c30690ba2614c5b0fa18d3","docker.io/rancher/mirrored-calico-typha:v3.25.0"],"sizeBytes":28532876},{"names":["docker.io/rancher/system-agent@sha256:9bb6379007c4afd99948507f82f3b62a9c06ac889fe1baaae4ef0628249ceee3","docker.io/rancher/system-agent:v0.3.2-suc"],"sizeBytes":27695105},{"names":["docker.io/rancher/rancher-webhook@sha256:b231cccb0ff9e28962e1cfea1c53c118be5041728a7aa163131ffd937f4d8093","docker.io/rancher/rancher-webhook:v0.3.2"],"sizeBytes":25024980},{"names":["docker.io/rancher/mirrored-sig-storage-snapshot-controller@sha256:8776214c491da926a9a808b4ad832c297262defeb2d736240ebed4be8d9f3512","docker.io/rancher/mirrored-sig-storage-snapshot-controller:v6.2.1"],"sizeBytes":24225718},{"names":["docker.io/longhornio/csi-snapshotter@sha256:a3c71d6b1ecaefe69330312326b2ccf016a83af67e9b2bc2ad0685dc388c35df","docker.io/longhornio/csi-snapshotter:v5.0.1"],"sizeBytes":22163656},{"names":["docker.io/longhornio/csi-attacher@sha256:365b6e745404cf3eb39ee9bcc55b1af3c4f5357e44dddd0270c3cbb06b252a64","docker.io/longhornio/csi-attacher:v3.4.0"],"sizeBytes":22084988},{"names":["docker.io/longhornio/csi-resizer@sha256:5ce3edf2ab0167a76d09d949a644677ec42428e2b735f6ebabab76a2b3432475","docker.io/longhornio/csi-resizer:v1.3.0"],"sizeBytes":21671030},{"names":["docker.io/longhornio/csi-provisioner@sha256:daa7828fd45897fdeec17d6e987bc54cdc0a0928a7ba6b62d8f8496d6aa5d3be","docker.io/longhornio/csi-provisioner:v2.1.2"],"sizeBytes":21220203},{"names":["docker.io/rancher/mirrored-calico-operator@sha256:a12fbc37db91ad8642459b64daba06ab2502b3e2ce8cb105e5c4fa354d3617ed","docker.io/rancher/mirrored-calico-operator:v1.29.0"],"sizeBytes":21108585},{"names":["docker.io/rancher/mirrored-sig-storage-snapshot-validation-webhook@sha256:0f11f3ce9c91c259b7f5f34b3d64a47a14ac297f3af3379f6386e01b6dd2ef00","docker.io/rancher/mirrored-sig-storage-snapshot-validation-webhook:v6.2.1"],"sizeBytes":21022755},{"names":["docker.io/rancher/mirrored-ingress-nginx-kube-webhook-certgen@sha256:28197903d736aae74cbb1fa9e0ccbd11129395f0f65ad94281cc7fdfec020b25","docker.io/rancher/mirrored-ingress-nginx-kube-webhook-certgen:v1.1.1"],"sizeBytes":18899182},{"names":["docker.io/longhornio/csi-node-driver-registrar@sha256:b3288cdcb832c30acc90f0d6363fc681880f46448f0175078bbd07f2a178634e","docker.io/longhornio/csi-node-driver-registrar:v2.5.0"],"sizeBytes":9132327},{"names":["docker.io/longhornio/livenessprobe@sha256:4a8917674f9eb175ad7d9339d8a5bc0f6f1376612f9abfc3854e7e7282bde75d","docker.io/longhornio/livenessprobe:v2.8.0"],"sizeBytes":8892153},{"names":["docker.io/rancher/system-upgrade-controller@sha256:f4dcde2abcaa21b72247a13bb4c063e40e9803e18a9d5bb3f38038f628cb10ff","docker.io/rancher/system-upgrade-controller:v0.10.0"],"sizeBytes":8592158},{"names":["docker.io/rancher/mirrored-calico-pod2daemon-flexvol@sha256:8002b7917f98bd34b1194a5be9acf6c3244dc717cb2c0f5df927fc9a6d52bfaf","docker.io/rancher/mirrored-calico-pod2daemon-flexvol:v3.25.0"],"sizeBytes":7075735},{"names":["docker.io/library/busybox@sha256:e8e5cca392e3cf056fcdb3093e7ac2bf83fcf28b3bcf5818fe8ae71cf360c231","docker.io/library/busybox:1.34.0"],"sizeBytes":777165},{"names":["docker.io/rancher/pause@sha256:036d575e82945c112ef84e4585caff3648322a2f9ed4c3a6ce409dd10abc4f34","docker.io/rancher/pause:3.6"],"sizeBytes":299396}]}},{"metadata":{"name":"rc-k8s-1-rc-w1-489d6c2c-9kd8l","uid":"239fb342-c912-4966-873f-41270159939f","resourceVersion":"543802","creationTimestamp":"2023-04-25T13:16:34Z","labels":{"beta.kubernetes.io/arch":"amd64","beta.kubernetes.io/instance-type":"rke2","beta.kubernetes.io/os":"linux","kubernetes.io/arch":"amd64","kubernetes.io/hostname":"rc-k8s-1-rc-w1-489d6c2c-9kd8l","kubernetes.io/os":"linux","node-role.kubernetes.io/control-plane":"true","node-role.kubernetes.io/etcd":"true","node-role.kubernetes.io/master":"true","node-role.kubernetes.io/worker":"true","node.kubernetes.io/instance-type":"rke2","plan.upgrade.cattle.io/system-agent-upgrader":"7dbfe3bc7aa1f9e217597840afda8c191bdef89403968ed04de99eec","rke.cattle.io/machine":"5ff77bef-38e9-4d92-b0de-5cc6ba52b235"},"annotations":{"cluster.x-k8s.io/cluster-name":"rc-k8s-1","cluster.x-k8s.io/cluster-namespace":"fleet-default","cluster.x-k8s.io/machine":"rc-k8s-1-rc-w1-685777789c-lvl4q","cluster.x-k8s.io/owner-kind":"MachineSet","cluster.x-k8s.io/owner-name":"rc-k8s-1-rc-w1-685777789c","csi.volume.kubernetes.io/nodeid":"{\"driver.longhorn.io\":\"rc-k8s-1-rc-w1-489d6c2c-9kd8l\"}","etcd.rke2.cattle.io/node-address":"172.31.46.45","etcd.rke2.cattle.io/node-name":"rc-k8s-1-rc-w1-489d6c2c-9kd8l-7b449278","management.cattle.io/pod-limits":"{}","management.cattle.io/pod-requests":"{\"cpu\":\"2160m\",\"memory\":\"2266Mi\",\"pods\":\"23\"}","node.alpha.kubernetes.io/ttl":"0","projectcalico.org/IPv4Address":"172.31.46.45/20","projectcalico.org/IPv4VXLANTunnelAddr":"10.42.179.128","rke2.io/encryption-config-hash":"start-236c9ca7c05fea94ce06e8aa164f8b17fc22397d4942cf64aefb800d2f0d6229","rke2.io/external-ip":"3.112.3.33","rke2.io/hostname":"rc-k8s-1-rc-w1-489d6c2c-9kd8l","rke2.io/internal-ip":"172.31.46.45","rke2.io/node-args":"[\"server\",\"--advertise-address\",\"172.31.46.45\",\"--agent-token\",\"********\",\"--cni\",\"calico\",\"--disable-kube-proxy\",\"false\",\"--etcd-expose-metrics\",\"false\",\"--etcd-snapshot-retention\",\"5\",\"--etcd-snapshot-schedule-cron\",\"0 */5 * * *\",\"--kube-controller-manager-arg\",\"cert-dir=/var/lib/rancher/rke2/server/tls/kube-controller-manager\",\"--kube-controller-manager-arg\",\"secure-port=10257\",\"--kube-controller-manager-extra-mount\",\"/var/lib/rancher/rke2/server/tls/kube-controller-manager:/var/lib/rancher/rke2/server/tls/kube-controller-manager\",\"--kube-scheduler-arg\",\"cert-dir=/var/lib/rancher/rke2/server/tls/kube-scheduler\",\"--kube-scheduler-arg\",\"secure-port=10259\",\"--kube-scheduler-extra-mount\",\"/var/lib/rancher/rke2/server/tls/kube-scheduler:/var/lib/rancher/rke2/server/tls/kube-scheduler\",\"--node-external-ip\",\"3.112.3.33\",\"--node-ip\",\"172.31.46.45\",\"--node-label\",\"rke.cattle.io/machine=5ff77bef-38e9-4d92-b0de-5cc6ba52b235\",\"--private-registry\",\"/etc/rancher/rke2/registries.yaml\",\"--protect-kernel-defaults\",\"false\",\"--server\",\"https://172.31.37.215:9345\",\"--tls-san\",\"3.112.3.33\",\"--token\",\"********\"]","rke2.io/node-config-hash":"V5N4LAEHUODO4J5GY4MT4YG4UUNTQ2ACLEBZZ3IQRX7B4E36V2UA====","rke2.io/node-env":"{}","volumes.kubernetes.io/controller-managed-attach-detach":"true"},"finalizers":["wrangler.cattle.io/node","wrangler.cattle.io/managed-etcd-controller"],"managedFields":[{"manager":"ancient-changes","operation":"Update","apiVersion":"v1","time":"2023-04-25T13:16:35Z","fieldsType":"FieldsV1","fieldsV1":{"f:metadata":{"f:annotations":{"f:rke2.io/external-ip":{},"f:rke2.io/hostname":{},"f:rke2.io/internal-ip":{},"f:rke2.io/node-args":{},"f:rke2.io/node-config-hash":{},"f:rke2.io/node-env":{}},"f:finalizers":{".":{},"v:\"wrangler.cattle.io/managed-etcd-controller\"":{},"v:\"wrangler.cattle.io/node\"":{}}},"f:status":{"f:addresses":{"k:{\"type\":\"ExternalIP\"}":{".":{},"f:address":{},"f:type":{}}}}}},{"manager":"deploy@rc-k8s-1-rc-w1-489d6c2c-9kd8l","operation":"Update","apiVersion":"v1","time":"2023-04-25T13:16:59Z","fieldsType":"FieldsV1","fieldsV1":{"f:metadata":{"f:annotations":{"f:etcd.rke2.cattle.io/node-address":{},"f:etcd.rke2.cattle.io/node-name":{},"f:rke2.io/encryption-config-hash":{}},"f:labels":{"f:node-role.kubernetes.io/control-plane":{},"f:node-role.kubernetes.io/etcd":{},"f:node-role.kubernetes.io/master":{}}}}},{"manager":"kube-controller-manager","operation":"Update","apiVersion":"v1","time":"2023-04-25T13:17:45Z","fieldsType":"FieldsV1","fieldsV1":{"f:metadata":{"f:annotations":{"f:node.alpha.kubernetes.io/ttl":{}}},"f:spec":{"f:podCIDR":{},"f:podCIDRs":{".":{},"v:\"10.42.2.0/24\"":{}}}}},{"manager":"system-upgrade-controller","operation":"Update","apiVersion":"v1","time":"2023-04-25T13:17:50Z","fieldsType":"FieldsV1","fieldsV1":{"f:metadata":{"f:labels":{"f:plan.upgrade.cattle.io/system-agent-upgrader":{}}}}},{"manager":"rancher","operation":"Update","apiVersion":"v1","time":"2023-04-25T13:17:54Z","fieldsType":"FieldsV1","fieldsV1":{"f:metadata":{"f:annotations":{"f:cluster.x-k8s.io/cluster-name":{},"f:cluster.x-k8s.io/cluster-namespace":{},"f:cluster.x-k8s.io/machine":{},"f:cluster.x-k8s.io/owner-kind":{},"f:cluster.x-k8s.io/owner-name":{}},"f:labels":{"f:node-role.kubernetes.io/worker":{}}}}},{"manager":"calico-node","operation":"Update","apiVersion":"v1","time":"2023-04-25T13:17:56Z","fieldsType":"FieldsV1","fieldsV1":{"f:metadata":{"f:annotations":{"f:projectcalico.org/IPv4Address":{},"f:projectcalico.org/IPv4VXLANTunnelAddr":{}}},"f:status":{"f:conditions":{"k:{\"type\":\"NetworkUnavailable\"}":{".":{},"f:lastHeartbeatTime":{},"f:lastTransitionTime":{},"f:message":{},"f:reason":{},"f:status":{},"f:type":{}}}}}},{"manager":"kubelet","operation":"Update","apiVersion":"v1","time":"2023-04-25T13:31:03Z","fieldsType":"FieldsV1","fieldsV1":{"f:metadata":{"f:annotations":{"f:csi.volume.kubernetes.io/nodeid":{}}}}},{"manager":"agent","operation":"Update","apiVersion":"v1","time":"2023-04-26T07:16:55Z","fieldsType":"FieldsV1","fieldsV1":{"f:metadata":{"f:annotations":{"f:management.cattle.io/pod-limits":{},"f:management.cattle.io/pod-requests":{}}}}},{"manager":"kube-controller-manager","operation":"Update","apiVersion":"v1","time":"2023-04-26T07:16:58Z","fieldsType":"FieldsV1","fieldsV1":{"f:status":{"f:volumesAttached":{}}},"subresource":"status"},{"manager":"kubelet","operation":"Update","apiVersion":"v1","time":"2023-04-26T08:08:28Z","fieldsType":"FieldsV1","fieldsV1":{"f:status":{"f:conditions":{"k:{\"type\":\"DiskPressure\"}":{"f:lastHeartbeatTime":{}},"k:{\"type\":\"MemoryPressure\"}":{"f:lastHeartbeatTime":{}},"k:{\"type\":\"PIDPressure\"}":{"f:lastHeartbeatTime":{}},"k:{\"type\":\"Ready\"}":{"f:lastHeartbeatTime":{}}},"f:images":{},"f:volumesInUse":{}}},"subresource":"status"}]},"spec":{"podCIDR":"10.42.2.0/24","podCIDRs":["10.42.2.0/24"],"providerID":"rke2://rc-k8s-1-rc-w1-489d6c2c-9kd8l"},"status":{"capacity":{"cpu":"4","ephemeral-storage":"101583780Ki","hugepages-1Gi":"0","hugepages-2Mi":"0","memory":"16396008Ki","pods":"110"},"allocatable":{"cpu":"4","ephemeral-storage":"98820701107","hugepages-1Gi":"0","hugepages-2Mi":"0","memory":"16396008Ki","pods":"110"},"conditions":[{"type":"NetworkUnavailable","status":"False","lastHeartbeatTime":"2023-04-25T13:17:56Z","lastTransitionTime":"2023-04-25T13:17:56Z","reason":"CalicoIsUp","message":"Calico is running on this node"},{"type":"MemoryPressure","status":"False","lastHeartbeatTime":"2023-04-26T08:08:28Z","lastTransitionTime":"2023-04-25T13:16:32Z","reason":"KubeletHasSufficientMemory","message":"kubelet has sufficient memory available"},{"type":"DiskPressure","status":"False","lastHeartbeatTime":"2023-04-26T08:08:28Z","lastTransitionTime":"2023-04-25T13:16:32Z","reason":"KubeletHasNoDiskPressure","message":"kubelet has no disk pressure"},{"type":"PIDPressure","status":"False","lastHeartbeatTime":"2023-04-26T08:08:28Z","lastTransitionTime":"2023-04-25T13:16:32Z","reason":"KubeletHasSufficientPID","message":"kubelet has sufficient PID available"},{"type":"Ready","status":"True","lastHeartbeatTime":"2023-04-26T08:08:28Z","lastTransitionTime":"2023-04-25T13:17:45Z","reason":"KubeletReady","message":"kubelet is posting ready status. AppArmor enabled"}],"addresses":[{"type":"InternalIP","address":"172.31.46.45"},{"type":"ExternalIP","address":"3.112.3.33"},{"type":"Hostname","address":"rc-k8s-1-rc-w1-489d6c2c-9kd8l"}],"daemonEndpoints":{"kubeletEndpoint":{"Port":10250}},"nodeInfo":{"machineID":"67f504f3ad024402b2574d3762539d47","systemUUID":"ec2a40a8-787f-c643-6a2f-f2e2f06e99c6","bootID":"4c748000-45fd-4ee0-ae0a-531681ba9f7f","kernelVersion":"5.4.0-1041-aws","osImage":"Ubuntu 20.04.2 LTS","containerRuntimeVersion":"containerd://1.6.15-k3s1","kubeletVersion":"v1.25.7+rke2r1","kubeProxyVersion":"v1.25.7+rke2r1","operatingSystem":"linux","architecture":"amd64"},"images":[{"names":["docker.io/rancher/rancher-agent@sha256:64893bc04d326732e2d429abbd6d0f7f78ec1d34c65da011472174bbeff68359","docker.io/rancher/rancher-agent:v2.7.2"],"sizeBytes":385135091},{"names":["docker.io/rancher/nginx-ingress-controller@sha256:df05f082ddd0b39b1ed72658c191996b1bc265afe7da963345b197ea5f5e3957","docker.io/rancher/nginx-ingress-controller:nginx-1.4.1-hardened2"],"sizeBytes":333760236},{"names":["docker.io/longhornio/longhorn-engine@sha256:e48ab7190283dc3e8e0435b51e5f568bce9d0f0963678c5f74f31a60810c8bc6","docker.io/longhornio/longhorn-engine:v1.4.1"],"sizeBytes":265973303},{"names":["docker.io/longhornio/longhorn-instance-manager@sha256:b61a23444217ce5f54f7d6f20643743bef69286e64305f841bb1bd93e1b0c7c0","docker.io/longhornio/longhorn-instance-manager:v1.4.1"],"sizeBytes":264748747},{"names":["docker.io/rancher/hardened-kubernetes@sha256:68da1cd4ddab8046477cf42c5b16b9a573473821eab76308b4995504158e59d4","docker.io/rancher/hardened-kubernetes:v1.25.7-rke2r1-build20230228"],"sizeBytes":209791718},{"names":["docker.io/rancher/shell@sha256:5aeaedb31fbf32f0b63991f3c30f49460d3190bcea984018ba006fa9e3becb7e","docker.io/rancher/shell:v0.1.19"],"sizeBytes":116933143},{"names":["docker.io/longhornio/longhorn-manager@sha256:2dddeeae014b59b0287b9476144ad84d15fd259295f4ee067cffe15b6cfb3f9b","docker.io/longhornio/longhorn-manager:v1.4.1"],"sizeBytes":98066239},{"names":["docker.io/rancher/mirrored-calico-cni@sha256:5c9a4923bc31b2c7e1d155111644c4bd940e19f75d832faf15a617132116e8df","docker.io/rancher/mirrored-calico-cni:v3.25.0"],"sizeBytes":87984630},{"names":["docker.io/rancher/mirrored-calico-node@sha256:cc60816f11792b264c3f351ecea4b2dfdf02bdc0b19ff330df1ea9eb36fff675","docker.io/rancher/mirrored-calico-node:v3.25.0"],"sizeBytes":87185624},{"names":["docker.io/longhornio/longhorn-ui@sha256:281c6197e0a699ea2e1ea8f58f635fa2073dfbe245a1d4ade005b848ad2abda9","docker.io/longhornio/longhorn-ui:v1.4.1"],"sizeBytes":72147175},{"names":["docker.io/rancher/hardened-etcd@sha256:abb0674e4f1462153f3542ea90c0272988e024d304fe9e1f3267643d744caaab","docker.io/rancher/hardened-etcd:v3.5.4-k3s1-build20221011"],"sizeBytes":64814391},{"names":["docker.io/rancher/rke2-cloud-provider@sha256:9d54d0e0c6ffa36854255d18347fb85b1a34aee0a82d17182ec11b0d704892de","docker.io/rancher/rke2-cloud-provider:v1.26.1-build20230210"],"sizeBytes":63188050},{"names":["docker.io/rancher/system-agent@sha256:9bb6379007c4afd99948507f82f3b62a9c06ac889fe1baaae4ef0628249ceee3","docker.io/rancher/system-agent:v0.3.2-suc"],"sizeBytes":27695105},{"names":["docker.io/longhornio/csi-snapshotter@sha256:a3c71d6b1ecaefe69330312326b2ccf016a83af67e9b2bc2ad0685dc388c35df","docker.io/longhornio/csi-snapshotter:v5.0.1"],"sizeBytes":22163656},{"names":["docker.io/longhornio/csi-attacher@sha256:365b6e745404cf3eb39ee9bcc55b1af3c4f5357e44dddd0270c3cbb06b252a64","docker.io/longhornio/csi-attacher:v3.4.0"],"sizeBytes":22084988},{"names":["docker.io/longhornio/csi-resizer@sha256:5ce3edf2ab0167a76d09d949a644677ec42428e2b735f6ebabab76a2b3432475","docker.io/longhornio/csi-resizer:v1.3.0"],"sizeBytes":21671030},{"names":["docker.io/longhornio/csi-provisioner@sha256:daa7828fd45897fdeec17d6e987bc54cdc0a0928a7ba6b62d8f8496d6aa5d3be","docker.io/longhornio/csi-provisioner:v2.1.2"],"sizeBytes":21220203},{"names":["docker.io/library/nginx@sha256:4411951a38c9fb7e91813971944d390ca7a824413ea318260e2bb4da86b172a8","docker.io/library/nginx:stable-alpine"],"sizeBytes":16829085},{"names":["docker.io/longhornio/csi-node-driver-registrar@sha256:b3288cdcb832c30acc90f0d6363fc681880f46448f0175078bbd07f2a178634e","docker.io/longhornio/csi-node-driver-registrar:v2.5.0"],"sizeBytes":9132327},{"names":["docker.io/longhornio/livenessprobe@sha256:4a8917674f9eb175ad7d9339d8a5bc0f6f1376612f9abfc3854e7e7282bde75d","docker.io/longhornio/livenessprobe:v2.8.0"],"sizeBytes":8892153},{"names":["docker.io/rancher/mirrored-calico-pod2daemon-flexvol@sha256:8002b7917f98bd34b1194a5be9acf6c3244dc717cb2c0f5df927fc9a6d52bfaf","docker.io/rancher/mirrored-calico-pod2daemon-flexvol:v3.25.0"],"sizeBytes":7075735},{"names":["docker.io/rancher/pause@sha256:036d575e82945c112ef84e4585caff3648322a2f9ed4c3a6ce409dd10abc4f34","docker.io/rancher/pause:3.6"],"sizeBytes":299396}],"volumesInUse":["kubernetes.io/csi/driver.longhorn.io^pvc-8d37f010-2f09-4035-b475-033a87305078"],"volumesAttached":[{"name":"kubernetes.io/csi/driver.longhorn.io^pvc-8d37f010-2f09-4035-b475-033a87305078","devicePath":""}]}},{"metadata":{"name":"rc-k8s-1-rc-w1-489d6c2c-qstqg","uid":"aa5c2252-8436-4dc4-ae51-1da9a83542db","resourceVersion":"543941","creationTimestamp":"2023-04-25T13:16:02Z","labels":{"beta.kubernetes.io/arch":"amd64","beta.kubernetes.io/instance-type":"rke2","beta.kubernetes.io/os":"linux","kubernetes.io/arch":"amd64","kubernetes.io/hostname":"rc-k8s-1-rc-w1-489d6c2c-qstqg","kubernetes.io/os":"linux","node-role.kubernetes.io/control-plane":"true","node-role.kubernetes.io/etcd":"true","node-role.kubernetes.io/master":"true","node-role.kubernetes.io/worker":"true","node.kubernetes.io/instance-type":"rke2","plan.upgrade.cattle.io/system-agent-upgrader":"7dbfe3bc7aa1f9e217597840afda8c191bdef89403968ed04de99eec","rke.cattle.io/machine":"98fe4482-67e3-42b5-a2b6-f86f829429e3"},"annotations":{"cluster.x-k8s.io/cluster-name":"rc-k8s-1","cluster.x-k8s.io/cluster-namespace":"fleet-default","cluster.x-k8s.io/machine":"rc-k8s-1-rc-w1-685777789c-zc2vr","cluster.x-k8s.io/owner-kind":"MachineSet","cluster.x-k8s.io/owner-name":"rc-k8s-1-rc-w1-685777789c","csi.volume.kubernetes.io/nodeid":"{\"driver.longhorn.io\":\"rc-k8s-1-rc-w1-489d6c2c-qstqg\"}","etcd.rke2.cattle.io/node-address":"172.31.33.237","etcd.rke2.cattle.io/node-name":"rc-k8s-1-rc-w1-489d6c2c-qstqg-c07dff50","management.cattle.io/pod-limits":"{\"cpu\":\"100m\",\"memory\":\"128Mi\"}","management.cattle.io/pod-requests":"{\"cpu\":\"2260m\",\"memory\":\"2394Mi\",\"pods\":\"24\"}","node.alpha.kubernetes.io/ttl":"0","projectcalico.org/IPv4Address":"172.31.33.237/20","projectcalico.org/IPv4VXLANTunnelAddr":"10.42.66.192","rke2.io/encryption-config-hash":"start-236c9ca7c05fea94ce06e8aa164f8b17fc22397d4942cf64aefb800d2f0d6229","rke2.io/external-ip":"54.238.146.44","rke2.io/hostname":"rc-k8s-1-rc-w1-489d6c2c-qstqg","rke2.io/internal-ip":"172.31.33.237","rke2.io/node-args":"[\"server\",\"--advertise-address\",\"172.31.33.237\",\"--agent-token\",\"********\",\"--cni\",\"calico\",\"--disable-kube-proxy\",\"false\",\"--etcd-expose-metrics\",\"false\",\"--etcd-snapshot-retention\",\"5\",\"--etcd-snapshot-schedule-cron\",\"0 */5 * * *\",\"--kube-controller-manager-arg\",\"cert-dir=/var/lib/rancher/rke2/server/tls/kube-controller-manager\",\"--kube-controller-manager-arg\",\"secure-port=10257\",\"--kube-controller-manager-extra-mount\",\"/var/lib/rancher/rke2/server/tls/kube-controller-manager:/var/lib/rancher/rke2/server/tls/kube-controller-manager\",\"--kube-scheduler-arg\",\"cert-dir=/var/lib/rancher/rke2/server/tls/kube-scheduler\",\"--kube-scheduler-arg\",\"secure-port=10259\",\"--kube-scheduler-extra-mount\",\"/var/lib/rancher/rke2/server/tls/kube-scheduler:/var/lib/rancher/rke2/server/tls/kube-scheduler\",\"--node-external-ip\",\"54.238.146.44\",\"--node-ip\",\"172.31.33.237\",\"--node-label\",\"rke.cattle.io/machine=98fe4482-67e3-42b5-a2b6-f86f829429e3\",\"--private-registry\",\"/etc/rancher/rke2/registries.yaml\",\"--protect-kernel-defaults\",\"false\",\"--server\",\"https://172.31.37.215:9345\",\"--tls-san\",\"54.238.146.44\",\"--token\",\"********\"]","rke2.io/node-config-hash":"FXWOUD5QS6AC7QCVCTEMRTBUR7DPLBZZ3SQ52ZNTHLWAJIRV57BQ====","rke2.io/node-env":"{}","volumes.kubernetes.io/controller-managed-attach-detach":"true"},"finalizers":["wrangler.cattle.io/node","wrangler.cattle.io/managed-etcd-controller"],"managedFields":[{"manager":"ancient-changes","operation":"Update","apiVersion":"v1","time":"2023-04-25T13:16:06Z","fieldsType":"FieldsV1","fieldsV1":{"f:metadata":{"f:finalizers":{".":{},"v:\"wrangler.cattle.io/managed-etcd-controller\"":{},"v:\"wrangler.cattle.io/node\"":{}}},"f:status":{"f:addresses":{"k:{\"type\":\"ExternalIP\"}":{".":{},"f:address":{},"f:type":{}}}}}},{"manager":"rke2","operation":"Update","apiVersion":"v1","time":"2023-04-25T13:16:06Z","fieldsType":"FieldsV1","fieldsV1":{"f:metadata":{"f:annotations":{"f:rke2.io/external-ip":{},"f:rke2.io/hostname":{},"f:rke2.io/internal-ip":{},"f:rke2.io/node-args":{},"f:rke2.io/node-config-hash":{},"f:rke2.io/node-env":{}}}}},{"manager":"deploy@rc-k8s-1-rc-w1-489d6c2c-qstqg","operation":"Update","apiVersion":"v1","time":"2023-04-25T13:16:10Z","fieldsType":"FieldsV1","fieldsV1":{"f:metadata":{"f:annotations":{"f:etcd.rke2.cattle.io/node-address":{},"f:etcd.rke2.cattle.io/node-name":{},"f:rke2.io/encryption-config-hash":{}},"f:labels":{"f:node-role.kubernetes.io/control-plane":{},"f:node-role.kubernetes.io/etcd":{},"f:node-role.kubernetes.io/master":{}}}}},{"manager":"system-upgrade-controller","operation":"Update","apiVersion":"v1","time":"2023-04-25T13:16:49Z","fieldsType":"FieldsV1","fieldsV1":{"f:metadata":{"f:labels":{"f:plan.upgrade.cattle.io/system-agent-upgrader":{}}}}},{"manager":"kube-controller-manager","operation":"Update","apiVersion":"v1","time":"2023-04-25T13:17:07Z","fieldsType":"FieldsV1","fieldsV1":{"f:metadata":{"f:annotations":{"f:node.alpha.kubernetes.io/ttl":{}}},"f:spec":{"f:podCIDR":{},"f:podCIDRs":{".":{},"v:\"10.42.1.0/24\"":{}}}}},{"manager":"rancher","operation":"Update","apiVersion":"v1","time":"2023-04-25T13:17:11Z","fieldsType":"FieldsV1","fieldsV1":{"f:metadata":{"f:annotations":{"f:cluster.x-k8s.io/cluster-name":{},"f:cluster.x-k8s.io/cluster-namespace":{},"f:cluster.x-k8s.io/machine":{},"f:cluster.x-k8s.io/owner-kind":{},"f:cluster.x-k8s.io/owner-name":{}},"f:labels":{"f:node-role.kubernetes.io/worker":{}}}}},{"manager":"calico-node","operation":"Update","apiVersion":"v1","time":"2023-04-25T13:17:16Z","fieldsType":"FieldsV1","fieldsV1":{"f:metadata":{"f:annotations":{"f:projectcalico.org/IPv4Address":{},"f:projectcalico.org/IPv4VXLANTunnelAddr":{}}},"f:status":{"f:conditions":{"k:{\"type\":\"NetworkUnavailable\"}":{".":{},"f:lastHeartbeatTime":{},"f:lastTransitionTime":{},"f:message":{},"f:reason":{},"f:status":{},"f:type":{}}}}}},{"manager":"kubelet","operation":"Update","apiVersion":"v1","time":"2023-04-25T13:31:24Z","fieldsType":"FieldsV1","fieldsV1":{"f:metadata":{"f:annotations":{"f:csi.volume.kubernetes.io/nodeid":{}}},"f:status":{"f:conditions":{"k:{\"type\":\"Ready\"}":{"f:lastTransitionTime":{},"f:message":{},"f:reason":{},"f:status":{}}},"f:images":{}}}},{"manager":"agent","operation":"Update","apiVersion":"v1","time":"2023-04-25T14:36:07Z","fieldsType":"FieldsV1","fieldsV1":{"f:metadata":{"f:annotations":{"f:management.cattle.io/pod-limits":{},"f:management.cattle.io/pod-requests":{}}}}},{"manager":"kubelet","operation":"Update","apiVersion":"v1","time":"2023-04-26T08:08:45Z","fieldsType":"FieldsV1","fieldsV1":{"f:status":{"f:conditions":{"k:{\"type\":\"DiskPressure\"}":{"f:lastHeartbeatTime":{}},"k:{\"type\":\"MemoryPressure\"}":{"f:lastHeartbeatTime":{}},"k:{\"type\":\"PIDPressure\"}":{"f:lastHeartbeatTime":{}},"k:{\"type\":\"Ready\"}":{"f:lastHeartbeatTime":{}}}}},"subresource":"status"}]},"spec":{"podCIDR":"10.42.1.0/24","podCIDRs":["10.42.1.0/24"],"providerID":"rke2://rc-k8s-1-rc-w1-489d6c2c-qstqg"},"status":{"capacity":{"cpu":"4","ephemeral-storage":"101583780Ki","hugepages-1Gi":"0","hugepages-2Mi":"0","memory":"16396012Ki","pods":"110"},"allocatable":{"cpu":"4","ephemeral-storage":"98820701107","hugepages-1Gi":"0","hugepages-2Mi":"0","memory":"16396012Ki","pods":"110"},"conditions":[{"type":"NetworkUnavailable","status":"False","lastHeartbeatTime":"2023-04-25T13:17:16Z","lastTransitionTime":"2023-04-25T13:17:16Z","reason":"CalicoIsUp","message":"Calico is running on this node"},{"type":"MemoryPressure","status":"False","lastHeartbeatTime":"2023-04-26T08:08:45Z","lastTransitionTime":"2023-04-25T13:16:02Z","reason":"KubeletHasSufficientMemory","message":"kubelet has sufficient memory available"},{"type":"DiskPressure","status":"False","lastHeartbeatTime":"2023-04-26T08:08:45Z","lastTransitionTime":"2023-04-25T13:16:02Z","reason":"KubeletHasNoDiskPressure","message":"kubelet has no disk pressure"},{"type":"PIDPressure","status":"False","lastHeartbeatTime":"2023-04-26T08:08:45Z","lastTransitionTime":"2023-04-25T13:16:02Z","reason":"KubeletHasSufficientPID","message":"kubelet has sufficient PID available"},{"type":"Ready","status":"True","lastHeartbeatTime":"2023-04-26T08:08:45Z","lastTransitionTime":"2023-04-25T13:17:07Z","reason":"KubeletReady","message":"kubelet is posting ready status. AppArmor enabled"}],"addresses":[{"type":"InternalIP","address":"172.31.33.237"},{"type":"ExternalIP","address":"54.238.146.44"},{"type":"Hostname","address":"rc-k8s-1-rc-w1-489d6c2c-qstqg"}],"daemonEndpoints":{"kubeletEndpoint":{"Port":10250}},"nodeInfo":{"machineID":"10671bccb0f14aaf886753d0e92ed844","systemUUID":"ec211bf6-1250-8111-e32f-fb21e21d045f","bootID":"69ad99d5-25d0-44c3-83ec-7bd6fd51fc97","kernelVersion":"5.4.0-1041-aws","osImage":"Ubuntu 20.04.2 LTS","containerRuntimeVersion":"containerd://1.6.15-k3s1","kubeletVersion":"v1.25.7+rke2r1","kubeProxyVersion":"v1.25.7+rke2r1","operatingSystem":"linux","architecture":"amd64"},"images":[{"names":["docker.io/rancher/rancher-agent@sha256:64893bc04d326732e2d429abbd6d0f7f78ec1d34c65da011472174bbeff68359","docker.io/rancher/rancher-agent:v2.7.2"],"sizeBytes":385135091},{"names":["docker.io/rancher/nginx-ingress-controller@sha256:df05f082ddd0b39b1ed72658c191996b1bc265afe7da963345b197ea5f5e3957","docker.io/rancher/nginx-ingress-controller:nginx-1.4.1-hardened2"],"sizeBytes":333760236},{"names":["docker.io/longhornio/longhorn-engine@sha256:e48ab7190283dc3e8e0435b51e5f568bce9d0f0963678c5f74f31a60810c8bc6","docker.io/longhornio/longhorn-engine:v1.4.1"],"sizeBytes":265973303},{"names":["docker.io/longhornio/longhorn-instance-manager@sha256:b61a23444217ce5f54f7d6f20643743bef69286e64305f841bb1bd93e1b0c7c0","docker.io/longhornio/longhorn-instance-manager:v1.4.1"],"sizeBytes":264748747},{"names":["docker.io/rancher/hardened-kubernetes@sha256:68da1cd4ddab8046477cf42c5b16b9a573473821eab76308b4995504158e59d4","docker.io/rancher/hardened-kubernetes:v1.25.7-rke2r1-build20230228"],"sizeBytes":209791718},{"names":["docker.io/longhornio/longhorn-manager@sha256:2dddeeae014b59b0287b9476144ad84d15fd259295f4ee067cffe15b6cfb3f9b","docker.io/longhornio/longhorn-manager:v1.4.1"],"sizeBytes":98066239},{"names":["docker.io/rancher/mirrored-calico-cni@sha256:5c9a4923bc31b2c7e1d155111644c4bd940e19f75d832faf15a617132116e8df","docker.io/rancher/mirrored-calico-cni:v3.25.0"],"sizeBytes":87984630},{"names":["docker.io/rancher/mirrored-calico-node@sha256:cc60816f11792b264c3f351ecea4b2dfdf02bdc0b19ff330df1ea9eb36fff675","docker.io/rancher/mirrored-calico-node:v3.25.0"],"sizeBytes":87185624},{"names":["docker.io/longhornio/longhorn-ui@sha256:281c6197e0a699ea2e1ea8f58f635fa2073dfbe245a1d4ade005b848ad2abda9","docker.io/longhornio/longhorn-ui:v1.4.1"],"sizeBytes":72147175},{"names":["docker.io/rancher/hardened-etcd@sha256:abb0674e4f1462153f3542ea90c0272988e024d304fe9e1f3267643d744caaab","docker.io/rancher/hardened-etcd:v3.5.4-k3s1-build20221011"],"sizeBytes":64814391},{"names":["docker.io/rancher/hardened-coredns@sha256:3020505d755499eb8d22f631aa88fc597b4849eae18404401087669a6bc5ca06","docker.io/rancher/hardened-coredns:v1.9.3-build20221011"],"sizeBytes":64087613},{"names":["docker.io/rancher/rke2-cloud-provider@sha256:9d54d0e0c6ffa36854255d18347fb85b1a34aee0a82d17182ec11b0d704892de","docker.io/rancher/rke2-cloud-provider:v1.26.1-build20230210"],"sizeBytes":63188050},{"names":["docker.io/rancher/mirrored-calico-typha@sha256:3d400ec4c1a8caa9740b8e51b7724584370264a800c30690ba2614c5b0fa18d3","docker.io/rancher/mirrored-calico-typha:v3.25.0"],"sizeBytes":28532876},{"names":["docker.io/rancher/system-agent@sha256:9bb6379007c4afd99948507f82f3b62a9c06ac889fe1baaae4ef0628249ceee3","docker.io/rancher/system-agent:v0.3.2-suc"],"sizeBytes":27695105},{"names":["docker.io/rancher/rancher-webhook@sha256:d693ceaef40f3727cebc5914ddc248d5d2e67f15e95db960c64bdbc49b9ed8d0","docker.io/rancher/rancher-webhook:v0.3.3"],"sizeBytes":25023742},{"names":["docker.io/longhornio/csi-snapshotter@sha256:a3c71d6b1ecaefe69330312326b2ccf016a83af67e9b2bc2ad0685dc388c35df","docker.io/longhornio/csi-snapshotter:v5.0.1"],"sizeBytes":22163656},{"names":["docker.io/longhornio/csi-attacher@sha256:365b6e745404cf3eb39ee9bcc55b1af3c4f5357e44dddd0270c3cbb06b252a64","docker.io/longhornio/csi-attacher:v3.4.0"],"sizeBytes":22084988},{"names":["docker.io/longhornio/csi-resizer@sha256:5ce3edf2ab0167a76d09d949a644677ec42428e2b735f6ebabab76a2b3432475","docker.io/longhornio/csi-resizer:v1.3.0"],"sizeBytes":21671030},{"names":["docker.io/longhornio/csi-provisioner@sha256:daa7828fd45897fdeec17d6e987bc54cdc0a0928a7ba6b62d8f8496d6aa5d3be","docker.io/longhornio/csi-provisioner:v2.1.2"],"sizeBytes":21220203},{"names":["docker.io/longhornio/csi-node-driver-registrar@sha256:b3288cdcb832c30acc90f0d6363fc681880f46448f0175078bbd07f2a178634e","docker.io/longhornio/csi-node-driver-registrar:v2.5.0"],"sizeBytes":9132327},{"names":["docker.io/longhornio/livenessprobe@sha256:4a8917674f9eb175ad7d9339d8a5bc0f6f1376612f9abfc3854e7e7282bde75d","docker.io/longhornio/livenessprobe:v2.8.0"],"sizeBytes":8892153},{"names":["docker.io/rancher/mirrored-calico-pod2daemon-flexvol@sha256:8002b7917f98bd34b1194a5be9acf6c3244dc717cb2c0f5df927fc9a6d52bfaf","docker.io/rancher/mirrored-calico-pod2daemon-flexvol:v3.25.0"],"sizeBytes":7075735},{"names":["docker.io/rancher/pause@sha256:036d575e82945c112ef84e4585caff3648322a2f9ed4c3a6ce409dd10abc4f34","docker.io/rancher/pause:3.6"],"sizeBytes":299396}]}}]}
</msg>
<msg timestamp="20230426 16:11:37.088" level="DEBUG">response body: {"apiVersion":"longhorn.io/v1beta2","kind":"Volume","metadata":{"creationTimestamp":"2023-04-26T08:11:36Z","finalizers":["longhorn.io"],"generation":3,"labels":{"longhornvolume":"vol-b9i65g","recurring-job-group.longhorn.io/default":"enabled","setting.longhorn.io/remove-snapshots-during-filesystem-trim":"ignored","setting.longhorn.io/replica-auto-balance":"ignored","setting.longhorn.io/snapshot-data-integrity":"ignored"},"managedFields":[{"apiVersion":"longhorn.io/v1beta2","fieldsType":"FieldsV1","fieldsV1":{"f:metadata":{"f:labels":{"f:recurring-job-group.longhorn.io/default":{}}},"f:spec":{"f:Standby":{},"f:backingImage":{},"f:baseImage":{},"f:dataSource":{},"f:disableFrontend":{},"f:encrypted":{},"f:fromBackup":{},"f:lastAttachedBy":{},"f:migratable":{},"f:migrationNodeID":{},"f:revisionCounterDisabled":{},"f:staleReplicaTimeout":{}}},"manager":"longhorn-manager","operation":"Update","time":"2023-04-26T08:11:36Z"},{"apiVersion":"longhorn.io/v1beta2","fieldsType":"FieldsV1","fieldsV1":{"f:status":{".":{},"f:actualSize":{},"f:cloneStatus":{".":{},"f:snapshot":{},"f:sourceVolume":{},"f:state":{}},"f:conditions":{},"f:currentImage":{},"f:currentNodeID":{},"f:expansionRequired":{},"f:frontendDisabled":{},"f:isStandby":{},"f:kubernetesStatus":{".":{},"f:lastPVCRefAt":{},"f:lastPodRefAt":{},"f:namespace":{},"f:pvName":{},"f:pvStatus":{},"f:pvcName":{},"f:workloadsStatus":{}},"f:lastBackup":{},"f:lastBackupAt":{},"f:lastDegradedAt":{},"f:ownerID":{},"f:pendingNodeID":{},"f:remountRequestedAt":{},"f:restoreInitiated":{},"f:restoreRequired":{},"f:robustness":{},"f:shareEndpoint":{},"f:shareState":{},"f:state":{}}},"manager":"longhorn-manager","operation":"Update","subresource":"status","time":"2023-04-26T08:11:36Z"},{"apiVersion":"longhorn.io/v1beta2","fieldsType":"FieldsV1","fieldsV1":{"f:spec":{".":{},"f:accessMode":{},"f:frontend":{},"f:nodeID":{},"f:numberOfReplicas":{},"f:replicaAutoBalance":{},"f:size":{}}},"manager":"OpenAPI-Generator","operation":"Update","time":"2023-04-26T08:11:37Z"}],"name":"vol-b9i65g","namespace":"longhorn-system","resourceVersion":"545321","uid":"e36e2c9b-86ac-461d-85b9-01adc9f9b8c7"},"spec":{"Standby":false,"accessMode":"rwo","backingImage":"","baseImage":"","dataLocality":"disabled","dataSource":"","disableFrontend":false,"diskSelector":[],"encrypted":false,"engineImage":"longhornio/longhorn-engine:v1.4.1","fromBackup":"","frontend":"blockdev","lastAttachedBy":"","migratable":false,"migrationNodeID":"","nodeID":"rc-k8s-1-rc-w1-489d6c2c-52txs","nodeSelector":[],"numberOfReplicas":3,"recurringJobs":[],"replicaAutoBalance":"ignored","restoreVolumeRecurringJob":"ignored","revisionCounterDisabled":false,"size":"1073741824","snapshotDataIntegrity":"ignored","staleReplicaTimeout":0,"unmapMarkSnapChainRemoved":"ignored"},"status":{"actualSize":0,"cloneStatus":{"snapshot":"","sourceVolume":"","state":""},"conditions":null,"currentImage":"","currentNodeID":"","expansionRequired":false,"frontendDisabled":false,"isStandby":false,"kubernetesStatus":{"lastPVCRefAt":"","lastPodRefAt":"","namespace":"","pvName":"","pvStatus":"","pvcName":"","workloadsStatus":null},"lastBackup":"","lastBackupAt":"","lastDegradedAt":"","ownerID":"rc-k8s-1-rc-w1-489d6c2c-9kd8l","pendingNodeID":"","remountRequestedAt":"","restoreInitiated":false,"restoreRequired":false,"robustness":"","shareEndpoint":"","shareState":"","state":""}}
</msg>
<msg timestamp="20230426 16:11:37.154" level="DEBUG">response body: {"apiVersion":"longhorn.io/v1beta2","kind":"Volume","metadata":{"creationTimestamp":"2023-04-26T08:11:36Z","finalizers":["longhorn.io"],"generation":3,"labels":{"longhornvolume":"vol-b9i65g","recurring-job-group.longhorn.io/default":"enabled","setting.longhorn.io/remove-snapshots-during-filesystem-trim":"ignored","setting.longhorn.io/replica-auto-balance":"ignored","setting.longhorn.io/snapshot-data-integrity":"ignored"},"managedFields":[{"apiVersion":"longhorn.io/v1beta2","fieldsType":"FieldsV1","fieldsV1":{"f:metadata":{"f:labels":{"f:recurring-job-group.longhorn.io/default":{}}},"f:spec":{"f:Standby":{},"f:backingImage":{},"f:baseImage":{},"f:dataSource":{},"f:disableFrontend":{},"f:encrypted":{},"f:fromBackup":{},"f:lastAttachedBy":{},"f:migratable":{},"f:migrationNodeID":{},"f:revisionCounterDisabled":{},"f:staleReplicaTimeout":{}}},"manager":"longhorn-manager","operation":"Update","time":"2023-04-26T08:11:36Z"},{"apiVersion":"longhorn.io/v1beta2","fieldsType":"FieldsV1","fieldsV1":{"f:spec":{".":{},"f:accessMode":{},"f:frontend":{},"f:nodeID":{},"f:numberOfReplicas":{},"f:replicaAutoBalance":{},"f:size":{}}},"manager":"OpenAPI-Generator","operation":"Update","time":"2023-04-26T08:11:37Z"},{"apiVersion":"longhorn.io/v1beta2","fieldsType":"FieldsV1","fieldsV1":{"f:status":{".":{},"f:actualSize":{},"f:cloneStatus":{".":{},"f:snapshot":{},"f:sourceVolume":{},"f:state":{}},"f:conditions":{},"f:currentImage":{},"f:currentNodeID":{},"f:expansionRequired":{},"f:frontendDisabled":{},"f:isStandby":{},"f:kubernetesStatus":{".":{},"f:lastPVCRefAt":{},"f:lastPodRefAt":{},"f:namespace":{},"f:pvName":{},"f:pvStatus":{},"f:pvcName":{},"f:workloadsStatus":{}},"f:lastBackup":{},"f:lastBackupAt":{},"f:lastDegradedAt":{},"f:ownerID":{},"f:pendingNodeID":{},"f:remountRequestedAt":{},"f:restoreInitiated":{},"f:restoreRequired":{},"f:robustness":{},"f:shareEndpoint":{},"f:shareState":{},"f:state":{}}},"manager":"longhorn-manager","operation":"Update","subresource":"status","time":"2023-04-26T08:11:37Z"}],"name":"vol-b9i65g","namespace":"longhorn-system","resourceVersion":"545329","uid":"e36e2c9b-86ac-461d-85b9-01adc9f9b8c7"},"spec":{"Standby":false,"accessMode":"rwo","backingImage":"","baseImage":"","dataLocality":"disabled","dataSource":"","disableFrontend":false,"diskSelector":[],"encrypted":false,"engineImage":"longhornio/longhorn-engine:v1.4.1","fromBackup":"","frontend":"blockdev","lastAttachedBy":"","migratable":false,"migrationNodeID":"","nodeID":"rc-k8s-1-rc-w1-489d6c2c-52txs","nodeSelector":[],"numberOfReplicas":3,"recurringJobs":[],"replicaAutoBalance":"ignored","restoreVolumeRecurringJob":"ignored","revisionCounterDisabled":false,"size":"1073741824","snapshotDataIntegrity":"ignored","staleReplicaTimeout":0,"unmapMarkSnapChainRemoved":"ignored"},"status":{"actualSize":0,"cloneStatus":{"snapshot":"","sourceVolume":"","state":""},"conditions":[{"lastProbeTime":"","lastTransitionTime":"2023-04-26T08:11:37Z","message":"","reason":"","status":"False","type":"toomanysnapshots"},{"lastProbeTime":"","lastTransitionTime":"2023-04-26T08:11:37Z","message":"","reason":"","status":"True","type":"scheduled"}],"currentImage":"longhornio/longhorn-engine:v1.4.1","currentNodeID":"rc-k8s-1-rc-w1-489d6c2c-52txs","expansionRequired":false,"frontendDisabled":false,"isStandby":false,"kubernetesStatus":{"lastPVCRefAt":"","lastPodRefAt":"","namespace":"","pvName":"","pvStatus":"","pvcName":"","workloadsStatus":null},"lastBackup":"","lastBackupAt":"","lastDegradedAt":"","ownerID":"rc-k8s-1-rc-w1-489d6c2c-52txs","pendingNodeID":"","remountRequestedAt":"","restoreInitiated":false,"restoreRequired":false,"robustness":"","shareEndpoint":"","shareState":"","state":"attaching"}}
</msg>
<msg timestamp="20230426 16:11:37.205" level="DEBUG">response body: {"apiVersion":"longhorn.io/v1beta2","kind":"Volume","metadata":{"creationTimestamp":"2023-04-26T08:11:36Z","finalizers":["longhorn.io"],"generation":3,"labels":{"longhornvolume":"vol-b9i65g","recurring-job-group.longhorn.io/default":"enabled","setting.longhorn.io/remove-snapshots-during-filesystem-trim":"ignored","setting.longhorn.io/replica-auto-balance":"ignored","setting.longhorn.io/snapshot-data-integrity":"ignored"},"managedFields":[{"apiVersion":"longhorn.io/v1beta2","fieldsType":"FieldsV1","fieldsV1":{"f:metadata":{"f:labels":{"f:recurring-job-group.longhorn.io/default":{}}},"f:spec":{"f:Standby":{},"f:backingImage":{},"f:baseImage":{},"f:dataSource":{},"f:disableFrontend":{},"f:encrypted":{},"f:fromBackup":{},"f:lastAttachedBy":{},"f:migratable":{},"f:migrationNodeID":{},"f:revisionCounterDisabled":{},"f:staleReplicaTimeout":{}}},"manager":"longhorn-manager","operation":"Update","time":"2023-04-26T08:11:36Z"},{"apiVersion":"longhorn.io/v1beta2","fieldsType":"FieldsV1","fieldsV1":{"f:spec":{".":{},"f:accessMode":{},"f:frontend":{},"f:nodeID":{},"f:numberOfReplicas":{},"f:replicaAutoBalance":{},"f:size":{}}},"manager":"OpenAPI-Generator","operation":"Update","time":"2023-04-26T08:11:37Z"},{"apiVersion":"longhorn.io/v1beta2","fieldsType":"FieldsV1","fieldsV1":{"f:status":{".":{},"f:actualSize":{},"f:cloneStatus":{".":{},"f:snapshot":{},"f:sourceVolume":{},"f:state":{}},"f:conditions":{},"f:currentImage":{},"f:currentNodeID":{},"f:expansionRequired":{},"f:frontendDisabled":{},"f:isStandby":{},"f:kubernetesStatus":{".":{},"f:lastPVCRefAt":{},"f:lastPodRefAt":{},"f:namespace":{},"f:pvName":{},"f:pvStatus":{},"f:pvcName":{},"f:workloadsStatus":{}},"f:lastBackup":{},"f:lastBackupAt":{},"f:lastDegradedAt":{},"f:ownerID":{},"f:pendingNodeID":{},"f:remountRequestedAt":{},"f:restoreInitiated":{},"f:restoreRequired":{},"f:robustness":{},"f:shareEndpoint":{},"f:shareState":{},"f:state":{}}},"manager":"longhorn-manager","operation":"Update","subresource":"status","time":"2023-04-26T08:11:37Z"}],"name":"vol-b9i65g","namespace":"longhorn-system","resourceVersion":"545329","uid":"e36e2c9b-86ac-461d-85b9-01adc9f9b8c7"},"spec":{"Standby":false,"accessMode":"rwo","backingImage":"","baseImage":"","dataLocality":"disabled","dataSource":"","disableFrontend":false,"diskSelector":[],"encrypted":false,"engineImage":"longhornio/longhorn-engine:v1.4.1","fromBackup":"","frontend":"blockdev","lastAttachedBy":"","migratable":false,"migrationNodeID":"","nodeID":"rc-k8s-1-rc-w1-489d6c2c-52txs","nodeSelector":[],"numberOfReplicas":3,"recurringJobs":[],"replicaAutoBalance":"ignored","restoreVolumeRecurringJob":"ignored","revisionCounterDisabled":false,"size":"1073741824","snapshotDataIntegrity":"ignored","staleReplicaTimeout":0,"unmapMarkSnapChainRemoved":"ignored"},"status":{"actualSize":0,"cloneStatus":{"snapshot":"","sourceVolume":"","state":""},"conditions":[{"lastProbeTime":"","lastTransitionTime":"2023-04-26T08:11:37Z","message":"","reason":"","status":"False","type":"toomanysnapshots"},{"lastProbeTime":"","lastTransitionTime":"2023-04-26T08:11:37Z","message":"","reason":"","status":"True","type":"scheduled"}],"currentImage":"longhornio/longhorn-engine:v1.4.1","currentNodeID":"rc-k8s-1-rc-w1-489d6c2c-52txs","expansionRequired":false,"frontendDisabled":false,"isStandby":false,"kubernetesStatus":{"lastPVCRefAt":"","lastPodRefAt":"","namespace":"","pvName":"","pvStatus":"","pvcName":"","workloadsStatus":null},"lastBackup":"","lastBackupAt":"","lastDegradedAt":"","ownerID":"rc-k8s-1-rc-w1-489d6c2c-52txs","pendingNodeID":"","remountRequestedAt":"","restoreInitiated":false,"restoreRequired":false,"robustness":"","shareEndpoint":"","shareState":"","state":"attaching"}}
</msg>
<msg timestamp="20230426 16:11:38.260" level="DEBUG">response body: {"apiVersion":"longhorn.io/v1beta2","kind":"Volume","metadata":{"creationTimestamp":"2023-04-26T08:11:36Z","finalizers":["longhorn.io"],"generation":3,"labels":{"longhornvolume":"vol-b9i65g","recurring-job-group.longhorn.io/default":"enabled","setting.longhorn.io/remove-snapshots-during-filesystem-trim":"ignored","setting.longhorn.io/replica-auto-balance":"ignored","setting.longhorn.io/snapshot-data-integrity":"ignored"},"managedFields":[{"apiVersion":"longhorn.io/v1beta2","fieldsType":"FieldsV1","fieldsV1":{"f:metadata":{"f:labels":{"f:recurring-job-group.longhorn.io/default":{}}},"f:spec":{"f:Standby":{},"f:backingImage":{},"f:baseImage":{},"f:dataSource":{},"f:disableFrontend":{},"f:encrypted":{},"f:fromBackup":{},"f:lastAttachedBy":{},"f:migratable":{},"f:migrationNodeID":{},"f:revisionCounterDisabled":{},"f:staleReplicaTimeout":{}}},"manager":"longhorn-manager","operation":"Update","time":"2023-04-26T08:11:36Z"},{"apiVersion":"longhorn.io/v1beta2","fieldsType":"FieldsV1","fieldsV1":{"f:spec":{".":{},"f:accessMode":{},"f:frontend":{},"f:nodeID":{},"f:numberOfReplicas":{},"f:replicaAutoBalance":{},"f:size":{}}},"manager":"OpenAPI-Generator","operation":"Update","time":"2023-04-26T08:11:37Z"},{"apiVersion":"longhorn.io/v1beta2","fieldsType":"FieldsV1","fieldsV1":{"f:status":{".":{},"f:actualSize":{},"f:cloneStatus":{".":{},"f:snapshot":{},"f:sourceVolume":{},"f:state":{}},"f:conditions":{},"f:currentImage":{},"f:currentNodeID":{},"f:expansionRequired":{},"f:frontendDisabled":{},"f:isStandby":{},"f:kubernetesStatus":{".":{},"f:lastPVCRefAt":{},"f:lastPodRefAt":{},"f:namespace":{},"f:pvName":{},"f:pvStatus":{},"f:pvcName":{},"f:workloadsStatus":{}},"f:lastBackup":{},"f:lastBackupAt":{},"f:lastDegradedAt":{},"f:ownerID":{},"f:pendingNodeID":{},"f:remountRequestedAt":{},"f:restoreInitiated":{},"f:restoreRequired":{},"f:robustness":{},"f:shareEndpoint":{},"f:shareState":{},"f:state":{}}},"manager":"longhorn-manager","operation":"Update","subresource":"status","time":"2023-04-26T08:11:37Z"}],"name":"vol-b9i65g","namespace":"longhorn-system","resourceVersion":"545329","uid":"e36e2c9b-86ac-461d-85b9-01adc9f9b8c7"},"spec":{"Standby":false,"accessMode":"rwo","backingImage":"","baseImage":"","dataLocality":"disabled","dataSource":"","disableFrontend":false,"diskSelector":[],"encrypted":false,"engineImage":"longhornio/longhorn-engine:v1.4.1","fromBackup":"","frontend":"blockdev","lastAttachedBy":"","migratable":false,"migrationNodeID":"","nodeID":"rc-k8s-1-rc-w1-489d6c2c-52txs","nodeSelector":[],"numberOfReplicas":3,"recurringJobs":[],"replicaAutoBalance":"ignored","restoreVolumeRecurringJob":"ignored","revisionCounterDisabled":false,"size":"1073741824","snapshotDataIntegrity":"ignored","staleReplicaTimeout":0,"unmapMarkSnapChainRemoved":"ignored"},"status":{"actualSize":0,"cloneStatus":{"snapshot":"","sourceVolume":"","state":""},"conditions":[{"lastProbeTime":"","lastTransitionTime":"2023-04-26T08:11:37Z","message":"","reason":"","status":"False","type":"toomanysnapshots"},{"lastProbeTime":"","lastTransitionTime":"2023-04-26T08:11:37Z","message":"","reason":"","status":"True","type":"scheduled"}],"currentImage":"longhornio/longhorn-engine:v1.4.1","currentNodeID":"rc-k8s-1-rc-w1-489d6c2c-52txs","expansionRequired":false,"frontendDisabled":false,"isStandby":false,"kubernetesStatus":{"lastPVCRefAt":"","lastPodRefAt":"","namespace":"","pvName":"","pvStatus":"","pvcName":"","workloadsStatus":null},"lastBackup":"","lastBackupAt":"","lastDegradedAt":"","ownerID":"rc-k8s-1-rc-w1-489d6c2c-52txs","pendingNodeID":"","remountRequestedAt":"","restoreInitiated":false,"restoreRequired":false,"robustness":"","shareEndpoint":"","shareState":"","state":"attaching"}}
</msg>
<msg timestamp="20230426 16:11:39.316" level="DEBUG">response body: {"apiVersion":"longhorn.io/v1beta2","kind":"Volume","metadata":{"creationTimestamp":"2023-04-26T08:11:36Z","finalizers":["longhorn.io"],"generation":3,"labels":{"longhornvolume":"vol-b9i65g","recurring-job-group.longhorn.io/default":"enabled","setting.longhorn.io/remove-snapshots-during-filesystem-trim":"ignored","setting.longhorn.io/replica-auto-balance":"ignored","setting.longhorn.io/snapshot-data-integrity":"ignored"},"managedFields":[{"apiVersion":"longhorn.io/v1beta2","fieldsType":"FieldsV1","fieldsV1":{"f:metadata":{"f:labels":{"f:recurring-job-group.longhorn.io/default":{}}},"f:spec":{"f:Standby":{},"f:backingImage":{},"f:baseImage":{},"f:dataSource":{},"f:disableFrontend":{},"f:encrypted":{},"f:fromBackup":{},"f:lastAttachedBy":{},"f:migratable":{},"f:migrationNodeID":{},"f:revisionCounterDisabled":{},"f:staleReplicaTimeout":{}}},"manager":"longhorn-manager","operation":"Update","time":"2023-04-26T08:11:36Z"},{"apiVersion":"longhorn.io/v1beta2","fieldsType":"FieldsV1","fieldsV1":{"f:spec":{".":{},"f:accessMode":{},"f:frontend":{},"f:nodeID":{},"f:numberOfReplicas":{},"f:replicaAutoBalance":{},"f:size":{}}},"manager":"OpenAPI-Generator","operation":"Update","time":"2023-04-26T08:11:37Z"},{"apiVersion":"longhorn.io/v1beta2","fieldsType":"FieldsV1","fieldsV1":{"f:status":{".":{},"f:actualSize":{},"f:cloneStatus":{".":{},"f:snapshot":{},"f:sourceVolume":{},"f:state":{}},"f:conditions":{},"f:currentImage":{},"f:currentNodeID":{},"f:expansionRequired":{},"f:frontendDisabled":{},"f:isStandby":{},"f:kubernetesStatus":{".":{},"f:lastPVCRefAt":{},"f:lastPodRefAt":{},"f:namespace":{},"f:pvName":{},"f:pvStatus":{},"f:pvcName":{},"f:workloadsStatus":{}},"f:lastBackup":{},"f:lastBackupAt":{},"f:lastDegradedAt":{},"f:ownerID":{},"f:pendingNodeID":{},"f:remountRequestedAt":{},"f:restoreInitiated":{},"f:restoreRequired":{},"f:robustness":{},"f:shareEndpoint":{},"f:shareState":{},"f:state":{}}},"manager":"longhorn-manager","operation":"Update","subresource":"status","time":"2023-04-26T08:11:37Z"}],"name":"vol-b9i65g","namespace":"longhorn-system","resourceVersion":"545329","uid":"e36e2c9b-86ac-461d-85b9-01adc9f9b8c7"},"spec":{"Standby":false,"accessMode":"rwo","backingImage":"","baseImage":"","dataLocality":"disabled","dataSource":"","disableFrontend":false,"diskSelector":[],"encrypted":false,"engineImage":"longhornio/longhorn-engine:v1.4.1","fromBackup":"","frontend":"blockdev","lastAttachedBy":"","migratable":false,"migrationNodeID":"","nodeID":"rc-k8s-1-rc-w1-489d6c2c-52txs","nodeSelector":[],"numberOfReplicas":3,"recurringJobs":[],"replicaAutoBalance":"ignored","restoreVolumeRecurringJob":"ignored","revisionCounterDisabled":false,"size":"1073741824","snapshotDataIntegrity":"ignored","staleReplicaTimeout":0,"unmapMarkSnapChainRemoved":"ignored"},"status":{"actualSize":0,"cloneStatus":{"snapshot":"","sourceVolume":"","state":""},"conditions":[{"lastProbeTime":"","lastTransitionTime":"2023-04-26T08:11:37Z","message":"","reason":"","status":"False","type":"toomanysnapshots"},{"lastProbeTime":"","lastTransitionTime":"2023-04-26T08:11:37Z","message":"","reason":"","status":"True","type":"scheduled"}],"currentImage":"longhornio/longhorn-engine:v1.4.1","currentNodeID":"rc-k8s-1-rc-w1-489d6c2c-52txs","expansionRequired":false,"frontendDisabled":false,"isStandby":false,"kubernetesStatus":{"lastPVCRefAt":"","lastPodRefAt":"","namespace":"","pvName":"","pvStatus":"","pvcName":"","workloadsStatus":null},"lastBackup":"","lastBackupAt":"","lastDegradedAt":"","ownerID":"rc-k8s-1-rc-w1-489d6c2c-52txs","pendingNodeID":"","remountRequestedAt":"","restoreInitiated":false,"restoreRequired":false,"robustness":"","shareEndpoint":"","shareState":"","state":"attaching"}}
</msg>
<msg timestamp="20230426 16:11:40.368" level="DEBUG">response body: {"apiVersion":"longhorn.io/v1beta2","kind":"Volume","metadata":{"creationTimestamp":"2023-04-26T08:11:36Z","finalizers":["longhorn.io"],"generation":3,"labels":{"longhornvolume":"vol-b9i65g","recurring-job-group.longhorn.io/default":"enabled","setting.longhorn.io/remove-snapshots-during-filesystem-trim":"ignored","setting.longhorn.io/replica-auto-balance":"ignored","setting.longhorn.io/snapshot-data-integrity":"ignored"},"managedFields":[{"apiVersion":"longhorn.io/v1beta2","fieldsType":"FieldsV1","fieldsV1":{"f:metadata":{"f:labels":{"f:recurring-job-group.longhorn.io/default":{}}},"f:spec":{"f:Standby":{},"f:backingImage":{},"f:baseImage":{},"f:dataSource":{},"f:disableFrontend":{},"f:encrypted":{},"f:fromBackup":{},"f:lastAttachedBy":{},"f:migratable":{},"f:migrationNodeID":{},"f:revisionCounterDisabled":{},"f:staleReplicaTimeout":{}}},"manager":"longhorn-manager","operation":"Update","time":"2023-04-26T08:11:36Z"},{"apiVersion":"longhorn.io/v1beta2","fieldsType":"FieldsV1","fieldsV1":{"f:spec":{".":{},"f:accessMode":{},"f:frontend":{},"f:nodeID":{},"f:numberOfReplicas":{},"f:replicaAutoBalance":{},"f:size":{}}},"manager":"OpenAPI-Generator","operation":"Update","time":"2023-04-26T08:11:37Z"},{"apiVersion":"longhorn.io/v1beta2","fieldsType":"FieldsV1","fieldsV1":{"f:status":{".":{},"f:actualSize":{},"f:cloneStatus":{".":{},"f:snapshot":{},"f:sourceVolume":{},"f:state":{}},"f:conditions":{},"f:currentImage":{},"f:currentNodeID":{},"f:expansionRequired":{},"f:frontendDisabled":{},"f:isStandby":{},"f:kubernetesStatus":{".":{},"f:lastPVCRefAt":{},"f:lastPodRefAt":{},"f:namespace":{},"f:pvName":{},"f:pvStatus":{},"f:pvcName":{},"f:workloadsStatus":{}},"f:lastBackup":{},"f:lastBackupAt":{},"f:lastDegradedAt":{},"f:ownerID":{},"f:pendingNodeID":{},"f:remountRequestedAt":{},"f:restoreInitiated":{},"f:restoreRequired":{},"f:robustness":{},"f:shareEndpoint":{},"f:shareState":{},"f:state":{}}},"manager":"longhorn-manager","operation":"Update","subresource":"status","time":"2023-04-26T08:11:37Z"}],"name":"vol-b9i65g","namespace":"longhorn-system","resourceVersion":"545329","uid":"e36e2c9b-86ac-461d-85b9-01adc9f9b8c7"},"spec":{"Standby":false,"accessMode":"rwo","backingImage":"","baseImage":"","dataLocality":"disabled","dataSource":"","disableFrontend":false,"diskSelector":[],"encrypted":false,"engineImage":"longhornio/longhorn-engine:v1.4.1","fromBackup":"","frontend":"blockdev","lastAttachedBy":"","migratable":false,"migrationNodeID":"","nodeID":"rc-k8s-1-rc-w1-489d6c2c-52txs","nodeSelector":[],"numberOfReplicas":3,"recurringJobs":[],"replicaAutoBalance":"ignored","restoreVolumeRecurringJob":"ignored","revisionCounterDisabled":false,"size":"1073741824","snapshotDataIntegrity":"ignored","staleReplicaTimeout":0,"unmapMarkSnapChainRemoved":"ignored"},"status":{"actualSize":0,"cloneStatus":{"snapshot":"","sourceVolume":"","state":""},"conditions":[{"lastProbeTime":"","lastTransitionTime":"2023-04-26T08:11:37Z","message":"","reason":"","status":"False","type":"toomanysnapshots"},{"lastProbeTime":"","lastTransitionTime":"2023-04-26T08:11:37Z","message":"","reason":"","status":"True","type":"scheduled"}],"currentImage":"longhornio/longhorn-engine:v1.4.1","currentNodeID":"rc-k8s-1-rc-w1-489d6c2c-52txs","expansionRequired":false,"frontendDisabled":false,"isStandby":false,"kubernetesStatus":{"lastPVCRefAt":"","lastPodRefAt":"","namespace":"","pvName":"","pvStatus":"","pvcName":"","workloadsStatus":null},"lastBackup":"","lastBackupAt":"","lastDegradedAt":"","ownerID":"rc-k8s-1-rc-w1-489d6c2c-52txs","pendingNodeID":"","remountRequestedAt":"","restoreInitiated":false,"restoreRequired":false,"robustness":"","shareEndpoint":"","shareState":"","state":"attaching"}}
</msg>
[...]
rrentSize': '1073741824', 'currentState': 'running', 'endpoint': '/dev/longhorn/vol-80zp8e', 'instanceManagerName': 'instance-manager-e-9eb09df2244005fa9a0876463af3c5bc', 'ip': '10.42.5.181', 'isExpanding': False, 'lastExpansionError': '', 'lastExpansionFailedAt': '', 'lastRestoredBackup': '', 'logFetched': True, 'ownerID': 'rc-k8s-1-rc-w1-489d6c2c-52txs', 'port': 10000, 'purgeStatus': {'tcp://10.42.179.139:10000': {'error': '', 'isPurging': False, 'progress': 100, 'state': 'complete'}, 'tcp://10.42.5.180:10000': {'error': '', 'isPurging': False, 'progress': 100, 'state': 'complete'}, 'tcp://10.42.66.202:10000': {'error': '', 'isPurging': False, 'progress': 100, 'state': 'complete'}}, 'rebuildStatus': {}, 'replicaModeMap': {'vol-80zp8e-r-166a3487': 'RW', 'vol-80zp8e-r-49f24603': 'RW', 'vol-80zp8e-r-e42c7fc6': 'RW'}, 'restoreStatus': {'tcp://10.42.179.139:10000': {'backupURL': '', 'currentRestoringBackup': '', 'isRestoring': False, 'lastRestored': '', 'state': ''}, 'tcp://10.42.5.180:10000': {'backupURL': '', 'currentRestoringBackup': '', 'isRestoring': False, 'lastRestored': '', 'state': ''}, 'tcp://10.42.66.202:10000': {'backupURL': '', 'currentRestoringBackup': '', 'isRestoring': False, 'lastRestored': '', 'state': ''}}, 'salvageExecuted': False, 'snapshots': {'f7c10eaa-8f44-4201-9f97-d1f0f6cd57c6': {'children': {'volume-head': True}, 'created': '2023-04-25T14:36:33Z', 'labels': {}, 'name': 'f7c10eaa-8f44-4201-9f97-d1f0f6cd57c6', 'parent': '', 'removed': True, 'size': '1073745920', 'usercreated': False}, 'volume-head': {'children': {}, 'created': '2023-04-25T14:36:33Z', 'labels': {}, 'name': 'volume-head', 'parent': 'f7c10eaa-8f44-4201-9f97-d1f0f6cd57c6', 'removed': False, 'size': '0', 'usercreated': False}}, 'snapshotsError': '', 'started': False, 'storageIP': '10.42.5.181', 'unmapMarkSnapChainRemovedEnabled': False}}, {'apiVersion': 'longhorn.io/v1beta2', 'kind': 'Engine', 'metadata': {'creationTimestamp': '2023-04-26T08:11:36Z', 'finalizers': ['longhorn.io'], 'generation': 4, 'labels': {'longhornnode': 'rc-k8s-1-rc-w1-489d6c2c-52txs', 'longhornvolume': 'vol-b9i65g'}, 'managedFields': [{'apiVersion': 'longhorn.io/v1beta2', 'fieldsType': 'FieldsV1', 'fieldsV1': {'f:metadata': {'f:labels': {'.': {}, 'f:longhornnode': {}}, 'f:ownerReferences': {'.': {}, 'k:{"uid":"e36e2c9b-86ac-461d-85b9-01adc9f9b8c7"}': {}}}, 'f:spec': {'.': {}, 'f:active': {}, 'f:backupVolume': {}, 'f:desireState': {}, 'f:disableFrontend': {}, 'f:engineImage': {}, 'f:frontend': {}, 'f:logRequested': {}, 'f:nodeID': {}, 'f:replicaAddressMap': {'.': {}, 'f:vol-b9i65g-r-d6ba4932': {}}, 'f:requestedBackupRestore': {}, 'f:requestedDataSource': {}, 'f:revisionCounterDisabled': {}, 'f:salvageRequested': {}, 'f:unmapMarkSnapChainRemovedEnabled': {}, 'f:upgradedReplicaAddressMap': {}, 'f:volumeName': {}, 'f:volumeSize': {}}}, 'manager': 'longhorn-manager', 'operation': 'Update', 'time': '2023-04-26T08:11:37Z'}, {'apiVersion': 'longhorn.io/v1beta2', 'fieldsType': 'FieldsV1', 'fieldsV1': {'f:status': {'.': {}, 'f:backupStatus': {}, 'f:cloneStatus': {}, 'f:conditions': {}, 'f:currentImage': {}, 'f:currentReplicaAddressMap': {'.': {}, 'f:vol-b9i65g-r-bc59309c': {}, 'f:vol-b9i65g-r-d6ba4932': {}}, 'f:currentSize': {}, 'f:currentState': {}, 'f:endpoint': {}, 'f:instanceManagerName': {}, 'f:ip': {}, 'f:isExpanding': {}, 'f:lastExpansionError': {}, 'f:lastExpansionFailedAt': {}, 'f:lastRestoredBackup': {}, 'f:logFetched': {}, 'f:ownerID': {}, 'f:port': {}, 'f:purgeStatus': {}, 'f:rebuildStatus': {}, 'f:replicaModeMap': {}, 'f:restoreStatus': {}, 'f:salvageExecuted': {}, 'f:snapshots': {}, 'f:snapshotsError': {}, 'f:started': {}, 'f:storageIP': {}, 'f:unmapMarkSnapChainRemovedEnabled': {}}}, 'manager': 'longhorn-manager', 'operation': 'Update', 'subresource': 'status', 'time': '2023-04-26T08:11:41Z'}], 'name': 'vol-b9i65g-e-e2f7995f', 'namespace': 'longhorn-system', 'ownerReferences': [{'apiVersion': 'longhorn.io/v1beta2', 'kind': 'Volume', 'name': 'vol-b9i65g', 'uid': 'e36e2c9b-86ac-461d-85b9-01adc9f9b8c7'}], 'resourceVersion': '545475', 'uid': '2a629f27-d301-4dfc-b8d5-4799ca53e3bf'}, 'spec': {'active': True, 'backupVolume': '', 'desireState': 'running', 'disableFrontend': False, 'engineImage': 'longhornio/longhorn-engine:v1.4.1', 'frontend': 'blockdev', 'logRequested': False, 'nodeID': 'rc-k8s-1-rc-w1-489d6c2c-52txs', 'replicaAddressMap': {'vol-b9i65g-r-d6ba4932': '10.42.5.180:10030'}, 'requestedBackupRestore': '', 'requestedDataSource': '', 'revisionCounterDisabled': False, 'salvageRequested': False, 'unmapMarkSnapChainRemovedEnabled': False, 'upgradedReplicaAddressMap': {}, 'volumeName': 'vol-b9i65g', 'volumeSize': '1073741824'}, 'status': {'backupStatus': None, 'cloneStatus': None, 'conditions': [{'lastProbeTime': '', 'lastTransitionTime': '2023-04-26T08:11:36Z', 'message': '', 'reason': '', 'status': 'True', 'type': 'InstanceCreation'}], 'currentImage': 'longhornio/longhorn-engine:v1.4.1', 'currentReplicaAddressMap': {'vol-b9i65g-r-bc59309c': '10.42.179.139:10030', 'vol-b9i65g-r-d6ba4932': '10.42.5.180:10030'}, 'currentSize': '0', 'currentState': 'running', 'endpoint': '', 'instanceManagerName': 'instance-manager-e-9eb09df2244005fa9a0876463af3c5bc', 'ip': '10.42.5.181', 'isExpanding': False, 'lastExpansionError': '', 'lastExpansionFailedAt': '', 'lastRestoredBackup': '', 'logFetched': False, 'ownerID': 'rc-k8s-1-rc-w1-489d6c2c-52txs', 'port': 10001, 'purgeStatus': None, 'rebuildStatus': None, 'replicaModeMap': None, 'restoreStatus': None, 'salvageExecuted': False, 'snapshots': None, 'snapshotsError': '', 'started': True, 'storageIP': '10.42.5.181', 'unmapMarkSnapChainRemovedEnabled': False}}], 'kind': 'EngineList', 'metadata': {'continue': '', 'resourceVersion': '545475'}}
delete engine pvc-8d37f010-2f09-4035-b475-033a87305078-e-92bc7ecc
delete engine vol-80zp8e-e-6e12ed57
delete engine vol-b9i65g-e-e2f7995f
volume_list:{'apiVersion': 'longhorn.io/v1beta2', 'items': [{'apiVersion': 'longhorn.io/v1beta2', 'kind': 'Volume', 'metadata': {'creationTimestamp': '2023-04-26T07:16:43Z', 'finalizers': ['longhorn.io'], 'generation': 2, 'labels': {'longhornvolume': 'pvc-8d37f010-2f09-4035-b475-033a87305078', 'recurring-job-group.longhorn.io/default': 'enabled', 'setting.longhorn.io/remove-snapshots-during-filesystem-trim': 'ignored', 'setting.longhorn.io/replica-auto-balance': 'ignored', 'setting.longhorn.io/snapshot-data-integrity': 'ignored'}, 'managedFields': [{'apiVersion': 'longhorn.io/v1beta2', 'fieldsType': 'FieldsV1', 'fieldsV1': {'f:metadata': {'f:labels': {'.': {}, 'f:recurring-job-group.longhorn.io/default': {}}}, 'f:spec': {'.': {}, 'f:Standby': {}, 'f:accessMode': {}, 'f:backingImage': {}, 'f:baseImage': {}, 'f:dataLocality': {}, 'f:dataSource': {}, 'f:disableFrontend': {}, 'f:encrypted': {}, 'f:engineImage': {}, 'f:fromBackup': {}, 'f:frontend': {}, 'f:lastAttachedBy': {}, 'f:migratable': {}, 'f:migrationNodeID': {}, 'f:nodeID': {}, 'f:numberOfReplicas': {}, 'f:replicaAutoBalance': {}, 'f:restoreVolumeRecurringJob': {}, 'f:revisionCounterDisabled': {}, 'f:size': {}, 'f:snapshotDataIntegrity': {}, 'f:staleReplicaTimeout': {}, 'f:unmapMarkSnapChainRemoved': {}}}, 'manager': 'longhorn-manager', 'operation': 'Update', 'time': '2023-04-26T07:16:47Z'}, {'apiVersion': 'longhorn.io/v1beta2', 'fieldsType': 'FieldsV1', 'fieldsV1': {'f:status': {'.': {}, 'f:actualSize': {}, 'f:cloneStatus': {'.': {}, 'f:snapshot': {}, 'f:sourceVolume': {}, 'f:state': {}}, 'f:conditions': {}, 'f:currentImage': {}, 'f:currentNodeID': {}, 'f:expansionRequired': {}, 'f:frontendDisabled': {}, 'f:isStandby': {}, 'f:kubernetesStatus': {'.': {}, 'f:lastPVCRefAt': {}, 'f:lastPodRefAt': {}, 'f:namespace': {}, 'f:pvName': {}, 'f:pvStatus': {}, 'f:pvcName': {}, 'f:workloadsStatus': {}}, 'f:lastBackup': {}, 'f:lastBackupAt': {}, 'f:lastDegradedAt': {}, 'f:ownerID': {}, 'f:pendingNodeID': {}, 'f:remountRequestedAt': {}, 'f:restoreInitiated': {}, 'f:restoreRequired': {}, 'f:robustness': {}, 'f:shareEndpoint': {}, 'f:shareState': {}, 'f:state': {}}}, 'manager': 'longhorn-manager', 'operation': 'Update', 'subresource': 'status', 'time': '2023-04-26T08:11:43Z'}], 'name': 'pvc-8d37f010-2f09-4035-b475-033a87305078', 'namespace': 'longhorn-system', 'resourceVersion': '545463', 'uid': '95d2e0fb-dcf5-4830-aade-8214d378288c'}, 'spec': {'Standby': False, 'accessMode': 'rwo', 'backingImage': '', 'baseImage': '', 'dataLocality': 'disabled', 'dataSource': '', 'disableFrontend': False, 'diskSelector': [], 'encrypted': False, 'engineImage': 'longhornio/longhorn-engine:v1.4.1', 'fromBackup': '', 'frontend': 'blockdev', 'lastAttachedBy': '', 'migratable': False, 'migrationNodeID': '', 'nodeID': 'rc-k8s-1-rc-w1-489d6c2c-9kd8l', 'nodeSelector': [], 'numberOfReplicas': 3, 'recurringJobs': [], 'replicaAutoBalance': 'ignored', 'restoreVolumeRecurringJob': 'ignored', 'revisionCounterDisabled': False, 'size': '2147483648', 'snapshotDataIntegrity': 'ignored', 'staleReplicaTimeout': 30, 'unmapMarkSnapChainRemoved': 'ignored'}, 'status': {'actualSize': 101867520, 'cloneStatus': {'snapshot': '', 'sourceVolume': '', 'state': ''}, 'conditions': [{'lastProbeTime': '', 'lastTransitionTime': '2023-04-26T07:16:44Z', 'message': '', 'reason': '', 'status': 'False', 'type': 'toomanysnapshots'}, {'lastProbeTime': '', 'lastTransitionTime': '2023-04-26T07:16:44Z', 'message': '', 'reason': '', 'status': 'True', 'type': 'scheduled'}, {'lastProbeTime': '', 'lastTransitionTime': '2023-04-26T07:16:44Z', 'message': '', 'reason': '', 'status': 'False', 'type': 'restore'}], 'currentImage': 'longhornio/longhorn-engine:v1.4.1', 'currentNodeID': '', 'expansionRequired': False, 'frontendDisabled': False, 'isStandby': False, 'kubernetesStatus': {'lastPVCRefAt': '', 'lastPodRefAt': '', 'namespace': 'default', 'pvName': 'pvc-8d37f010-2f09-4035-b475-033a87305078', 'pvStatus': 'Bound', 'pvcName': 'longhorn-volv-pvc-2', 'workloadsStatus': [{'podName': 'volume-test-2', 'podStatus': 'Running', 'workloadName': '', 'workloadType': ''}]}, 'lastBackup': '', 'lastBackupAt': '', 'lastDegradedAt': '', 'ownerID': 'rc-k8s-1-rc-w1-489d6c2c-9kd8l', 'pendingNodeID': '', 'remountRequestedAt': '', 'restoreInitiated': False, 'restoreRequired': False, 'robustness': 'faulted', 'shareEndpoint': '', 'shareState': '', 'state': 'detaching'}}, {'apiVersion': 'longhorn.io/v1beta2', 'kind': 'Volume', 'metadata': {'creationTimestamp': '2023-04-25T14:31:05Z', 'finalizers': ['longhorn.io'], 'generation': 3, 'labels': {'longhornvolume': 'vol-80zp8e', 'recurring-job-group.longhorn.io/default': 'enabled', 'setting.longhorn.io/remove-snapshots-during-filesystem-trim': 'ignored', 'setting.longhorn.io/replica-auto-balance': 'ignored', 'setting.longhorn.io/snapshot-data-integrity': 'ignored'}, 'managedFields': [{'apiVersion': 'longhorn.io/v1beta2', 'fieldsType': 'FieldsV1', 'fieldsV1': {'f:spec': {'.': {}, 'f:accessMode': {}, 'f:frontend': {}, 'f:nodeID': {}, 'f:numberOfReplicas': {}, 'f:replicaAutoBalance': {}, 'f:size': {}}}, 'manager': 'OpenAPI-Generator', 'operation': 'Update', 'time': '2023-04-25T14:31:06Z'}, {'apiVersion': 'longhorn.io/v1beta2', 'fieldsType': 'FieldsV1', 'fieldsV1': {'f:metadata': {'f:labels': {'f:recurring-job-group.longhorn.io/default': {}}}, 'f:spec': {'f:Standby': {}, 'f:backingImage': {}, 'f:baseImage': {}, 'f:dataSource': {}, 'f:disableFrontend': {}, 'f:encrypted': {}, 'f:fromBackup': {}, 'f:lastAttachedBy': {}, 'f:migratable': {}, 'f:migrationNodeID': {}, 'f:revisionCounterDisabled': {}, 'f:staleReplicaTimeout': {}}}, 'manager': 'longhorn-manager', 'operation': 'Update', 'time': '2023-04-25T14:31:06Z'}, {'apiVersion': 'longhorn.io/v1beta2', 'fieldsType': 'FieldsV1', 'fieldsV1': {'f:status': {'.': {}, 'f:actualSize': {}, 'f:cloneStatus': {'.': {}, 'f:snapshot': {}, 'f:sourceVolume': {}, 'f:state': {}}, 'f:conditions': {}, 'f:currentImage': {}, 'f:currentNodeID': {}, 'f:expansionRequired': {}, 'f:frontendDisabled': {}, 'f:isStandby': {}, 'f:kubernetesStatus': {'.': {}, 'f:lastPVCRefAt': {}, 'f:lastPodRefAt': {}, 'f:namespace': {}, 'f:pvName': {}, 'f:pvStatus': {}, 'f:pvcName': {}, 'f:workloadsStatus': {}}, 'f:lastBackup': {}, 'f:lastBackupAt': {}, 'f:lastDegradedAt': {}, 'f:ownerID': {}, 'f:pendingNodeID': {}, 'f:remountRequestedAt': {}, 'f:restoreInitiated': {}, 'f:restoreRequired': {}, 'f:robustness': {}, 'f:shareEndpoint': {}, 'f:shareState': {}, 'f:state': {}}}, 'manager': 'longhorn-manager', 'operation': 'Update', 'subresource': 'status', 'time': '2023-04-26T08:11:43Z'}], 'name': 'vol-80zp8e', 'namespace': 'longhorn-system', 'resourceVersion': '545473', 'uid': '6766e6cf-dbb5-4ff3-9f5b-9102d174f894'}, 'spec': {'Standby': False, 'accessMode': 'rwo', 'backingImage': '', 'baseImage': '', 'dataLocality': 'disabled', 'dataSource': '', 'disableFrontend': False, 'diskSelector': [], 'encrypted': False, 'engineImage': 'longhornio/longhorn-engine:v1.4.1', 'fromBackup': '', 'frontend': 'blockdev', 'lastAttachedBy': '', 'migratable': False, 'migrationNodeID': '', 'nodeID': 'rc-k8s-1-rc-w1-489d6c2c-52txs', 'nodeSelector': [], 'numberOfReplicas': 3, 'recurringJobs': [], 'replicaAutoBalance': 'ignored', 'restoreVolumeRecurringJob': 'ignored', 'revisionCounterDisabled': False, 'size': '1073741824', 'snapshotDataIntegrity': 'ignored', 'staleReplicaTimeout': 0, 'unmapMarkSnapChainRemoved': 'ignored'}, 'status': {'actualSize': 1073745920, 'cloneStatus': {'snapshot': '', 'sourceVolume': '', 'state': ''}, 'conditions': [{'lastProbeTime': '', 'lastTransitionTime': '2023-04-25T14:31:06Z', 'message': '', 'reason': '', 'status': 'False', 'type': 'toomanysnapshots'}, {'lastProbeTime': '', 'lastTransitionTime': '2023-04-25T14:31:06Z', 'message': '', 'reason': '', 'status': 'True', 'type': 'scheduled'}, {'lastProbeTime': '', 'lastTransitionTime': '2023-04-25T14:35:04Z', 'message': '', 'reason': '', 'status': 'False', 'type': 'restore'}], 'currentImage': 'longhornio/longhorn-engine:v1.4.1', 'currentNodeID': '', 'expansionRequired': False, 'frontendDisabled': False, 'isStandby': False, 'kubernetesStatus': {'lastPVCRefAt': '', 'lastPodRefAt': '', 'namespace': '', 'pvName': '', 'pvStatus': '', 'pvcName': '', 'workloadsStatus': None}, 'lastBackup': '', 'lastBackupAt': '', 'lastDegradedAt': '', 'ownerID': 'rc-k8s-1-rc-w1-489d6c2c-52txs', 'pendingNodeID': '', 'remountRequestedAt': '2023-04-25T14:35:13Z', 'restoreInitiated': False, 'restoreRequired': False, 'robustness': 'faulted', 'shareEndpoint': '', 'shareState': '', 'state': 'detaching'}}, {'apiVersion': 'longhorn.io/v1beta2', 'kind': 'Volume', 'metadata': {'creationTimestamp': '2023-04-26T08:11:36Z', 'finalizers': ['longhorn.io'], 'generation': 3, 'labels': {'longhornvolume': 'vol-b9i65g', 'recurring-job-group.longhorn.io/default': 'enabled', 'setting.longhorn.io/remove-snapshots-during-filesystem-trim': 'ignored', 'setting.longhorn.io/replica-auto-balance': 'ignored', 'setting.longhorn.io/snapshot-data-integrity': 'ignored'}, 'managedFields': [{'apiVersion': 'longhorn.io/v1beta2', 'fieldsType': 'FieldsV1', 'fieldsV1': {'f:metadata': {'f:labels': {'f:recurring-job-group.longhorn.io/default': {}}}, 'f:spec': {'f:Standby': {}, 'f:backingImage': {}, 'f:baseImage': {}, 'f:dataSource': {}, 'f:disableFrontend': {}, 'f:encrypted': {}, 'f:fromBackup': {}, 'f:lastAttachedBy': {}, 'f:migratable': {}, 'f:migrationNodeID': {}, 'f:revisionCounterDisabled': {}, 'f:staleReplicaTimeout': {}}}, 'manager': 'longhorn-manager', 'operation': 'Update', 'time': '2023-04-26T08:11:36Z'}, {'apiVersion': 'longhorn.io/v1beta2', 'fieldsType': 'FieldsV1', 'fieldsV1': {'f:spec': {'.': {}, 'f:accessMode': {}, 'f:frontend': {}, 'f:nodeID': {}, 'f:numberOfReplicas': {}, 'f:replicaAutoBalance': {}, 'f:size': {}}}, 'manager': 'OpenAPI-Generator', 'operation': 'Update', 'time': '2023-04-26T08:11:37Z'}, {'apiVersion': 'longhorn.io/v1beta2', 'fieldsType': 'FieldsV1', 'fieldsV1': {'f:status': {'.': {}, 'f:actualSize': {}, 'f:cloneStatus': {'.': {}, 'f:snapshot': {}, 'f:sourceVolume': {}, 'f:state': {}}, 'f:conditions': {}, 'f:currentImage': {}, 'f:currentNodeID': {}, 'f:expansionRequired': {}, 'f:frontendDisabled': {}, 'f:isStandby': {}, 'f:kubernetesStatus': {'.': {}, 'f:lastPVCRefAt': {}, 'f:lastPodRefAt': {}, 'f:namespace': {}, 'f:pvName': {}, 'f:pvStatus': {}, 'f:pvcName': {}, 'f:workloadsStatus': {}}, 'f:lastBackup': {}, 'f:lastBackupAt': {}, 'f:lastDegradedAt': {}, 'f:ownerID': {}, 'f:pendingNodeID': {}, 'f:remountRequestedAt': {}, 'f:restoreInitiated': {}, 'f:restoreRequired': {}, 'f:robustness': {}, 'f:shareEndpoint': {}, 'f:shareState': {}, 'f:state': {}}}, 'manager': 'longhorn-manager', 'operation': 'Update', 'subresource': 'status', 'time': '2023-04-26T08:11:43Z'}], 'name': 'vol-b9i65g', 'namespace': 'longhorn-system', 'resourceVersion': '545500', 'uid': 'e36e2c9b-86ac-461d-85b9-01adc9f9b8c7'}, 'spec': {'Standby': False, 'accessMode': 'rwo', 'backingImage': '', 'baseImage': '', 'dataLocality': 'disabled', 'dataSource': '', 'disableFrontend': False, 'diskSelector': [], 'encrypted': False, 'engineImage': 'longhornio/longhorn-engine:v1.4.1', 'fromBackup': '', 'frontend': 'blockdev', 'lastAttachedBy': '', 'migratable': False, 'migrationNodeID': '', 'nodeID': 'rc-k8s-1-rc-w1-489d6c2c-52txs', 'nodeSelector': [], 'numberOfReplicas': 3, 'recurringJobs': [], 'replicaAutoBalance': 'ignored', 'restoreVolumeRecurringJob': 'ignored', 'revisionCounterDisabled': False, 'size': '1073741824', 'snapshotDataIntegrity': 'ignored', 'staleReplicaTimeout': 0, 'unmapMarkSnapChainRemoved': 'ignored'}, 'status': {'actualSize': 0, 'cloneStatus': {'snapshot': '', 'sourceVolume': '', 'state': ''}, 'conditions': [{'lastProbeTime': '', 'lastTransitionTime': '2023-04-26T08:11:37Z', 'message': '', 'reason': '', 'status': 'False', 'type': 'toomanysnapshots'}, {'lastProbeTime': '', 'lastTransitionTime': '2023-04-26T08:11:37Z', 'message': '', 'reason': '', 'status': 'True', 'type': 'scheduled'}, {'lastProbeTime': '', 'lastTransitionTime': '2023-04-26T08:11:43Z', 'message': '', 'reason': '', 'status': 'False', 'type': 'restore'}], 'currentImage': 'longhornio/longhorn-engine:v1.4.1', 'currentNodeID': '', 'expansionRequired': False, 'frontendDisabled': False, 'isStandby': False, 'kubernetesStatus': {'lastPVCRefAt': '', 'lastPodRefAt': '', 'namespace': '', 'pvName': '', 'pvStatus': '', 'pvcName': '', 'workloadsStatus': None}, 'lastBackup': '', 'lastBackupAt': '', 'lastDegradedAt': '', 'ownerID': 'rc-k8s-1-rc-w1-489d6c2c-52txs', 'pendingNodeID': '', 'remountRequestedAt': '', 'restoreInitiated': False, 'restoreRequired': False, 'robustness': 'faulted', 'shareEndpoint': '', 'shareState': '', 'state': 'detaching'}}], 'kind': 'VolumeList', 'metadata': {'continue': '', 'resourceVersion': '545509'}}
delete volume pvc-8d37f010-2f09-4035-b475-033a87305078
delete volume vol-80zp8e
delete volume vol-b9i65g</msg>
<status status="PASS" starttime="20230426 16:11:41.792" endtime="20230426 16:11:43.628"/>
</kw>
<doc>RWO volume with replica on attached node and powering off the volume attached node</doc>
<tag>RWO PowerOffAttachedNode ReplicaOnAttachedNode DuringDataWriting</tag>
<status status="FAIL" starttime="20230426 16:11:36.449" endtime="20230426 16:11:43.628">ConnectionError: HTTPConnectionPool(host='localhost', port=8080): Max retries exceeded with url: //v1/schemas (Caused by NewConnectionError('&lt;urllib3.connection.HTTPConnection object at 0x7fb1a2903b20&gt;: Failed to establish a new connection: [Errno 61] Connection refused'))</status>
</test>
<doc>Test the resillence if cluster node happend exception

Keywords are imported from the resource file</doc>
<status status="FAIL" starttime="20230426 16:11:35.446" endtime="20230426 16:11:43.630"/>
</suite>
<statistics>
<total>
<stat pass="0" fail="1" skip="0">All Tests</stat>
</total>
<tag>
<stat pass="0" fail="1" skip="0">RWO PowerOffAttachedNode ReplicaOnAttachedNode DuringDataWriting</stat>
</tag>
<suite>
<stat pass="0" fail="1" skip="0" id="s1" name="Node Power Off And Reboot">Node Power Off And Reboot</stat>
</suite>
</statistics>
<errors>
</errors>
</robot>
