<?xml version="1.0" encoding="UTF-8"?>
<robot generator="Robot 5.0 (Python 3.8.6 on darwin)" generated="20230410 18:22:08.415" rpa="false" schemaversion="3">
<suite id="s1" name="TestCases" source="/Users/weizhechang/Workspace/Go/src/github.com/weizhe0422/longhorn-tests/manager/integration/negative_tests/Node_NotReady/TestCases.robot">
<test id="s1-t1" name="RWO volume with replica on attached node and power off it" line="13">
<kw name="Set Test Name" library="steps" type="SETUP">
<arg>${TEST NAME}</arg>
<msg timestamp="20230410 18:22:11.930" level="DEBUG">response body: {"kind":"Namespace","apiVersion":"v1","metadata":{"name":"rwo-volume-with-replica-on-attached-node-and-power-off-it","uid":"22945959-a3a3-4609-ab89-68c77f74f073","resourceVersion":"237415","creationTimestamp":"2023-04-10T10:22:11Z","labels":{"kubernetes.io/metadata.name":"rwo-volume-with-replica-on-attached-node-and-power-off-it"},"managedFields":[{"manager":"OpenAPI-Generator","operation":"Update","apiVersion":"v1","time":"2023-04-10T10:22:11Z","fieldsType":"FieldsV1","fieldsV1":{"f:metadata":{"f:labels":{".":{},"f:kubernetes.io/metadata.name":{}}}}}]},"spec":{"finalizers":["kubernetes"]},"status":{"phase":"Active"}}
</msg>
<status status="PASS" starttime="20230410 18:22:11.682" endtime="20230410 18:22:11.932"/>
</kw>
<kw name="Given Create ${volume_size_gb} GB RWO volume with 3 replicas" library="Keywords" sourcename="Create ${size} GB ${volume_type} volume with ${replica_count} replicas">
<kw name="Create Volume" library="steps">
<var>${volume_name}</var>
<arg>${size}</arg>
<arg>${replica_count}</arg>
<arg>${volume_type}</arg>
<msg timestamp="20230410 18:22:12.133" level="DEBUG">response body: {"apiVersion":"longhorn.io/v1beta2","kind":"Volume","metadata":{"creationTimestamp":"2023-04-10T10:22:12Z","finalizers":["longhorn.io"],"generation":1,"labels":{"longhornvolume":"vol-hqpcaa","setting.longhorn.io/replica-auto-balance":"ignored"},"managedFields":[{"apiVersion":"longhorn.io/v1beta2","fieldsType":"FieldsV1","fieldsV1":{"f:spec":{".":{},"f:accessMode":{},"f:frontend":{},"f:numberOfReplicas":{},"f:replicaAutoBalance":{},"f:size":{}}},"manager":"OpenAPI-Generator","operation":"Update","time":"2023-04-10T10:22:12Z"}],"name":"vol-hqpcaa","namespace":"longhorn-system","resourceVersion":"237422","uid":"c5122b11-04d5-455b-93ad-4de115fa9fbf"},"spec":{"accessMode":"rwo","dataLocality":"disabled","diskSelector":[],"engineImage":"longhornio/longhorn-engine:v1.4.1","frontend":"blockdev","nodeSelector":[],"numberOfReplicas":3,"recurringJobs":[],"replicaAutoBalance":"ignored","restoreVolumeRecurringJob":"ignored","size":"5368709120","snapshotDataIntegrity":"ignored","unmapMarkSnapChainRemoved":"ignored"}}
</msg>
<msg timestamp="20230410 18:22:12.133" level="INFO">create_volume</msg>
<msg timestamp="20230410 18:22:12.134" level="INFO">${volume_name} = vol-hqpcaa</msg>
<status status="PASS" starttime="20230410 18:22:11.933" endtime="20230410 18:22:12.134"/>
</kw>
<kw name="Set Test Variable" library="BuiltIn">
<arg>${volume_name}</arg>
<doc>Makes a variable available everywhere within the scope of the current test.</doc>
<msg timestamp="20230410 18:22:12.134" level="INFO">${volume_name} = vol-hqpcaa</msg>
<status status="PASS" starttime="20230410 18:22:12.134" endtime="20230410 18:22:12.134"/>
</kw>
<status status="PASS" starttime="20230410 18:22:11.932" endtime="20230410 18:22:12.135"/>
</kw>
<kw name="And Attach volume to the node" library="Keywords">
<kw name="Attach Volume" library="steps">
<var>${volunme_attached_node}</var>
<arg>${volume_name}</arg>
<msg timestamp="20230410 18:22:12.474" level="DEBUG">response body: {"kind":"NodeList","apiVersion":"v1","metadata":{"resourceVersion":"237429"},"items":[{"metadata":{"name":"rc-k8s-1-rc-m1-232445eb-pczqj","uid":"6d000373-6ee4-4462-9721-150b36dee21c","resourceVersion":"236264","creationTimestamp":"2023-04-10T01:58:37Z","labels":{"beta.kubernetes.io/arch":"amd64","beta.kubernetes.io/instance-type":"rke2","beta.kubernetes.io/os":"linux","kubernetes.io/arch":"amd64","kubernetes.io/hostname":"rc-k8s-1-rc-m1-232445eb-pczqj","kubernetes.io/os":"linux","node-role.kubernetes.io/control-plane":"true","node-role.kubernetes.io/etcd":"true","node-role.kubernetes.io/master":"true","node.kubernetes.io/instance-type":"rke2","plan.upgrade.cattle.io/system-agent-upgrader":"abc8595409465d9d45d86fca29d77876a043ec1bba52890358d06ab8","rke.cattle.io/machine":"0eef5d42-6a0a-44d0-84de-cf5846303ef1"},"annotations":{"cluster.x-k8s.io/cluster-name":"rc-k8s-1","cluster.x-k8s.io/cluster-namespace":"fleet-default","cluster.x-k8s.io/machine":"rc-k8s-1-rc-m1-5f9b65ddfd-5ks9m","cluster.x-k8s.io/owner-kind":"MachineSet","cluster.x-k8s.io/owner-name":"rc-k8s-1-rc-m1-5f9b65ddfd","etcd.rke2.cattle.io/node-address":"172.31.37.119","etcd.rke2.cattle.io/node-name":"rc-k8s-1-rc-m1-232445eb-pczqj-e6514f21","management.cattle.io/pod-limits":"{\"cpu\":\"200m\",\"memory\":\"192Mi\"}","management.cattle.io/pod-requests":"{\"cpu\":\"1225m\",\"memory\":\"2320Mi\",\"pods\":\"15\"}","node.alpha.kubernetes.io/ttl":"0","projectcalico.org/IPv4Address":"172.31.37.119/20","projectcalico.org/IPv4VXLANTunnelAddr":"10.42.215.0","rke2.io/encryption-config-hash":"start-fda16294677ef384e1847afab7ba000691a2f8324e288b4da2ea28195622229c","rke2.io/external-ip":"43.206.242.63","rke2.io/hostname":"rc-k8s-1-rc-m1-232445eb-pczqj","rke2.io/internal-ip":"172.31.37.119","rke2.io/node-args":"[\"server\",\"--advertise-address\",\"172.31.37.119\",\"--agent-token\",\"********\",\"--cni\",\"calico\",\"--disable-kube-proxy\",\"false\",\"--etcd-expose-metrics\",\"false\",\"--etcd-snapshot-retention\",\"5\",\"--etcd-snapshot-schedule-cron\",\"0 */5 * * *\",\"--kube-controller-manager-arg\",\"cert-dir=/var/lib/rancher/rke2/server/tls/kube-controller-manager\",\"--kube-controller-manager-arg\",\"secure-port=10257\",\"--kube-controller-manager-extra-mount\",\"/var/lib/rancher/rke2/server/tls/kube-controller-manager:/var/lib/rancher/rke2/server/tls/kube-controller-manager\",\"--kube-scheduler-arg\",\"cert-dir=/var/lib/rancher/rke2/server/tls/kube-scheduler\",\"--kube-scheduler-arg\",\"secure-port=10259\",\"--kube-scheduler-extra-mount\",\"/var/lib/rancher/rke2/server/tls/kube-scheduler:/var/lib/rancher/rke2/server/tls/kube-scheduler\",\"--node-external-ip\",\"43.206.242.63\",\"--node-ip\",\"172.31.37.119\",\"--node-label\",\"rke.cattle.io/machine=0eef5d42-6a0a-44d0-84de-cf5846303ef1\",\"--node-taint\",\"node-role.kubernetes.io/control-plane:NoSchedule\",\"--node-taint\",\"node-role.kubernetes.io/etcd:NoExecute\",\"--private-registry\",\"/etc/rancher/rke2/registries.yaml\",\"--protect-kernel-defaults\",\"false\",\"--tls-san\",\"43.206.242.63\",\"--token\",\"********\"]","rke2.io/node-config-hash":"EAM7L74A4KKXINNUWESWSIQ6QFWTD7NEY3KFHAIEJZUUCEM2WYVQ====","rke2.io/node-env":"{}","volumes.kubernetes.io/controller-managed-attach-detach":"true"},"finalizers":["wrangler.cattle.io/managed-etcd-controller","wrangler.cattle.io/node"],"managedFields":[{"manager":"rke2","operation":"Update","apiVersion":"v1","time":"2023-04-10T01:58:38Z","fieldsType":"FieldsV1","fieldsV1":{"f:metadata":{"f:annotations":{"f:rke2.io/external-ip":{},"f:rke2.io/hostname":{},"f:rke2.io/internal-ip":{},"f:rke2.io/node-args":{},"f:rke2.io/node-config-hash":{},"f:rke2.io/node-env":{}}}}},{"manager":"deploy@rc-k8s-1-rc-m1-232445eb-pczqj","operation":"Update","apiVersion":"v1","time":"2023-04-10T01:58:42Z","fieldsType":"FieldsV1","fieldsV1":{"f:metadata":{"f:annotations":{"f:etcd.rke2.cattle.io/node-address":{},"f:etcd.rke2.cattle.io/node-name":{},"f:rke2.io/encryption-config-hash":{}},"f:finalizers":{".":{},"v:\"wrangler.cattle.io/managed-etcd-controller\"":{},"v:\"wrangler.cattle.io/node\"":{}},"f:labels":{"f:node-role.kubernetes.io/control-plane":{},"f:node-role.kubernetes.io/etcd":{},"f:node-role.kubernetes.io/master":{}}}}},{"manager":"cloud-controller-manager","operation":"Update","apiVersion":"v1","time":"2023-04-10T01:58:43Z","fieldsType":"FieldsV1","fieldsV1":{"f:status":{"f:addresses":{"k:{\"type\":\"ExternalIP\"}":{".":{},"f:address":{},"f:type":{}}}}}},{"manager":"kube-controller-manager","operation":"Update","apiVersion":"v1","time":"2023-04-10T02:00:21Z","fieldsType":"FieldsV1","fieldsV1":{"f:metadata":{"f:annotations":{"f:node.alpha.kubernetes.io/ttl":{}}},"f:spec":{"f:podCIDR":{},"f:podCIDRs":{".":{},"v:\"10.42.0.0/24\"":{}},"f:taints":{}}}},{"manager":"calico-node","operation":"Update","apiVersion":"v1","time":"2023-04-10T02:00:37Z","fieldsType":"FieldsV1","fieldsV1":{"f:metadata":{"f:annotations":{"f:projectcalico.org/IPv4Address":{},"f:projectcalico.org/IPv4VXLANTunnelAddr":{}}},"f:status":{"f:conditions":{"k:{\"type\":\"NetworkUnavailable\"}":{".":{},"f:lastHeartbeatTime":{},"f:lastTransitionTime":{},"f:message":{},"f:reason":{},"f:status":{},"f:type":{}}}}}},{"manager":"agent","operation":"Update","apiVersion":"v1","time":"2023-04-10T02:01:24Z","fieldsType":"FieldsV1","fieldsV1":{"f:metadata":{"f:annotations":{"f:management.cattle.io/pod-limits":{},"f:management.cattle.io/pod-requests":{}}}}},{"manager":"rancher","operation":"Update","apiVersion":"v1","time":"2023-04-10T02:01:59Z","fieldsType":"FieldsV1","fieldsV1":{"f:metadata":{"f:annotations":{"f:cluster.x-k8s.io/cluster-name":{},"f:cluster.x-k8s.io/cluster-namespace":{},"f:cluster.x-k8s.io/machine":{},"f:cluster.x-k8s.io/owner-kind":{},"f:cluster.x-k8s.io/owner-name":{}}}}},{"manager":"system-upgrade-controller","operation":"Update","apiVersion":"v1","time":"2023-04-10T02:05:02Z","fieldsType":"FieldsV1","fieldsV1":{"f:metadata":{"f:labels":{"f:plan.upgrade.cattle.io/system-agent-upgrader":{}}}}},{"manager":"kubelet","operation":"Update","apiVersion":"v1","time":"2023-04-10T02:05:08Z","fieldsType":"FieldsV1","fieldsV1":{"f:status":{"f:images":{}}}},{"manager":"kubelet","operation":"Update","apiVersion":"v1","time":"2023-04-10T02:20:25Z","fieldsType":"FieldsV1","fieldsV1":{"f:status":{"f:conditions":{"k:{\"type\":\"DiskPressure\"}":{"f:lastHeartbeatTime":{}},"k:{\"type\":\"MemoryPressure\"}":{"f:lastHeartbeatTime":{}},"k:{\"type\":\"PIDPressure\"}":{"f:lastHeartbeatTime":{}},"k:{\"type\":\"Ready\"}":{"f:lastHeartbeatTime":{}}}}},"subresource":"status"}]},"spec":{"podCIDR":"10.42.0.0/24","podCIDRs":["10.42.0.0/24"],"providerID":"rke2://rc-k8s-1-rc-m1-232445eb-pczqj","taints":[{"key":"node-role.kubernetes.io/control-plane","effect":"NoSchedule"},{"key":"node-role.kubernetes.io/etcd","effect":"NoExecute"}]},"status":{"capacity":{"cpu":"4","ephemeral-storage":"101583780Ki","hugepages-1Gi":"0","hugepages-2Mi":"0","memory":"16396012Ki","pods":"110"},"allocatable":{"cpu":"4","ephemeral-storage":"98820701107","hugepages-1Gi":"0","hugepages-2Mi":"0","memory":"16396012Ki","pods":"110"},"conditions":[{"type":"NetworkUnavailable","status":"False","lastHeartbeatTime":"2023-04-10T02:00:37Z","lastTransitionTime":"2023-04-10T02:00:37Z","reason":"CalicoIsUp","message":"Calico is running on this node"},{"type":"MemoryPressure","status":"False","lastHeartbeatTime":"2023-04-10T10:20:15Z","lastTransitionTime":"2023-04-10T01:58:37Z","reason":"KubeletHasSufficientMemory","message":"kubelet has sufficient memory available"},{"type":"DiskPressure","status":"False","lastHeartbeatTime":"2023-04-10T10:20:15Z","lastTransitionTime":"2023-04-10T01:58:37Z","reason":"KubeletHasNoDiskPressure","message":"kubelet has no disk pressure"},{"type":"PIDPressure","status":"False","lastHeartbeatTime":"2023-04-10T10:20:15Z","lastTransitionTime":"2023-04-10T01:58:37Z","reason":"KubeletHasSufficientPID","message":"kubelet has sufficient PID available"},{"type":"Ready","status":"True","lastHeartbeatTime":"2023-04-10T10:20:15Z","lastTransitionTime":"2023-04-10T02:00:21Z","reason":"KubeletReady","message":"kubelet is posting ready status. AppArmor enabled"}],"addresses":[{"type":"InternalIP","address":"172.31.37.119"},{"type":"ExternalIP","address":"43.206.242.63"},{"type":"Hostname","address":"rc-k8s-1-rc-m1-232445eb-pczqj"}],"daemonEndpoints":{"kubeletEndpoint":{"Port":10250}},"nodeInfo":{"machineID":"3e28d46e1be848399eed87ecb5ee77c6","systemUUID":"ec274099-95c5-5acc-e40b-0d47a1494bfa","bootID":"237a8b22-f7be-46c2-8785-63c9176c1fb4","kernelVersion":"5.4.0-1041-aws","osImage":"Ubuntu 20.04.2 LTS","containerRuntimeVersion":"containerd://1.6.15-k3s1","kubeletVersion":"v1.24.11+rke2r1","kubeProxyVersion":"v1.24.11+rke2r1","operatingSystem":"linux","architecture":"amd64"},"images":[{"names":["docker.io/rancher/rancher-agent@sha256:ac3475fef511401d0f59c54f0f467a79ee3ad27042075b7a947cc07c7e9f1592","docker.io/rancher/rancher-agent:v2.7.1"],"sizeBytes":290146917},{"names":["docker.io/rancher/hardened-kubernetes@sha256:1ac2854d76433bb894cc639fb28ce67c53da3a268384d6b353130dc9102425e9","docker.io/rancher/hardened-kubernetes:v1.24.11-rke2r1-build20230228"],"sizeBytes":208738518},{"names":["docker.io/rancher/klipper-helm@sha256:0fa01dbbb61412742bbf4fb8ebee2167ea4658796f372f01b604c9aca7c9381f","docker.io/rancher/klipper-helm:v0.7.4-build20221121"],"sizeBytes":91985650},{"names":["docker.io/rancher/mirrored-calico-cni@sha256:5c9a4923bc31b2c7e1d155111644c4bd940e19f75d832faf15a617132116e8df","docker.io/rancher/mirrored-calico-cni:v3.25.0"],"sizeBytes":87984630},{"names":["docker.io/rancher/mirrored-calico-node@sha256:cc60816f11792b264c3f351ecea4b2dfdf02bdc0b19ff330df1ea9eb36fff675","docker.io/rancher/mirrored-calico-node:v3.25.0"],"sizeBytes":87185624},{"names":["docker.io/rancher/hardened-etcd@sha256:abb0674e4f1462153f3542ea90c0272988e024d304fe9e1f3267643d744caaab","docker.io/rancher/hardened-etcd:v3.5.4-k3s1-build20221011"],"sizeBytes":64814391},{"names":["docker.io/rancher/hardened-coredns@sha256:3020505d755499eb8d22f631aa88fc597b4849eae18404401087669a6bc5ca06","docker.io/rancher/hardened-coredns:v1.9.3-build20221011"],"sizeBytes":64087613},{"names":["docker.io/rancher/rke2-cloud-provider@sha256:9d54d0e0c6ffa36854255d18347fb85b1a34aee0a82d17182ec11b0d704892de","docker.io/rancher/rke2-cloud-provider:v1.26.1-build20230210"],"sizeBytes":63188050},{"names":["docker.io/rancher/hardened-cluster-autoscaler@sha256:18cf5a3f1c2c7df073b310016b1ac28e8e543afb5cffe91da6bc33176f0fb9f8","docker.io/rancher/hardened-cluster-autoscaler:v1.8.5-build20221011"],"sizeBytes":56358657},{"names":["docker.io/rancher/mirrored-calico-kube-controllers@sha256:674a3a4de2e3c3fb17563dcf0f460a19f4d8bd6e735326b94bc01e706d4dc2f1","docker.io/rancher/mirrored-calico-kube-controllers:v3.25.0"],"sizeBytes":31271490},{"names":["docker.io/rancher/mirrored-calico-typha@sha256:3d400ec4c1a8caa9740b8e51b7724584370264a800c30690ba2614c5b0fa18d3","docker.io/rancher/mirrored-calico-typha:v3.25.0"],"sizeBytes":28532876},{"names":["docker.io/rancher/system-agent@sha256:45b280b1c8541908d3b5f49d43277d169dad49c5002057d172c4e062e287d5af","docker.io/rancher/system-agent:v0.2.13-suc"],"sizeBytes":27575080},{"names":["docker.io/rancher/mirrored-calico-operator@sha256:a12fbc37db91ad8642459b64daba06ab2502b3e2ce8cb105e5c4fa354d3617ed","docker.io/rancher/mirrored-calico-operator:v1.29.0"],"sizeBytes":21108585},{"names":["docker.io/rancher/system-upgrade-controller@sha256:558cd0cf45f245afe31c99b9a7bc2f2235f7f317b545e2fdabc5ad28af1a0fe5","docker.io/rancher/system-upgrade-controller:v0.9.1"],"sizeBytes":8909401},{"names":["docker.io/rancher/mirrored-calico-pod2daemon-flexvol@sha256:8002b7917f98bd34b1194a5be9acf6c3244dc717cb2c0f5df927fc9a6d52bfaf","docker.io/rancher/mirrored-calico-pod2daemon-flexvol:v3.25.0"],"sizeBytes":7075735},{"names":["docker.io/rancher/pause@sha256:036d575e82945c112ef84e4585caff3648322a2f9ed4c3a6ce409dd10abc4f34","docker.io/rancher/pause:3.6"],"sizeBytes":299396}]}},{"metadata":{"name":"rc-k8s-1-rc-w1-489d6c2c-dt5tz","uid":"b4b2d9f4-65d4-4881-91bc-91a0ce693b0f","resourceVersion":"237246","creationTimestamp":"2023-04-10T02:02:14Z","labels":{"beta.kubernetes.io/arch":"amd64","beta.kubernetes.io/instance-type":"rke2","beta.kubernetes.io/os":"linux","kubernetes.io/arch":"amd64","kubernetes.io/hostname":"rc-k8s-1-rc-w1-489d6c2c-dt5tz","kubernetes.io/os":"linux","node-role.kubernetes.io/worker":"true","node.kubernetes.io/instance-type":"rke2","plan.upgrade.cattle.io/system-agent-upgrader":"abc8595409465d9d45d86fca29d77876a043ec1bba52890358d06ab8","rke.cattle.io/machine":"08a64fb8-2c44-4cb2-ae76-714225cedb02"},"annotations":{"cluster.x-k8s.io/cluster-name":"rc-k8s-1","cluster.x-k8s.io/cluster-namespace":"fleet-default","cluster.x-k8s.io/machine":"rc-k8s-1-rc-w1-694f8d786f-xnf7r","cluster.x-k8s.io/owner-kind":"MachineSet","cluster.x-k8s.io/owner-name":"rc-k8s-1-rc-w1-694f8d786f","csi.volume.kubernetes.io/nodeid":"{\"driver.longhorn.io\":\"rc-k8s-1-rc-w1-489d6c2c-dt5tz\"}","management.cattle.io/pod-limits":"{}","management.cattle.io/pod-requests":"{\"cpu\":\"1310m\",\"memory\":\"218Mi\",\"pods\":\"8\"}","node.alpha.kubernetes.io/ttl":"0","projectcalico.org/IPv4Address":"172.31.41.110/20","projectcalico.org/IPv4VXLANTunnelAddr":"10.42.128.128","rke2.io/external-ip":"13.114.169.86","rke2.io/hostname":"rc-k8s-1-rc-w1-489d6c2c-dt5tz","rke2.io/internal-ip":"172.31.41.110","rke2.io/node-args":"[\"agent\",\"--node-external-ip\",\"13.114.169.86\",\"--node-ip\",\"172.31.41.110\",\"--node-label\",\"rke.cattle.io/machine=08a64fb8-2c44-4cb2-ae76-714225cedb02\",\"--private-registry\",\"/etc/rancher/rke2/registries.yaml\",\"--protect-kernel-defaults\",\"false\",\"--server\",\"https://172.31.37.119:9345\",\"--token\",\"********\"]","rke2.io/node-config-hash":"PW2QCQYIOALNENA4XWJL4XAMUPCINHVJEVOF5PKBUB3YDT7ADKDA====","rke2.io/node-env":"{}","volumes.kubernetes.io/controller-managed-attach-detach":"true"},"finalizers":["wrangler.cattle.io/managed-etcd-controller","wrangler.cattle.io/node"],"managedFields":[{"manager":"ancient-changes","operation":"Update","apiVersion":"v1","time":"2023-04-10T02:02:14Z","fieldsType":"FieldsV1","fieldsV1":{"f:metadata":{"f:finalizers":{".":{},"v:\"wrangler.cattle.io/managed-etcd-controller\"":{},"v:\"wrangler.cattle.io/node\"":{}}},"f:status":{"f:addresses":{"k:{\"type\":\"ExternalIP\"}":{".":{},"f:address":{},"f:type":{}}}}}},{"manager":"rke2","operation":"Update","apiVersion":"v1","time":"2023-04-10T02:02:14Z","fieldsType":"FieldsV1","fieldsV1":{"f:metadata":{"f:annotations":{"f:rke2.io/external-ip":{},"f:rke2.io/hostname":{},"f:rke2.io/internal-ip":{},"f:rke2.io/node-args":{},"f:rke2.io/node-config-hash":{},"f:rke2.io/node-env":{}}}}},{"manager":"agent","operation":"Update","apiVersion":"v1","time":"2023-04-10T02:02:18Z","fieldsType":"FieldsV1","fieldsV1":{"f:metadata":{"f:annotations":{"f:management.cattle.io/pod-limits":{},"f:management.cattle.io/pod-requests":{}}}}},{"manager":"rancher","operation":"Update","apiVersion":"v1","time":"2023-04-10T02:03:31Z","fieldsType":"FieldsV1","fieldsV1":{"f:metadata":{"f:annotations":{"f:cluster.x-k8s.io/cluster-name":{},"f:cluster.x-k8s.io/cluster-namespace":{},"f:cluster.x-k8s.io/machine":{},"f:cluster.x-k8s.io/owner-kind":{},"f:cluster.x-k8s.io/owner-name":{}},"f:labels":{"f:node-role.kubernetes.io/worker":{}}}}},{"manager":"calico-node","operation":"Update","apiVersion":"v1","time":"2023-04-10T02:03:35Z","fieldsType":"FieldsV1","fieldsV1":{"f:metadata":{"f:annotations":{"f:projectcalico.org/IPv4Address":{},"f:projectcalico.org/IPv4VXLANTunnelAddr":{}}},"f:status":{"f:conditions":{"k:{\"type\":\"NetworkUnavailable\"}":{".":{},"f:message":{},"f:reason":{},"f:status":{},"f:type":{}}}}}},{"manager":"system-upgrade-controller","operation":"Update","apiVersion":"v1","time":"2023-04-10T02:05:07Z","fieldsType":"FieldsV1","fieldsV1":{"f:metadata":{"f:labels":{"f:plan.upgrade.cattle.io/system-agent-upgrader":{}}}}},{"manager":"calico-node","operation":"Update","apiVersion":"v1","time":"2023-04-10T09:04:50Z","fieldsType":"FieldsV1","fieldsV1":{"f:status":{"f:conditions":{"k:{\"type\":\"NetworkUnavailable\"}":{"f:lastHeartbeatTime":{},"f:lastTransitionTime":{}}}}},"subresource":"status"},{"manager":"kube-controller-manager","operation":"Update","apiVersion":"v1","time":"2023-04-10T10:14:02Z","fieldsType":"FieldsV1","fieldsV1":{"f:metadata":{"f:annotations":{"f:node.alpha.kubernetes.io/ttl":{}}},"f:spec":{"f:podCIDR":{},"f:podCIDRs":{".":{},"v:\"10.42.3.0/24\"":{}}}}},{"manager":"kubelet","operation":"Update","apiVersion":"v1","time":"2023-04-10T10:20:55Z","fieldsType":"FieldsV1","fieldsV1":{"f:metadata":{"f:annotations":{"f:csi.volume.kubernetes.io/nodeid":{}}},"f:status":{"f:allocatable":{"f:ephemeral-storage":{},"f:memory":{}},"f:capacity":{"f:ephemeral-storage":{},"f:memory":{}},"f:conditions":{"k:{\"type\":\"DiskPressure\"}":{"f:lastHeartbeatTime":{},"f:lastTransitionTime":{},"f:message":{},"f:reason":{},"f:status":{}},"k:{\"type\":\"MemoryPressure\"}":{"f:lastHeartbeatTime":{},"f:lastTransitionTime":{},"f:message":{},"f:reason":{},"f:status":{}},"k:{\"type\":\"PIDPressure\"}":{"f:lastHeartbeatTime":{},"f:lastTransitionTime":{},"f:message":{},"f:reason":{},"f:status":{}},"k:{\"type\":\"Ready\"}":{"f:lastHeartbeatTime":{},"f:lastTransitionTime":{},"f:message":{},"f:reason":{},"f:status":{}}},"f:images":{},"f:nodeInfo":{"f:bootID":{},"f:kernelVersion":{}}}},"subresource":"status"}]},"spec":{"podCIDR":"10.42.3.0/24","podCIDRs":["10.42.3.0/24"],"providerID":"rke2://rc-k8s-1-rc-w1-489d6c2c-dt5tz"},"status":{"capacity":{"cpu":"4","ephemeral-storage":"101569200Ki","hugepages-1Gi":"0","hugepages-2Mi":"0","memory":"16382988Ki","pods":"110"},"allocatable":{"cpu":"4","ephemeral-storage":"98806517683","hugepages-1Gi":"0","hugepages-2Mi":"0","memory":"16382988Ki","pods":"110"},"conditions":[{"type":"NetworkUnavailable","status":"False","lastHeartbeatTime":"2023-04-10T10:21:06Z","lastTransitionTime":"2023-04-10T10:21:06Z","reason":"CalicoIsUp","message":"Calico is running on this node"},{"type":"MemoryPressure","status":"False","lastHeartbeatTime":"2023-04-10T10:21:05Z","lastTransitionTime":"2023-04-10T10:20:55Z","reason":"KubeletHasSufficientMemory","message":"kubelet has sufficient memory available"},{"type":"DiskPressure","status":"False","lastHeartbeatTime":"2023-04-10T10:21:05Z","lastTransitionTime":"2023-04-10T10:20:55Z","reason":"KubeletHasNoDiskPressure","message":"kubelet has no disk pressure"},{"type":"PIDPressure","status":"False","lastHeartbeatTime":"2023-04-10T10:21:05Z","lastTransitionTime":"2023-04-10T10:20:55Z","reason":"KubeletHasSufficientPID","message":"kubelet has sufficient PID available"},{"type":"Ready","status":"True","lastHeartbeatTime":"2023-04-10T10:21:05Z","lastTransitionTime":"2023-04-10T10:21:05Z","reason":"KubeletReady","message":"kubelet is posting ready status. AppArmor enabled"}],"addresses":[{"type":"InternalIP","address":"172.31.41.110"},{"type":"ExternalIP","address":"13.114.169.86"},{"type":"Hostname","address":"rc-k8s-1-rc-w1-489d6c2c-dt5tz"}],"daemonEndpoints":{"kubeletEndpoint":{"Port":10250}},"nodeInfo":{"machineID":"272b5792a9d94c0b9c90953d36ca12b1","systemUUID":"ec280127-5bdc-7690-a73d-551a396b2d91","bootID":"d958f213-d087-469c-a7fc-64373cc89c91","kernelVersion":"5.15.0-1033-aws","osImage":"Ubuntu 20.04.2 LTS","containerRuntimeVersion":"containerd://1.6.15-k3s1","kubeletVersion":"v1.24.11+rke2r1","kubeProxyVersion":"v1.24.11+rke2r1","operatingSystem":"linux","architecture":"amd64"},"images":[{"names":["docker.io/rancher/nginx-ingress-controller@sha256:df05f082ddd0b39b1ed72658c191996b1bc265afe7da963345b197ea5f5e3957","docker.io/rancher/nginx-ingress-controller:nginx-1.4.1-hardened2"],"sizeBytes":333760236},{"names":["docker.io/longhornio/longhorn-engine@sha256:0f40a07483fd80d4604078d3825eeb0f4e2cbfa039b9710e77d0add1b16feafc","docker.io/longhornio/longhorn-engine:master-head"],"sizeBytes":276956864},{"names":["docker.io/longhornio/longhorn-instance-manager@sha256:726fd0288b7808330f7524da8161087a3ef88c4d26859baab4675f3c367b09b0","docker.io/longhornio/longhorn-instance-manager:master-head"],"sizeBytes":275957456},{"names":["docker.io/longhornio/longhorn-engine@sha256:e48ab7190283dc3e8e0435b51e5f568bce9d0f0963678c5f74f31a60810c8bc6","docker.io/longhornio/longhorn-engine:v1.4.1"],"sizeBytes":265973303},{"names":["docker.io/longhornio/longhorn-instance-manager@sha256:b61a23444217ce5f54f7d6f20643743bef69286e64305f841bb1bd93e1b0c7c0","docker.io/longhornio/longhorn-instance-manager:v1.4.1"],"sizeBytes":264748747},{"names":["docker.io/rancher/hardened-kubernetes@sha256:1ac2854d76433bb894cc639fb28ce67c53da3a268384d6b353130dc9102425e9","docker.io/rancher/hardened-kubernetes:v1.24.11-rke2r1-build20230228"],"sizeBytes":208738518},{"names":["docker.io/rancher/fleet-agent@sha256:e88f03cb6666de0424ac091d7f280f9f1ea776cdf1e7c80a45470a7637a3ba3b","docker.io/rancher/fleet-agent:v0.5.1"],"sizeBytes":115739399},{"names":["docker.io/longhornio/longhorn-manager@sha256:88a9fb52028d967ba24e3bdc16a6dda61605399c738cd4888ff0331107ec1ccf","docker.io/longhornio/longhorn-manager:master-head"],"sizeBytes":109989879},{"names":["docker.io/longhornio/longhorn-manager@sha256:2dddeeae014b59b0287b9476144ad84d15fd259295f4ee067cffe15b6cfb3f9b","docker.io/longhornio/longhorn-manager:v1.4.1"],"sizeBytes":98066239},{"names":["docker.io/rancher/klipper-helm@sha256:0fa01dbbb61412742bbf4fb8ebee2167ea4658796f372f01b604c9aca7c9381f","docker.io/rancher/klipper-helm:v0.7.4-build20221121"],"sizeBytes":91985650},{"names":["docker.io/rancher/mirrored-calico-cni@sha256:5c9a4923bc31b2c7e1d155111644c4bd940e19f75d832faf15a617132116e8df","docker.io/rancher/mirrored-calico-cni:v3.25.0"],"sizeBytes":87984630},{"names":["docker.io/rancher/mirrored-calico-node@sha256:cc60816f11792b264c3f351ecea4b2dfdf02bdc0b19ff330df1ea9eb36fff675","docker.io/rancher/mirrored-calico-node:v3.25.0"],"sizeBytes":87185624},{"names":["docker.io/longhornio/longhorn-ui@sha256:e81882c595082c61e481f2c829f03050ec14160581696977f84c1efd4d0ad6be","docker.io/longhornio/longhorn-ui:master-head"],"sizeBytes":72607431},{"names":["docker.io/longhornio/longhorn-ui@sha256:281c6197e0a699ea2e1ea8f58f635fa2073dfbe245a1d4ade005b848ad2abda9","docker.io/longhornio/longhorn-ui:v1.4.1"],"sizeBytes":72147175},{"names":["docker.io/rancher/hardened-coredns@sha256:3020505d755499eb8d22f631aa88fc597b4849eae18404401087669a6bc5ca06","docker.io/rancher/hardened-coredns:v1.9.3-build20221011"],"sizeBytes":64087613},{"names":["docker.io/rancher/mirrored-calico-typha@sha256:3d400ec4c1a8caa9740b8e51b7724584370264a800c30690ba2614c5b0fa18d3","docker.io/rancher/mirrored-calico-typha:v3.25.0"],"sizeBytes":28532876},{"names":["docker.io/rancher/system-agent@sha256:45b280b1c8541908d3b5f49d43277d169dad49c5002057d172c4e062e287d5af","docker.io/rancher/system-agent:v0.2.13-suc"],"sizeBytes":27575080},{"names":["docker.io/longhornio/csi-snapshotter@sha256:a3c71d6b1ecaefe69330312326b2ccf016a83af67e9b2bc2ad0685dc388c35df","docker.io/longhornio/csi-snapshotter:v5.0.1"],"sizeBytes":22163656},{"names":["docker.io/longhornio/csi-attacher@sha256:365b6e745404cf3eb39ee9bcc55b1af3c4f5357e44dddd0270c3cbb06b252a64","docker.io/longhornio/csi-attacher:v3.4.0"],"sizeBytes":22084988},{"names":["docker.io/longhornio/csi-resizer@sha256:5ce3edf2ab0167a76d09d949a644677ec42428e2b735f6ebabab76a2b3432475","docker.io/longhornio/csi-resizer:v1.3.0"],"sizeBytes":21671030},{"names":["docker.io/longhornio/csi-provisioner@sha256:daa7828fd45897fdeec17d6e987bc54cdc0a0928a7ba6b62d8f8496d6aa5d3be","docker.io/longhornio/csi-provisioner:v2.1.2"],"sizeBytes":21220203},{"names":["docker.io/longhornio/csi-node-driver-registrar@sha256:b3288cdcb832c30acc90f0d6363fc681880f46448f0175078bbd07f2a178634e","docker.io/longhornio/csi-node-driver-registrar:v2.5.0"],"sizeBytes":9132327},{"names":["docker.io/longhornio/livenessprobe@sha256:4a8917674f9eb175ad7d9339d8a5bc0f6f1376612f9abfc3854e7e7282bde75d","docker.io/longhornio/livenessprobe:v2.8.0"],"sizeBytes":8892153},{"names":["docker.io/rancher/mirrored-calico-pod2daemon-flexvol@sha256:8002b7917f98bd34b1194a5be9acf6c3244dc717cb2c0f5df927fc9a6d52bfaf","docker.io/rancher/mirrored-calico-pod2daemon-flexvol:v3.25.0"],"sizeBytes":7075735},{"names":["docker.io/library/busybox@sha256:e8e5cca392e3cf056fcdb3093e7ac2bf83fcf28b3bcf5818fe8ae71cf360c231","docker.io/library/busybox:1.34.0"],"sizeBytes":777165},{"names":["docker.io/rancher/pause@sha256:036d575e82945c112ef84e4585caff3648322a2f9ed4c3a6ce409dd10abc4f34","docker.io/rancher/pause:3.6"],"sizeBytes":299396}]}},{"metadata":{"name":"rc-k8s-1-rc-w1-489d6c2c-rtm9j","uid":"28cbe3dc-33b6-4a0c-8416-a6c5bbc4c0c6","resourceVersion":"235840","creationTimestamp":"2023-04-10T02:02:14Z","labels":{"beta.kubernetes.io/arch":"amd64","beta.kubernetes.io/instance-type":"rke2","beta.kubernetes.io/os":"linux","kubernetes.io/arch":"amd64","kubernetes.io/hostname":"rc-k8s-1-rc-w1-489d6c2c-rtm9j","kubernetes.io/os":"linux","node-role.kubernetes.io/worker":"true","node.kubernetes.io/instance-type":"rke2","plan.upgrade.cattle.io/system-agent-upgrader":"abc8595409465d9d45d86fca29d77876a043ec1bba52890358d06ab8","rke.cattle.io/machine":"50bb1203-2c4e-4bd3-b627-042053fcf4b3"},"annotations":{"cluster.x-k8s.io/cluster-name":"rc-k8s-1","cluster.x-k8s.io/cluster-namespace":"fleet-default","cluster.x-k8s.io/machine":"rc-k8s-1-rc-w1-694f8d786f-qqw49","cluster.x-k8s.io/owner-kind":"MachineSet","cluster.x-k8s.io/owner-name":"rc-k8s-1-rc-w1-694f8d786f","csi.volume.kubernetes.io/nodeid":"{\"driver.longhorn.io\":\"rc-k8s-1-rc-w1-489d6c2c-rtm9j\"}","management.cattle.io/pod-limits":"{\"cpu\":\"100m\",\"memory\":\"128Mi\"}","management.cattle.io/pod-requests":"{\"cpu\":\"1410m\",\"memory\":\"346Mi\",\"pods\":\"20\"}","node.alpha.kubernetes.io/ttl":"0","projectcalico.org/IPv4Address":"172.31.36.251/20","projectcalico.org/IPv4VXLANTunnelAddr":"10.42.160.128","rke2.io/external-ip":"18.183.148.194","rke2.io/hostname":"rc-k8s-1-rc-w1-489d6c2c-rtm9j","rke2.io/internal-ip":"172.31.36.251","rke2.io/node-args":"[\"agent\",\"--node-external-ip\",\"18.183.148.194\",\"--node-ip\",\"172.31.36.251\",\"--node-label\",\"rke.cattle.io/machine=50bb1203-2c4e-4bd3-b627-042053fcf4b3\",\"--private-registry\",\"/etc/rancher/rke2/registries.yaml\",\"--protect-kernel-defaults\",\"false\",\"--server\",\"https://172.31.37.119:9345\",\"--token\",\"********\"]","rke2.io/node-config-hash":"QDWGGSVLXEQGKUK7ORXR3CFMXRU5IVR6UO2V6VMSPC4MEP47IAGA====","rke2.io/node-env":"{}","volumes.kubernetes.io/controller-managed-attach-detach":"true"},"finalizers":["wrangler.cattle.io/managed-etcd-controller","wrangler.cattle.io/node"],"managedFields":[{"manager":"cloud-controller-manager","operation":"Update","apiVersion":"v1","time":"2023-04-10T02:02:14Z","fieldsType":"FieldsV1","fieldsV1":{"f:status":{"f:addresses":{"k:{\"type\":\"ExternalIP\"}":{".":{},"f:address":{},"f:type":{}}}}}},{"manager":"deploy@rc-k8s-1-rc-m1-232445eb-pczqj","operation":"Update","apiVersion":"v1","time":"2023-04-10T02:02:14Z","fieldsType":"FieldsV1","fieldsV1":{"f:metadata":{"f:finalizers":{".":{},"v:\"wrangler.cattle.io/managed-etcd-controller\"":{},"v:\"wrangler.cattle.io/node\"":{}}}}},{"manager":"kube-controller-manager","operation":"Update","apiVersion":"v1","time":"2023-04-10T02:02:14Z","fieldsType":"FieldsV1","fieldsV1":{"f:metadata":{"f:annotations":{"f:node.alpha.kubernetes.io/ttl":{}}},"f:spec":{"f:podCIDR":{},"f:podCIDRs":{".":{},"v:\"10.42.1.0/24\"":{}}}}},{"manager":"rke2","operation":"Update","apiVersion":"v1","time":"2023-04-10T02:02:14Z","fieldsType":"FieldsV1","fieldsV1":{"f:metadata":{"f:annotations":{"f:rke2.io/external-ip":{},"f:rke2.io/hostname":{},"f:rke2.io/internal-ip":{},"f:rke2.io/node-args":{},"f:rke2.io/node-config-hash":{},"f:rke2.io/node-env":{}}}}},{"manager":"agent","operation":"Update","apiVersion":"v1","time":"2023-04-10T02:02:18Z","fieldsType":"FieldsV1","fieldsV1":{"f:metadata":{"f:annotations":{"f:management.cattle.io/pod-limits":{},"f:management.cattle.io/pod-requests":{}}}}},{"manager":"rancher","operation":"Update","apiVersion":"v1","time":"2023-04-10T02:03:29Z","fieldsType":"FieldsV1","fieldsV1":{"f:metadata":{"f:annotations":{"f:cluster.x-k8s.io/cluster-name":{},"f:cluster.x-k8s.io/cluster-namespace":{},"f:cluster.x-k8s.io/machine":{},"f:cluster.x-k8s.io/owner-kind":{},"f:cluster.x-k8s.io/owner-name":{}},"f:labels":{"f:node-role.kubernetes.io/worker":{}}}}},{"manager":"calico-node","operation":"Update","apiVersion":"v1","time":"2023-04-10T02:03:33Z","fieldsType":"FieldsV1","fieldsV1":{"f:metadata":{"f:annotations":{"f:projectcalico.org/IPv4Address":{},"f:projectcalico.org/IPv4VXLANTunnelAddr":{}}},"f:status":{"f:conditions":{"k:{\"type\":\"NetworkUnavailable\"}":{".":{},"f:lastHeartbeatTime":{},"f:lastTransitionTime":{},"f:message":{},"f:reason":{},"f:status":{},"f:type":{}}}}}},{"manager":"system-upgrade-controller","operation":"Update","apiVersion":"v1","time":"2023-04-10T02:05:05Z","fieldsType":"FieldsV1","fieldsV1":{"f:metadata":{"f:labels":{"f:plan.upgrade.cattle.io/system-agent-upgrader":{}}}}},{"manager":"kubelet","operation":"Update","apiVersion":"v1","time":"2023-04-10T07:24:38Z","fieldsType":"FieldsV1","fieldsV1":{"f:metadata":{"f:annotations":{"f:csi.volume.kubernetes.io/nodeid":{}}},"f:status":{"f:conditions":{"k:{\"type\":\"DiskPressure\"}":{"f:lastHeartbeatTime":{}},"k:{\"type\":\"MemoryPressure\"}":{"f:lastHeartbeatTime":{}},"k:{\"type\":\"PIDPressure\"}":{"f:lastHeartbeatTime":{}},"k:{\"type\":\"Ready\"}":{"f:lastHeartbeatTime":{}}},"f:images":{}}},"subresource":"status"}]},"spec":{"podCIDR":"10.42.1.0/24","podCIDRs":["10.42.1.0/24"],"providerID":"rke2://rc-k8s-1-rc-w1-489d6c2c-rtm9j"},"status":{"capacity":{"cpu":"4","ephemeral-storage":"101583780Ki","hugepages-1Gi":"0","hugepages-2Mi":"0","memory":"16396012Ki","pods":"110"},"allocatable":{"cpu":"4","ephemeral-storage":"98820701107","hugepages-1Gi":"0","hugepages-2Mi":"0","memory":"16396012Ki","pods":"110"},"conditions":[{"type":"NetworkUnavailable","status":"False","lastHeartbeatTime":"2023-04-10T02:03:33Z","lastTransitionTime":"2023-04-10T02:03:33Z","reason":"CalicoIsUp","message":"Calico is running on this node"},{"type":"MemoryPressure","status":"False","lastHeartbeatTime":"2023-04-10T10:19:18Z","lastTransitionTime":"2023-04-10T02:02:14Z","reason":"KubeletHasSufficientMemory","message":"kubelet has sufficient memory available"},{"type":"DiskPressure","status":"False","lastHeartbeatTime":"2023-04-10T10:19:18Z","lastTransitionTime":"2023-04-10T02:02:14Z","reason":"KubeletHasNoDiskPressure","message":"kubelet has no disk pressure"},{"type":"PIDPressure","status":"False","lastHeartbeatTime":"2023-04-10T10:19:18Z","lastTransitionTime":"2023-04-10T02:02:14Z","reason":"KubeletHasSufficientPID","message":"kubelet has sufficient PID available"},{"type":"Ready","status":"True","lastHeartbeatTime":"2023-04-10T10:19:18Z","lastTransitionTime":"2023-04-10T02:03:25Z","reason":"KubeletReady","message":"kubelet is posting ready status. AppArmor enabled"}],"addresses":[{"type":"InternalIP","address":"172.31.36.251"},{"type":"ExternalIP","address":"18.183.148.194"},{"type":"Hostname","address":"rc-k8s-1-rc-w1-489d6c2c-rtm9j"}],"daemonEndpoints":{"kubeletEndpoint":{"Port":10250}},"nodeInfo":{"machineID":"b72380edc5ca4e08912acb770beff577","systemUUID":"ec2fe050-47e3-1a6d-a1c7-9eef2ef96ba1","bootID":"b306b07c-cdfd-459e-ad83-574f3f26aeec","kernelVersion":"5.4.0-1041-aws","osImage":"Ubuntu 20.04.2 LTS","containerRuntimeVersion":"containerd://1.6.15-k3s1","kubeletVersion":"v1.24.11+rke2r1","kubeProxyVersion":"v1.24.11+rke2r1","operatingSystem":"linux","architecture":"amd64"},"images":[{"names":["docker.io/rancher/nginx-ingress-controller@sha256:df05f082ddd0b39b1ed72658c191996b1bc265afe7da963345b197ea5f5e3957","docker.io/rancher/nginx-ingress-controller:nginx-1.4.1-hardened2"],"sizeBytes":333760236},{"names":["docker.io/longhornio/longhorn-engine@sha256:0f40a07483fd80d4604078d3825eeb0f4e2cbfa039b9710e77d0add1b16feafc","docker.io/longhornio/longhorn-engine:master-head"],"sizeBytes":276956864},{"names":["docker.io/longhornio/longhorn-instance-manager@sha256:726fd0288b7808330f7524da8161087a3ef88c4d26859baab4675f3c367b09b0","docker.io/longhornio/longhorn-instance-manager:master-head"],"sizeBytes":275957456},{"names":["docker.io/longhornio/longhorn-engine@sha256:e48ab7190283dc3e8e0435b51e5f568bce9d0f0963678c5f74f31a60810c8bc6","docker.io/longhornio/longhorn-engine:v1.4.1"],"sizeBytes":265973303},{"names":["docker.io/longhornio/longhorn-instance-manager@sha256:b61a23444217ce5f54f7d6f20643743bef69286e64305f841bb1bd93e1b0c7c0","docker.io/longhornio/longhorn-instance-manager:v1.4.1"],"sizeBytes":264748747},{"names":["docker.io/rancher/hardened-kubernetes@sha256:1ac2854d76433bb894cc639fb28ce67c53da3a268384d6b353130dc9102425e9","docker.io/rancher/hardened-kubernetes:v1.24.11-rke2r1-build20230228"],"sizeBytes":208738518},{"names":["docker.io/longhornio/longhorn-manager@sha256:88a9fb52028d967ba24e3bdc16a6dda61605399c738cd4888ff0331107ec1ccf","docker.io/longhornio/longhorn-manager:master-head"],"sizeBytes":109989879},{"names":["docker.io/longhornio/longhorn-manager@sha256:2dddeeae014b59b0287b9476144ad84d15fd259295f4ee067cffe15b6cfb3f9b","docker.io/longhornio/longhorn-manager:v1.4.1"],"sizeBytes":98066239},{"names":["docker.io/rancher/mirrored-calico-cni@sha256:5c9a4923bc31b2c7e1d155111644c4bd940e19f75d832faf15a617132116e8df","docker.io/rancher/mirrored-calico-cni:v3.25.0"],"sizeBytes":87984630},{"names":["docker.io/rancher/mirrored-calico-node@sha256:cc60816f11792b264c3f351ecea4b2dfdf02bdc0b19ff330df1ea9eb36fff675","docker.io/rancher/mirrored-calico-node:v3.25.0"],"sizeBytes":87185624},{"names":["docker.io/longhornio/longhorn-ui@sha256:e81882c595082c61e481f2c829f03050ec14160581696977f84c1efd4d0ad6be","docker.io/longhornio/longhorn-ui:master-head"],"sizeBytes":72607431},{"names":["docker.io/longhornio/longhorn-ui@sha256:281c6197e0a699ea2e1ea8f58f635fa2073dfbe245a1d4ade005b848ad2abda9","docker.io/longhornio/longhorn-ui:v1.4.1"],"sizeBytes":72147175},{"names":["docker.io/rancher/hardened-coredns@sha256:3020505d755499eb8d22f631aa88fc597b4849eae18404401087669a6bc5ca06","docker.io/rancher/hardened-coredns:v1.9.3-build20221011"],"sizeBytes":64087613},{"names":["docker.io/rancher/hardened-k8s-metrics-server@sha256:8ec972dd2a8897a4c1760ac7d641662f8488441b987059548e525e95d8a6fa4a","docker.io/rancher/hardened-k8s-metrics-server:v0.6.2-build20221202"],"sizeBytes":64064552},{"names":["docker.io/rancher/mirrored-calico-typha@sha256:3d400ec4c1a8caa9740b8e51b7724584370264a800c30690ba2614c5b0fa18d3","docker.io/rancher/mirrored-calico-typha:v3.25.0"],"sizeBytes":28532876},{"names":["docker.io/rancher/system-agent@sha256:45b280b1c8541908d3b5f49d43277d169dad49c5002057d172c4e062e287d5af","docker.io/rancher/system-agent:v0.2.13-suc"],"sizeBytes":27575080},{"names":["docker.io/longhornio/csi-snapshotter@sha256:a3c71d6b1ecaefe69330312326b2ccf016a83af67e9b2bc2ad0685dc388c35df","docker.io/longhornio/csi-snapshotter:v5.0.1"],"sizeBytes":22163656},{"names":["docker.io/longhornio/csi-attacher@sha256:365b6e745404cf3eb39ee9bcc55b1af3c4f5357e44dddd0270c3cbb06b252a64","docker.io/longhornio/csi-attacher:v3.4.0"],"sizeBytes":22084988},{"names":["docker.io/longhornio/csi-resizer@sha256:5ce3edf2ab0167a76d09d949a644677ec42428e2b735f6ebabab76a2b3432475","docker.io/longhornio/csi-resizer:v1.3.0"],"sizeBytes":21671030},{"names":["docker.io/longhornio/csi-provisioner@sha256:daa7828fd45897fdeec17d6e987bc54cdc0a0928a7ba6b62d8f8496d6aa5d3be","docker.io/longhornio/csi-provisioner:v2.1.2"],"sizeBytes":21220203},{"names":["docker.io/longhornio/csi-node-driver-registrar@sha256:b3288cdcb832c30acc90f0d6363fc681880f46448f0175078bbd07f2a178634e","docker.io/longhornio/csi-node-driver-registrar:v2.5.0"],"sizeBytes":9132327},{"names":["docker.io/longhornio/livenessprobe@sha256:4a8917674f9eb175ad7d9339d8a5bc0f6f1376612f9abfc3854e7e7282bde75d","docker.io/longhornio/livenessprobe:v2.8.0"],"sizeBytes":8892153},{"names":["docker.io/rancher/mirrored-calico-pod2daemon-flexvol@sha256:8002b7917f98bd34b1194a5be9acf6c3244dc717cb2c0f5df927fc9a6d52bfaf","docker.io/rancher/mirrored-calico-pod2daemon-flexvol:v3.25.0"],"sizeBytes":7075735},{"names":["docker.io/rancher/pause@sha256:036d575e82945c112ef84e4585caff3648322a2f9ed4c3a6ce409dd10abc4f34","docker.io/rancher/pause:3.6"],"sizeBytes":299396}]}},{"metadata":{"name":"rc-k8s-1-rc-w1-489d6c2c-zvl55","uid":"3d1aa6a6-d534-4905-bfd7-37060cc87651","resourceVersion":"234953","creationTimestamp":"2023-04-10T02:02:14Z","labels":{"beta.kubernetes.io/arch":"amd64","beta.kubernetes.io/instance-type":"rke2","beta.kubernetes.io/os":"linux","kubernetes.io/arch":"amd64","kubernetes.io/hostname":"rc-k8s-1-rc-w1-489d6c2c-zvl55","kubernetes.io/os":"linux","node-role.kubernetes.io/worker":"true","node.kubernetes.io/instance-type":"rke2","plan.upgrade.cattle.io/system-agent-upgrader":"abc8595409465d9d45d86fca29d77876a043ec1bba52890358d06ab8","rke.cattle.io/machine":"31af26f5-2a64-4b47-b56e-5158d4895a23"},"annotations":{"cluster.x-k8s.io/cluster-name":"rc-k8s-1","cluster.x-k8s.io/cluster-namespace":"fleet-default","cluster.x-k8s.io/machine":"rc-k8s-1-rc-w1-694f8d786f-smsns","cluster.x-k8s.io/owner-kind":"MachineSet","cluster.x-k8s.io/owner-name":"rc-k8s-1-rc-w1-694f8d786f","csi.volume.kubernetes.io/nodeid":"{\"driver.longhorn.io\":\"rc-k8s-1-rc-w1-489d6c2c-zvl55\"}","management.cattle.io/pod-limits":"{}","management.cattle.io/pod-requests":"{\"cpu\":\"1310m\",\"memory\":\"218Mi\",\"pods\":\"22\"}","node.alpha.kubernetes.io/ttl":"0","projectcalico.org/IPv4Address":"172.31.38.34/20","projectcalico.org/IPv4VXLANTunnelAddr":"10.42.217.64","rke2.io/external-ip":"54.250.190.112","rke2.io/hostname":"rc-k8s-1-rc-w1-489d6c2c-zvl55","rke2.io/internal-ip":"172.31.38.34","rke2.io/node-args":"[\"agent\",\"--node-external-ip\",\"54.250.190.112\",\"--node-ip\",\"172.31.38.34\",\"--node-label\",\"rke.cattle.io/machine=31af26f5-2a64-4b47-b56e-5158d4895a23\",\"--private-registry\",\"/etc/rancher/rke2/registries.yaml\",\"--protect-kernel-defaults\",\"false\",\"--server\",\"https://172.31.37.119:9345\",\"--token\",\"********\"]","rke2.io/node-config-hash":"6YASIATBBK3YK2FJAF2RNDK7CN5YJKJKGFQSHX2SZN23ISCPTMJA====","rke2.io/node-env":"{}","volumes.kubernetes.io/controller-managed-attach-detach":"true"},"finalizers":["wrangler.cattle.io/managed-etcd-controller","wrangler.cattle.io/node"],"managedFields":[{"manager":"cloud-controller-manager","operation":"Update","apiVersion":"v1","time":"2023-04-10T02:02:14Z","fieldsType":"FieldsV1","fieldsV1":{"f:status":{"f:addresses":{"k:{\"type\":\"ExternalIP\"}":{".":{},"f:address":{},"f:type":{}}}}}},{"manager":"deploy@rc-k8s-1-rc-m1-232445eb-pczqj","operation":"Update","apiVersion":"v1","time":"2023-04-10T02:02:14Z","fieldsType":"FieldsV1","fieldsV1":{"f:metadata":{"f:finalizers":{".":{},"v:\"wrangler.cattle.io/managed-etcd-controller\"":{},"v:\"wrangler.cattle.io/node\"":{}}}}},{"manager":"kube-controller-manager","operation":"Update","apiVersion":"v1","time":"2023-04-10T02:02:14Z","fieldsType":"FieldsV1","fieldsV1":{"f:metadata":{"f:annotations":{"f:node.alpha.kubernetes.io/ttl":{}}},"f:spec":{"f:podCIDR":{},"f:podCIDRs":{".":{},"v:\"10.42.2.0/24\"":{}}}}},{"manager":"rke2","operation":"Update","apiVersion":"v1","time":"2023-04-10T02:02:14Z","fieldsType":"FieldsV1","fieldsV1":{"f:metadata":{"f:annotations":{"f:rke2.io/external-ip":{},"f:rke2.io/hostname":{},"f:rke2.io/internal-ip":{},"f:rke2.io/node-args":{},"f:rke2.io/node-config-hash":{},"f:rke2.io/node-env":{}}}}},{"manager":"agent","operation":"Update","apiVersion":"v1","time":"2023-04-10T02:02:18Z","fieldsType":"FieldsV1","fieldsV1":{"f:metadata":{"f:annotations":{"f:management.cattle.io/pod-limits":{},"f:management.cattle.io/pod-requests":{}}}}},{"manager":"rancher","operation":"Update","apiVersion":"v1","time":"2023-04-10T02:03:30Z","fieldsType":"FieldsV1","fieldsV1":{"f:metadata":{"f:annotations":{"f:cluster.x-k8s.io/cluster-name":{},"f:cluster.x-k8s.io/cluster-namespace":{},"f:cluster.x-k8s.io/machine":{},"f:cluster.x-k8s.io/owner-kind":{},"f:cluster.x-k8s.io/owner-name":{}},"f:labels":{"f:node-role.kubernetes.io/worker":{}}}}},{"manager":"calico-node","operation":"Update","apiVersion":"v1","time":"2023-04-10T02:03:33Z","fieldsType":"FieldsV1","fieldsV1":{"f:metadata":{"f:annotations":{"f:projectcalico.org/IPv4Address":{},"f:projectcalico.org/IPv4VXLANTunnelAddr":{}}},"f:status":{"f:conditions":{"k:{\"type\":\"NetworkUnavailable\"}":{".":{},"f:lastHeartbeatTime":{},"f:lastTransitionTime":{},"f:message":{},"f:reason":{},"f:status":{},"f:type":{}}}}}},{"manager":"system-upgrade-controller","operation":"Update","apiVersion":"v1","time":"2023-04-10T02:05:10Z","fieldsType":"FieldsV1","fieldsV1":{"f:metadata":{"f:labels":{"f:plan.upgrade.cattle.io/system-agent-upgrader":{}}}}},{"manager":"kubelet","operation":"Update","apiVersion":"v1","time":"2023-04-10T07:24:37Z","fieldsType":"FieldsV1","fieldsV1":{"f:metadata":{"f:annotations":{"f:csi.volume.kubernetes.io/nodeid":{}}},"f:status":{"f:conditions":{"k:{\"type\":\"DiskPressure\"}":{"f:lastHeartbeatTime":{}},"k:{\"type\":\"MemoryPressure\"}":{"f:lastHeartbeatTime":{}},"k:{\"type\":\"PIDPressure\"}":{"f:lastHeartbeatTime":{}},"k:{\"type\":\"Ready\"}":{"f:lastHeartbeatTime":{}}},"f:images":{}}},"subresource":"status"}]},"spec":{"podCIDR":"10.42.2.0/24","podCIDRs":["10.42.2.0/24"],"providerID":"rke2://rc-k8s-1-rc-w1-489d6c2c-zvl55"},"status":{"capacity":{"cpu":"4","ephemeral-storage":"101583780Ki","hugepages-1Gi":"0","hugepages-2Mi":"0","memory":"16396012Ki","pods":"110"},"allocatable":{"cpu":"4","ephemeral-storage":"98820701107","hugepages-1Gi":"0","hugepages-2Mi":"0","memory":"16396012Ki","pods":"110"},"conditions":[{"type":"NetworkUnavailable","status":"False","lastHeartbeatTime":"2023-04-10T02:03:33Z","lastTransitionTime":"2023-04-10T02:03:33Z","reason":"CalicoIsUp","message":"Calico is running on this node"},{"type":"MemoryPressure","status":"False","lastHeartbeatTime":"2023-04-10T10:17:20Z","lastTransitionTime":"2023-04-10T02:02:14Z","reason":"KubeletHasSufficientMemory","message":"kubelet has sufficient memory available"},{"type":"DiskPressure","status":"False","lastHeartbeatTime":"2023-04-10T10:17:20Z","lastTransitionTime":"2023-04-10T02:02:14Z","reason":"KubeletHasNoDiskPressure","message":"kubelet has no disk pressure"},{"type":"PIDPressure","status":"False","lastHeartbeatTime":"2023-04-10T10:17:20Z","lastTransitionTime":"2023-04-10T02:02:14Z","reason":"KubeletHasSufficientPID","message":"kubelet has sufficient PID available"},{"type":"Ready","status":"True","lastHeartbeatTime":"2023-04-10T10:17:20Z","lastTransitionTime":"2023-04-10T02:03:25Z","reason":"KubeletReady","message":"kubelet is posting ready status. AppArmor enabled"}],"addresses":[{"type":"InternalIP","address":"172.31.38.34"},{"type":"ExternalIP","address":"54.250.190.112"},{"type":"Hostname","address":"rc-k8s-1-rc-w1-489d6c2c-zvl55"}],"daemonEndpoints":{"kubeletEndpoint":{"Port":10250}},"nodeInfo":{"machineID":"f9425a98ffe14bebb5f8de033ce0ab08","systemUUID":"ec25e9b9-f1b9-c12c-5e5f-6a600d6b23a2","bootID":"45cd54e7-86be-46bd-9e43-63bb7f5d3191","kernelVersion":"5.4.0-1041-aws","osImage":"Ubuntu 20.04.2 LTS","containerRuntimeVersion":"containerd://1.6.15-k3s1","kubeletVersion":"v1.24.11+rke2r1","kubeProxyVersion":"v1.24.11+rke2r1","operatingSystem":"linux","architecture":"amd64"},"images":[{"names":["docker.io/rancher/nginx-ingress-controller@sha256:df05f082ddd0b39b1ed72658c191996b1bc265afe7da963345b197ea5f5e3957","docker.io/rancher/nginx-ingress-controller:nginx-1.4.1-hardened2"],"sizeBytes":333760236},{"names":["docker.io/longhornio/longhorn-engine@sha256:0f40a07483fd80d4604078d3825eeb0f4e2cbfa039b9710e77d0add1b16feafc","docker.io/longhornio/longhorn-engine:master-head"],"sizeBytes":276956864},{"names":["docker.io/longhornio/longhorn-instance-manager@sha256:726fd0288b7808330f7524da8161087a3ef88c4d26859baab4675f3c367b09b0","docker.io/longhornio/longhorn-instance-manager:master-head"],"sizeBytes":275957456},{"names":["docker.io/longhornio/longhorn-engine@sha256:e48ab7190283dc3e8e0435b51e5f568bce9d0f0963678c5f74f31a60810c8bc6","docker.io/longhornio/longhorn-engine:v1.4.1"],"sizeBytes":265973303},{"names":["docker.io/longhornio/longhorn-instance-manager@sha256:b61a23444217ce5f54f7d6f20643743bef69286e64305f841bb1bd93e1b0c7c0","docker.io/longhornio/longhorn-instance-manager:v1.4.1"],"sizeBytes":264748747},{"names":["docker.io/rancher/hardened-kubernetes@sha256:1ac2854d76433bb894cc639fb28ce67c53da3a268384d6b353130dc9102425e9","docker.io/rancher/hardened-kubernetes:v1.24.11-rke2r1-build20230228"],"sizeBytes":208738518},{"names":["docker.io/rancher/fleet-agent@sha256:e88f03cb6666de0424ac091d7f280f9f1ea776cdf1e7c80a45470a7637a3ba3b","docker.io/rancher/fleet-agent:v0.5.1"],"sizeBytes":115739399},{"names":["docker.io/longhornio/longhorn-manager@sha256:88a9fb52028d967ba24e3bdc16a6dda61605399c738cd4888ff0331107ec1ccf","docker.io/longhornio/longhorn-manager:master-head"],"sizeBytes":109989879},{"names":["docker.io/corbinu/ssh-server:latest"],"sizeBytes":100930558},{"names":["docker.io/longhornio/longhorn-manager@sha256:2dddeeae014b59b0287b9476144ad84d15fd259295f4ee067cffe15b6cfb3f9b","docker.io/longhornio/longhorn-manager:v1.4.1"],"sizeBytes":98066239},{"names":["docker.io/rancher/mirrored-calico-cni@sha256:5c9a4923bc31b2c7e1d155111644c4bd940e19f75d832faf15a617132116e8df","docker.io/rancher/mirrored-calico-cni:v3.25.0"],"sizeBytes":87984630},{"names":["docker.io/rancher/mirrored-calico-node@sha256:cc60816f11792b264c3f351ecea4b2dfdf02bdc0b19ff330df1ea9eb36fff675","docker.io/rancher/mirrored-calico-node:v3.25.0"],"sizeBytes":87185624},{"names":["docker.io/longhornio/longhorn-ui@sha256:281c6197e0a699ea2e1ea8f58f635fa2073dfbe245a1d4ade005b848ad2abda9","docker.io/longhornio/longhorn-ui:v1.4.1"],"sizeBytes":72147175},{"names":["docker.io/rancher/system-agent@sha256:45b280b1c8541908d3b5f49d43277d169dad49c5002057d172c4e062e287d5af","docker.io/rancher/system-agent:v0.2.13-suc"],"sizeBytes":27575080},{"names":["docker.io/longhornio/csi-snapshotter@sha256:a3c71d6b1ecaefe69330312326b2ccf016a83af67e9b2bc2ad0685dc388c35df","docker.io/longhornio/csi-snapshotter:v5.0.1"],"sizeBytes":22163656},{"names":["docker.io/longhornio/csi-attacher@sha256:365b6e745404cf3eb39ee9bcc55b1af3c4f5357e44dddd0270c3cbb06b252a64","docker.io/longhornio/csi-attacher:v3.4.0"],"sizeBytes":22084988},{"names":["docker.io/longhornio/csi-resizer@sha256:5ce3edf2ab0167a76d09d949a644677ec42428e2b735f6ebabab76a2b3432475","docker.io/longhornio/csi-resizer:v1.3.0"],"sizeBytes":21671030},{"names":["docker.io/longhornio/csi-provisioner@sha256:daa7828fd45897fdeec17d6e987bc54cdc0a0928a7ba6b62d8f8496d6aa5d3be","docker.io/longhornio/csi-provisioner:v2.1.2"],"sizeBytes":21220203},{"names":["docker.io/rancher/mirrored-ingress-nginx-kube-webhook-certgen@sha256:28197903d736aae74cbb1fa9e0ccbd11129395f0f65ad94281cc7fdfec020b25","docker.io/rancher/mirrored-ingress-nginx-kube-webhook-certgen:v1.1.1"],"sizeBytes":18899182},{"names":["docker.io/longhornio/csi-node-driver-registrar@sha256:b3288cdcb832c30acc90f0d6363fc681880f46448f0175078bbd07f2a178634e","docker.io/longhornio/csi-node-driver-registrar:v2.5.0"],"sizeBytes":9132327},{"names":["docker.io/longhornio/livenessprobe@sha256:4a8917674f9eb175ad7d9339d8a5bc0f6f1376612f9abfc3854e7e7282bde75d","docker.io/longhornio/livenessprobe:v2.8.0"],"sizeBytes":8892153},{"names":["docker.io/rancher/mirrored-calico-pod2daemon-flexvol@sha256:8002b7917f98bd34b1194a5be9acf6c3244dc717cb2c0f5df927fc9a6d52bfaf","docker.io/rancher/mirrored-calico-pod2daemon-flexvol:v3.25.0"],"sizeBytes":7075735},{"names":["docker.io/rancher/pause@sha256:036d575e82945c112ef84e4585caff3648322a2f9ed4c3a6ce409dd10abc4f34","docker.io/rancher/pause:3.6"],"sizeBytes":299396}]}}]}
</msg>
<msg timestamp="20230410 18:22:12.574" level="DEBUG">response body: {"apiVersion":"longhorn.io/v1beta2","kind":"Volume","metadata":{"creationTimestamp":"2023-04-10T10:22:12Z","finalizers":["longhorn.io"],"generation":3,"labels":{"longhornvolume":"vol-hqpcaa","recurring-job-group.longhorn.io/default":"enabled","setting.longhorn.io/remove-snapshots-during-filesystem-trim":"ignored","setting.longhorn.io/replica-auto-balance":"ignored","setting.longhorn.io/snapshot-data-integrity":"ignored"},"managedFields":[{"apiVersion":"longhorn.io/v1beta2","fieldsType":"FieldsV1","fieldsV1":{"f:spec":{".":{},"f:accessMode":{},"f:frontend":{},"f:nodeID":{},"f:numberOfReplicas":{},"f:replicaAutoBalance":{},"f:size":{}}},"manager":"OpenAPI-Generator","operation":"Update","time":"2023-04-10T10:22:12Z"},{"apiVersion":"longhorn.io/v1beta2","fieldsType":"FieldsV1","fieldsV1":{"f:metadata":{"f:labels":{"f:recurring-job-group.longhorn.io/default":{}}},"f:spec":{"f:Standby":{},"f:backingImage":{},"f:baseImage":{},"f:dataSource":{},"f:disableFrontend":{},"f:encrypted":{},"f:fromBackup":{},"f:lastAttachedBy":{},"f:migratable":{},"f:migrationNodeID":{},"f:revisionCounterDisabled":{},"f:staleReplicaTimeout":{}}},"manager":"longhorn-manager","operation":"Update","time":"2023-04-10T10:22:12Z"},{"apiVersion":"longhorn.io/v1beta2","fieldsType":"FieldsV1","fieldsV1":{"f:status":{".":{},"f:actualSize":{},"f:cloneStatus":{".":{},"f:snapshot":{},"f:sourceVolume":{},"f:state":{}},"f:conditions":{},"f:currentImage":{},"f:currentNodeID":{},"f:expansionRequired":{},"f:frontendDisabled":{},"f:isStandby":{},"f:kubernetesStatus":{".":{},"f:lastPVCRefAt":{},"f:lastPodRefAt":{},"f:namespace":{},"f:pvName":{},"f:pvStatus":{},"f:pvcName":{},"f:workloadsStatus":{}},"f:lastBackup":{},"f:lastBackupAt":{},"f:lastDegradedAt":{},"f:ownerID":{},"f:pendingNodeID":{},"f:remountRequestedAt":{},"f:restoreInitiated":{},"f:restoreRequired":{},"f:robustness":{},"f:shareEndpoint":{},"f:shareState":{},"f:state":{}}},"manager":"longhorn-manager","operation":"Update","subresource":"status","time":"2023-04-10T10:22:12Z"}],"name":"vol-hqpcaa","namespace":"longhorn-system","resourceVersion":"237456","uid":"c5122b11-04d5-455b-93ad-4de115fa9fbf"},"spec":{"Standby":false,"accessMode":"rwo","backingImage":"","baseImage":"","dataLocality":"disabled","dataSource":"","disableFrontend":false,"diskSelector":[],"encrypted":false,"engineImage":"longhornio/longhorn-engine:v1.4.1","fromBackup":"","frontend":"blockdev","lastAttachedBy":"","migratable":false,"migrationNodeID":"","nodeID":"rc-k8s-1-rc-w1-489d6c2c-dt5tz","nodeSelector":[],"numberOfReplicas":3,"recurringJobs":[],"replicaAutoBalance":"ignored","restoreVolumeRecurringJob":"ignored","revisionCounterDisabled":false,"size":"5368709120","snapshotDataIntegrity":"ignored","staleReplicaTimeout":0,"unmapMarkSnapChainRemoved":"ignored"},"status":{"actualSize":0,"cloneStatus":{"snapshot":"","sourceVolume":"","state":""},"conditions":null,"currentImage":"","currentNodeID":"","expansionRequired":false,"frontendDisabled":false,"isStandby":false,"kubernetesStatus":{"lastPVCRefAt":"","lastPodRefAt":"","namespace":"","pvName":"","pvStatus":"","pvcName":"","workloadsStatus":null},"lastBackup":"","lastBackupAt":"","lastDegradedAt":"","ownerID":"rc-k8s-1-rc-w1-489d6c2c-zvl55","pendingNodeID":"","remountRequestedAt":"","restoreInitiated":false,"restoreRequired":false,"robustness":"","shareEndpoint":"","shareState":"","state":""}}
</msg>
<msg timestamp="20230410 18:22:12.658" level="DEBUG">response body: {"apiVersion":"longhorn.io/v1beta2","kind":"Volume","metadata":{"creationTimestamp":"2023-04-10T10:22:12Z","finalizers":["longhorn.io"],"generation":3,"labels":{"longhornvolume":"vol-hqpcaa","recurring-job-group.longhorn.io/default":"enabled","setting.longhorn.io/remove-snapshots-during-filesystem-trim":"ignored","setting.longhorn.io/replica-auto-balance":"ignored","setting.longhorn.io/snapshot-data-integrity":"ignored"},"managedFields":[{"apiVersion":"longhorn.io/v1beta2","fieldsType":"FieldsV1","fieldsV1":{"f:spec":{".":{},"f:accessMode":{},"f:frontend":{},"f:nodeID":{},"f:numberOfReplicas":{},"f:replicaAutoBalance":{},"f:size":{}}},"manager":"OpenAPI-Generator","operation":"Update","time":"2023-04-10T10:22:12Z"},{"apiVersion":"longhorn.io/v1beta2","fieldsType":"FieldsV1","fieldsV1":{"f:metadata":{"f:labels":{"f:recurring-job-group.longhorn.io/default":{}}},"f:spec":{"f:Standby":{},"f:backingImage":{},"f:baseImage":{},"f:dataSource":{},"f:disableFrontend":{},"f:encrypted":{},"f:fromBackup":{},"f:lastAttachedBy":{},"f:migratable":{},"f:migrationNodeID":{},"f:revisionCounterDisabled":{},"f:staleReplicaTimeout":{}}},"manager":"longhorn-manager","operation":"Update","time":"2023-04-10T10:22:12Z"},{"apiVersion":"longhorn.io/v1beta2","fieldsType":"FieldsV1","fieldsV1":{"f:status":{".":{},"f:actualSize":{},"f:cloneStatus":{".":{},"f:snapshot":{},"f:sourceVolume":{},"f:state":{}},"f:conditions":{},"f:currentImage":{},"f:currentNodeID":{},"f:expansionRequired":{},"f:frontendDisabled":{},"f:isStandby":{},"f:kubernetesStatus":{".":{},"f:lastPVCRefAt":{},"f:lastPodRefAt":{},"f:namespace":{},"f:pvName":{},"f:pvStatus":{},"f:pvcName":{},"f:workloadsStatus":{}},"f:lastBackup":{},"f:lastBackupAt":{},"f:lastDegradedAt":{},"f:ownerID":{},"f:pendingNodeID":{},"f:remountRequestedAt":{},"f:restoreInitiated":{},"f:restoreRequired":{},"f:robustness":{},"f:shareEndpoint":{},"f:shareState":{},"f:state":{}}},"manager":"longhorn-manager","operation":"Update","subresource":"status","time":"2023-04-10T10:22:12Z"}],"name":"vol-hqpcaa","namespace":"longhorn-system","resourceVersion":"237457","uid":"c5122b11-04d5-455b-93ad-4de115fa9fbf"},"spec":{"Standby":false,"accessMode":"rwo","backingImage":"","baseImage":"","dataLocality":"disabled","dataSource":"","disableFrontend":false,"diskSelector":[],"encrypted":false,"engineImage":"longhornio/longhorn-engine:v1.4.1","fromBackup":"","frontend":"blockdev","lastAttachedBy":"","migratable":false,"migrationNodeID":"","nodeID":"rc-k8s-1-rc-w1-489d6c2c-dt5tz","nodeSelector":[],"numberOfReplicas":3,"recurringJobs":[],"replicaAutoBalance":"ignored","restoreVolumeRecurringJob":"ignored","revisionCounterDisabled":false,"size":"5368709120","snapshotDataIntegrity":"ignored","staleReplicaTimeout":0,"unmapMarkSnapChainRemoved":"ignored"},"status":{"actualSize":0,"cloneStatus":{"snapshot":"","sourceVolume":"","state":""},"conditions":null,"currentImage":"","currentNodeID":"","expansionRequired":false,"frontendDisabled":false,"isStandby":false,"kubernetesStatus":{"lastPVCRefAt":"","lastPodRefAt":"","namespace":"","pvName":"","pvStatus":"","pvcName":"","workloadsStatus":null},"lastBackup":"","lastBackupAt":"","lastDegradedAt":"","ownerID":"rc-k8s-1-rc-w1-489d6c2c-dt5tz","pendingNodeID":"","remountRequestedAt":"","restoreInitiated":false,"restoreRequired":false,"robustness":"","shareEndpoint":"","shareState":"","state":""}}
</msg>
<msg timestamp="20230410 18:22:12.733" level="DEBUG">response body: {"apiVersion":"longhorn.io/v1beta2","kind":"Volume","metadata":{"creationTimestamp":"2023-04-10T10:22:12Z","finalizers":["longhorn.io"],"generation":3,"labels":{"longhornvolume":"vol-hqpcaa","recurring-job-group.longhorn.io/default":"enabled","setting.longhorn.io/remove-snapshots-during-filesystem-trim":"ignored","setting.longhorn.io/replica-auto-balance":"ignored","setting.longhorn.io/snapshot-data-integrity":"ignored"},"managedFields":[{"apiVersion":"longhorn.io/v1beta2","fieldsType":"FieldsV1","fieldsV1":{"f:spec":{".":{},"f:accessMode":{},"f:frontend":{},"f:nodeID":{},"f:numberOfReplicas":{},"f:replicaAutoBalance":{},"f:size":{}}},"manager":"OpenAPI-Generator","operation":"Update","time":"2023-04-10T10:22:12Z"},{"apiVersion":"longhorn.io/v1beta2","fieldsType":"FieldsV1","fieldsV1":{"f:metadata":{"f:labels":{"f:recurring-job-group.longhorn.io/default":{}}},"f:spec":{"f:Standby":{},"f:backingImage":{},"f:baseImage":{},"f:dataSource":{},"f:disableFrontend":{},"f:encrypted":{},"f:fromBackup":{},"f:lastAttachedBy":{},"f:migratable":{},"f:migrationNodeID":{},"f:revisionCounterDisabled":{},"f:staleReplicaTimeout":{}}},"manager":"longhorn-manager","operation":"Update","time":"2023-04-10T10:22:12Z"},{"apiVersion":"longhorn.io/v1beta2","fieldsType":"FieldsV1","fieldsV1":{"f:status":{".":{},"f:actualSize":{},"f:cloneStatus":{".":{},"f:snapshot":{},"f:sourceVolume":{},"f:state":{}},"f:conditions":{},"f:currentImage":{},"f:currentNodeID":{},"f:expansionRequired":{},"f:frontendDisabled":{},"f:isStandby":{},"f:kubernetesStatus":{".":{},"f:lastPVCRefAt":{},"f:lastPodRefAt":{},"f:namespace":{},"f:pvName":{},"f:pvStatus":{},"f:pvcName":{},"f:workloadsStatus":{}},"f:lastBackup":{},"f:lastBackupAt":{},"f:lastDegradedAt":{},"f:ownerID":{},"f:pendingNodeID":{},"f:remountRequestedAt":{},"f:restoreInitiated":{},"f:restoreRequired":{},"f:robustness":{},"f:shareEndpoint":{},"f:shareState":{},"f:state":{}}},"manager":"longhorn-manager","operation":"Update","subresource":"status","time":"2023-04-10T10:22:12Z"}],"name":"vol-hqpcaa","namespace":"longhorn-system","resourceVersion":"237457","uid":"c5122b11-04d5-455b-93ad-4de115fa9fbf"},"spec":{"Standby":false,"accessMode":"rwo","backingImage":"","baseImage":"","dataLocality":"disabled","dataSource":"","disableFrontend":false,"diskSelector":[],"encrypted":false,"engineImage":"longhornio/longhorn-engine:v1.4.1","fromBackup":"","frontend":"blockdev","lastAttachedBy":"","migratable":false,"migrationNodeID":"","nodeID":"rc-k8s-1-rc-w1-489d6c2c-dt5tz","nodeSelector":[],"numberOfReplicas":3,"recurringJobs":[],"replicaAutoBalance":"ignored","restoreVolumeRecurringJob":"ignored","revisionCounterDisabled":false,"size":"5368709120","snapshotDataIntegrity":"ignored","staleReplicaTimeout":0,"unmapMarkSnapChainRemoved":"ignored"},"status":{"actualSize":0,"cloneStatus":{"snapshot":"","sourceVolume":"","state":""},"conditions":null,"currentImage":"","currentNodeID":"","expansionRequired":false,"frontendDisabled":false,"isStandby":false,"kubernetesStatus":{"lastPVCRefAt":"","lastPodRefAt":"","namespace":"","pvName":"","pvStatus":"","pvcName":"","workloadsStatus":null},"lastBackup":"","lastBackupAt":"","lastDegradedAt":"","ownerID":"rc-k8s-1-rc-w1-489d6c2c-dt5tz","pendingNodeID":"","remountRequestedAt":"","restoreInitiated":false,"restoreRequired":false,"robustness":"","shareEndpoint":"","shareState":"","state":""}}
</msg>
<msg timestamp="20230410 18:22:13.818" level="DEBUG">response body: {"apiVersion":"longhorn.io/v1beta2","kind":"Volume","metadata":{"creationTimestamp":"2023-04-10T10:22:12Z","finalizers":["longhorn.io"],"generation":3,"labels":{"longhornvolume":"vol-hqpcaa","recurring-job-group.longhorn.io/default":"enabled","setting.longhorn.io/remove-snapshots-during-filesystem-trim":"ignored","setting.longhorn.io/replica-auto-balance":"ignored","setting.longhorn.io/snapshot-data-integrity":"ignored"},"managedFields":[{"apiVersion":"longhorn.io/v1beta2","fieldsType":"FieldsV1","fieldsV1":{"f:spec":{".":{},"f:accessMode":{},"f:frontend":{},"f:nodeID":{},"f:numberOfReplicas":{},"f:replicaAutoBalance":{},"f:size":{}}},"manager":"OpenAPI-Generator","operation":"Update","time":"2023-04-10T10:22:12Z"},{"apiVersion":"longhorn.io/v1beta2","fieldsType":"FieldsV1","fieldsV1":{"f:metadata":{"f:labels":{"f:recurring-job-group.longhorn.io/default":{}}},"f:spec":{"f:Standby":{},"f:backingImage":{},"f:baseImage":{},"f:dataSource":{},"f:disableFrontend":{},"f:encrypted":{},"f:fromBackup":{},"f:lastAttachedBy":{},"f:migratable":{},"f:migrationNodeID":{},"f:revisionCounterDisabled":{},"f:staleReplicaTimeout":{}}},"manager":"longhorn-manager","operation":"Update","time":"2023-04-10T10:22:12Z"},{"apiVersion":"longhorn.io/v1beta2","fieldsType":"FieldsV1","fieldsV1":{"f:status":{".":{},"f:actualSize":{},"f:cloneStatus":{".":{},"f:snapshot":{},"f:sourceVolume":{},"f:state":{}},"f:conditions":{},"f:currentImage":{},"f:currentNodeID":{},"f:expansionRequired":{},"f:frontendDisabled":{},"f:isStandby":{},"f:kubernetesStatus":{".":{},"f:lastPVCRefAt":{},"f:lastPodRefAt":{},"f:namespace":{},"f:pvName":{},"f:pvStatus":{},"f:pvcName":{},"f:workloadsStatus":{}},"f:lastBackup":{},"f:lastBackupAt":{},"f:lastDegradedAt":{},"f:ownerID":{},"f:pendingNodeID":{},"f:remountRequestedAt":{},"f:restoreInitiated":{},"f:restoreRequired":{},"f:robustness":{},"f:shareEndpoint":{},"f:shareState":{},"f:state":{}}},"manager":"longhorn-manager","operation":"Update","subresource":"status","time":"2023-04-10T10:22:12Z"}],"name":"vol-hqpcaa","namespace":"longhorn-system","resourceVersion":"237469","uid":"c5122b11-04d5-455b-93ad-4de115fa9fbf"},"spec":{"Standby":false,"accessMode":"rwo","backingImage":"","baseImage":"","dataLocality":"disabled","dataSource":"","disableFrontend":false,"diskSelector":[],"encrypted":false,"engineImage":"longhornio/longhorn-engine:v1.4.1","fromBackup":"","frontend":"blockdev","lastAttachedBy":"","migratable":false,"migrationNodeID":"","nodeID":"rc-k8s-1-rc-w1-489d6c2c-dt5tz","nodeSelector":[],"numberOfReplicas":3,"recurringJobs":[],"replicaAutoBalance":"ignored","restoreVolumeRecurringJob":"ignored","revisionCounterDisabled":false,"size":"5368709120","snapshotDataIntegrity":"ignored","staleReplicaTimeout":0,"unmapMarkSnapChainRemoved":"ignored"},"status":{"actualSize":0,"cloneStatus":{"snapshot":"","sourceVolume":"","state":""},"conditions":[{"lastProbeTime":"","lastTransitionTime":"2023-04-10T10:22:12Z","message":"","reason":"","status":"False","type":"toomanysnapshots"},{"lastProbeTime":"","lastTransitionTime":"2023-04-10T10:22:12Z","message":"","reason":"","status":"True","type":"scheduled"}],"currentImage":"longhornio/longhorn-engine:v1.4.1","currentNodeID":"rc-k8s-1-rc-w1-489d6c2c-dt5tz","expansionRequired":false,"frontendDisabled":false,"isStandby":false,"kubernetesStatus":{"lastPVCRefAt":"","lastPodRefAt":"","namespace":"","pvName":"","pvStatus":"","pvcName":"","workloadsStatus":null},"lastBackup":"","lastBackupAt":"","lastDegradedAt":"","ownerID":"rc-k8s-1-rc-w1-489d6c2c-dt5tz","pendingNodeID":"","remountRequestedAt":"","restoreInitiated":false,"restoreRequired":false,"robustness":"","shareEndpoint":"","shareState":"","state":"attaching"}}
</msg>
<msg timestamp="20230410 18:22:14.910" level="DEBUG">response body: {"apiVersion":"longhorn.io/v1beta2","kind":"Volume","metadata":{"creationTimestamp":"2023-04-10T10:22:12Z","finalizers":["longhorn.io"],"generation":3,"labels":{"longhornvolume":"vol-hqpcaa","recurring-job-group.longhorn.io/default":"enabled","setting.longhorn.io/remove-snapshots-during-filesystem-trim":"ignored","setting.longhorn.io/replica-auto-balance":"ignored","setting.longhorn.io/snapshot-data-integrity":"ignored"},"managedFields":[{"apiVersion":"longhorn.io/v1beta2","fieldsType":"FieldsV1","fieldsV1":{"f:spec":{".":{},"f:accessMode":{},"f:frontend":{},"f:nodeID":{},"f:numberOfReplicas":{},"f:replicaAutoBalance":{},"f:size":{}}},"manager":"OpenAPI-Generator","operation":"Update","time":"2023-04-10T10:22:12Z"},{"apiVersion":"longhorn.io/v1beta2","fieldsType":"FieldsV1","fieldsV1":{"f:metadata":{"f:labels":{"f:recurring-job-group.longhorn.io/default":{}}},"f:spec":{"f:Standby":{},"f:backingImage":{},"f:baseImage":{},"f:dataSource":{},"f:disableFrontend":{},"f:encrypted":{},"f:fromBackup":{},"f:lastAttachedBy":{},"f:migratable":{},"f:migrationNodeID":{},"f:revisionCounterDisabled":{},"f:staleReplicaTimeout":{}}},"manager":"longhorn-manager","operation":"Update","time":"2023-04-10T10:22:12Z"},{"apiVersion":"longhorn.io/v1beta2","fieldsType":"FieldsV1","fieldsV1":{"f:status":{".":{},"f:actualSize":{},"f:cloneStatus":{".":{},"f:snapshot":{},"f:sourceVolume":{},"f:state":{}},"f:conditions":{},"f:currentImage":{},"f:currentNodeID":{},"f:expansionRequired":{},"f:frontendDisabled":{},"f:isStandby":{},"f:kubernetesStatus":{".":{},"f:lastPVCRefAt":{},"f:lastPodRefAt":{},"f:namespace":{},"f:pvName":{},"f:pvStatus":{},"f:pvcName":{},"f:workloadsStatus":{}},"f:lastBackup":{},"f:lastBackupAt":{},"f:lastDegradedAt":{},"f:ownerID":{},"f:pendingNodeID":{},"f:remountRequestedAt":{},"f:restoreInitiated":{},"f:restoreRequired":{},"f:robustness":{},"f:shareEndpoint":{},"f:shareState":{},"f:state":{}}},"manager":"longhorn-manager","operation":"Update","subresource":"status","time":"2023-04-10T10:22:12Z"}],"name":"vol-hqpcaa","namespace":"longhorn-system","resourceVersion":"237469","uid":"c5122b11-04d5-455b-93ad-4de115fa9fbf"},"spec":{"Standby":false,"accessMode":"rwo","backingImage":"","baseImage":"","dataLocality":"disabled","dataSource":"","disableFrontend":false,"diskSelector":[],"encrypted":false,"engineImage":"longhornio/longhorn-engine:v1.4.1","fromBackup":"","frontend":"blockdev","lastAttachedBy":"","migratable":false,"migrationNodeID":"","nodeID":"rc-k8s-1-rc-w1-489d6c2c-dt5tz","nodeSelector":[],"numberOfReplicas":3,"recurringJobs":[],"replicaAutoBalance":"ignored","restoreVolumeRecurringJob":"ignored","revisionCounterDisabled":false,"size":"5368709120","snapshotDataIntegrity":"ignored","staleReplicaTimeout":0,"unmapMarkSnapChainRemoved":"ignored"},"status":{"actualSize":0,"cloneStatus":{"snapshot":"","sourceVolume":"","state":""},"conditions":[{"lastProbeTime":"","lastTransitionTime":"2023-04-10T10:22:12Z","message":"","reason":"","status":"False","type":"toomanysnapshots"},{"lastProbeTime":"","lastTransitionTime":"2023-04-10T10:22:12Z","message":"","reason":"","status":"True","type":"scheduled"}],"currentImage":"longhornio/longhorn-engine:v1.4.1","currentNodeID":"rc-k8s-1-rc-w1-489d6c2c-dt5tz","expansionRequired":false,"frontendDisabled":false,"isStandby":false,"kubernetesStatus":{"lastPVCRefAt":"","lastPodRefAt":"","namespace":"","pvName":"","pvStatus":"","pvcName":"","workloadsStatus":null},"lastBackup":"","lastBackupAt":"","lastDegradedAt":"","ownerID":"rc-k8s-1-rc-w1-489d6c2c-dt5tz","pendingNodeID":"","remountRequestedAt":"","restoreInitiated":false,"restoreRequired":false,"robustness":"","shareEndpoint":"","shareState":"","state":"attaching"}}
</msg>
<msg timestamp="20230410 18:22:16.002" level="DEBUG">response body: {"apiVersion":"longhorn.io/v1beta2","kind":"Volume","metadata":{"creationTimestamp":"2023-04-10T10:22:12Z","finalizers":["longhorn.io"],"generation":3,"labels":{"longhornvolume":"vol-hqpcaa","recurring-job-group.longhorn.io/default":"enabled","setting.longhorn.io/remove-snapshots-during-filesystem-trim":"ignored","setting.longhorn.io/replica-auto-balance":"ignored","setting.longhorn.io/snapshot-data-integrity":"ignored"},"managedFields":[{"apiVersion":"longhorn.io/v1beta2","fieldsType":"FieldsV1","fieldsV1":{"f:spec":{".":{},"f:accessMode":{},"f:frontend":{},"f:nodeID":{},"f:numberOfReplicas":{},"f:replicaAutoBalance":{},"f:size":{}}},"manager":"OpenAPI-Generator","operation":"Update","time":"2023-04-10T10:22:12Z"},{"apiVersion":"longhorn.io/v1beta2","fieldsType":"FieldsV1","fieldsV1":{"f:metadata":{"f:labels":{"f:recurring-job-group.longhorn.io/default":{}}},"f:spec":{"f:Standby":{},"f:backingImage":{},"f:baseImage":{},"f:dataSource":{},"f:disableFrontend":{},"f:encrypted":{},"f:fromBackup":{},"f:lastAttachedBy":{},"f:migratable":{},"f:migrationNodeID":{},"f:revisionCounterDisabled":{},"f:staleReplicaTimeout":{}}},"manager":"longhorn-manager","operation":"Update","time":"2023-04-10T10:22:12Z"},{"apiVersion":"longhorn.io/v1beta2","fieldsType":"FieldsV1","fieldsV1":{"f:status":{".":{},"f:actualSize":{},"f:cloneStatus":{".":{},"f:snapshot":{},"f:sourceVolume":{},"f:state":{}},"f:conditions":{},"f:currentImage":{},"f:currentNodeID":{},"f:expansionRequired":{},"f:frontendDisabled":{},"f:isStandby":{},"f:kubernetesStatus":{".":{},"f:lastPVCRefAt":{},"f:lastPodRefAt":{},"f:namespace":{},"f:pvName":{},"f:pvStatus":{},"f:pvcName":{},"f:workloadsStatus":{}},"f:lastBackup":{},"f:lastBackupAt":{},"f:lastDegradedAt":{},"f:ownerID":{},"f:pendingNodeID":{},"f:remountRequestedAt":{},"f:restoreInitiated":{},"f:restoreRequired":{},"f:robustness":{},"f:shareEndpoint":{},"f:shareState":{},"f:state":{}}},"manager":"longhorn-manager","operation":"Update","subresource":"status","time":"2023-04-10T10:22:12Z"}],"name":"vol-hqpcaa","namespace":"longhorn-system","resourceVersion":"237469","uid":"c5122b11-04d5-455b-93ad-4de115fa9fbf"},"spec":{"Standby":false,"accessMode":"rwo","backingImage":"","baseImage":"","dataLocality":"disabled","dataSource":"","disableFrontend":false,"diskSelector":[],"encrypted":false,"engineImage":"longhornio/longhorn-engine:v1.4.1","fromBackup":"","frontend":"blockdev","lastAttachedBy":"","migratable":false,"migrationNodeID":"","nodeID":"rc-k8s-1-rc-w1-489d6c2c-dt5tz","nodeSelector":[],"numberOfReplicas":3,"recurringJobs":[],"replicaAutoBalance":"ignored","restoreVolumeRecurringJob":"ignored","revisionCounterDisabled":false,"size":"5368709120","snapshotDataIntegrity":"ignored","staleReplicaTimeout":0,"unmapMarkSnapChainRemoved":"ignored"},"status":{"actualSize":0,"cloneStatus":{"snapshot":"","sourceVolume":"","state":""},"conditions":[{"lastProbeTime":"","lastTransitionTime":"2023-04-10T10:22:12Z","message":"","reason":"","status":"False","type":"toomanysnapshots"},{"lastProbeTime":"","lastTransitionTime":"2023-04-10T10:22:12Z","message":"","reason":"","status":"True","type":"scheduled"}],"currentImage":"longhornio/longhorn-engine:v1.4.1","currentNodeID":"rc-k8s-1-rc-w1-489d6c2c-dt5tz","expansionRequired":false,"frontendDisabled":false,"isStandby":false,"kubernetesStatus":{"lastPVCRefAt":"","lastPodRefAt":"","namespace":"","pvName":"","pvStatus":"","pvcName":"","workloadsStatus":null},"lastBackup":"","lastBackupAt":"","lastDegradedAt":"","ownerID":"rc-k8s-1-rc-w1-489d6c2c-dt5tz","pendingNodeID":"","remountRequestedAt":"","restoreInitiated":false,"restoreRequired":false,"robustness":"","shareEndpoint":"","shareState":"","state":"attaching"}}
</msg>
<msg timestamp="20230410 18:22:17.081" level="DEBUG">response body: {"apiVersion":"longhorn.io/v1beta2","kind":"Volume","metadata":{"creationTimestamp":"2023-04-10T10:22:12Z","finalizers":["longhorn.io"],"generation":3,"labels":{"longhornvolume":"vol-hqpcaa","recurring-job-group.longhorn.io/default":"enabled","setting.longhorn.io/remove-snapshots-during-filesystem-trim":"ignored","setting.longhorn.io/replica-auto-balance":"ignored","setting.longhorn.io/snapshot-data-integrity":"ignored"},"managedFields":[{"apiVersion":"longhorn.io/v1beta2","fieldsType":"FieldsV1","fieldsV1":{"f:spec":{".":{},"f:accessMode":{},"f:frontend":{},"f:nodeID":{},"f:numberOfReplicas":{},"f:replicaAutoBalance":{},"f:size":{}}},"manager":"OpenAPI-Generator","operation":"Update","time":"2023-04-10T10:22:12Z"},{"apiVersion":"longhorn.io/v1beta2","fieldsType":"FieldsV1","fieldsV1":{"f:metadata":{"f:labels":{"f:recurring-job-group.longhorn.io/default":{}}},"f:spec":{"f:Standby":{},"f:backingImage":{},"f:baseImage":{},"f:dataSource":{},"f:disableFrontend":{},"f:encrypted":{},"f:fromBackup":{},"f:lastAttachedBy":{},"f:migratable":{},"f:migrationNodeID":{},"f:revisionCounterDisabled":{},"f:staleReplicaTimeout":{}}},"manager":"longhorn-manager","operation":"Update","time":"2023-04-10T10:22:12Z"},{"apiVersion":"longhorn.io/v1beta2","fieldsType":"FieldsV1","fieldsV1":{"f:status":{".":{},"f:actualSize":{},"f:cloneStatus":{".":{},"f:snapshot":{},"f:sourceVolume":{},"f:state":{}},"f:conditions":{},"f:currentImage":{},"f:currentNodeID":{},"f:expansionRequired":{},"f:frontendDisabled":{},"f:isStandby":{},"f:kubernetesStatus":{".":{},"f:lastPVCRefAt":{},"f:lastPodRefAt":{},"f:namespace":{},"f:pvName":{},"f:pvStatus":{},"f:pvcName":{},"f:workloadsStatus":{}},"f:lastBackup":{},"f:lastBackupAt":{},"f:lastDegradedAt":{},"f:ownerID":{},"f:pendingNodeID":{},"f:remountRequestedAt":{},"f:restoreInitiated":{},"f:restoreRequired":{},"f:robustness":{},"f:shareEndpoint":{},"f:shareState":{},"f:state":{}}},"manager":"longhorn-manager","operation":"Update","subresource":"status","time":"2023-04-10T10:22:12Z"}],"name":"vol-hqpcaa","namespace":"longhorn-system","resourceVersion":"237513","uid":"c5122b11-04d5-455b-93ad-4de115fa9fbf"},"spec":{"Standby":false,"accessMode":"rwo","backingImage":"","baseImage":"","dataLocality":"disabled","dataSource":"","disableFrontend":false,"diskSelector":[],"encrypted":false,"engineImage":"longhornio/longhorn-engine:v1.4.1","fromBackup":"","frontend":"blockdev","lastAttachedBy":"","migratable":false,"migrationNodeID":"","nodeID":"rc-k8s-1-rc-w1-489d6c2c-dt5tz","nodeSelector":[],"numberOfReplicas":3,"recurringJobs":[],"replicaAutoBalance":"ignored","restoreVolumeRecurringJob":"ignored","revisionCounterDisabled":false,"size":"5368709120","snapshotDataIntegrity":"ignored","staleReplicaTimeout":0,"unmapMarkSnapChainRemoved":"ignored"},"status":{"actualSize":0,"cloneStatus":{"snapshot":"","sourceVolume":"","state":""},"conditions":[{"lastProbeTime":"","lastTransitionTime":"2023-04-10T10:22:12Z","message":"","reason":"","status":"False","type":"toomanysnapshots"},{"lastProbeTime":"","lastTransitionTime":"2023-04-10T10:22:12Z","message":"","reason":"","status":"True","type":"scheduled"}],"currentImage":"longhornio/longhorn-engine:v1.4.1","currentNodeID":"rc-k8s-1-rc-w1-489d6c2c-dt5tz","expansionRequired":false,"frontendDisabled":false,"isStandby":false,"kubernetesStatus":{"lastPVCRefAt":"","lastPodRefAt":"","namespace":"","pvName":"","pvStatus":"","pvcName":"","workloadsStatus":null},"lastBackup":"","lastBackupAt":"","lastDegradedAt":"","ownerID":"rc-k8s-1-rc-w1-489d6c2c-dt5tz","pendingNodeID":"","remountRequestedAt":"","restoreInitiated":false,"restoreRequired":false,"robustness":"","shareEndpoint":"","shareState":"","state":"attached"}}
</msg>
<msg timestamp="20230410 18:22:17.155" level="DEBUG">response body: {"apiVersion":"longhorn.io/v1beta2","kind":"Volume","metadata":{"creationTimestamp":"2023-04-10T10:22:12Z","finalizers":["longhorn.io"],"generation":3,"labels":{"longhornvolume":"vol-hqpcaa","recurring-job-group.longhorn.io/default":"enabled","setting.longhorn.io/remove-snapshots-during-filesystem-trim":"ignored","setting.longhorn.io/replica-auto-balance":"ignored","setting.longhorn.io/snapshot-data-integrity":"ignored"},"managedFields":[{"apiVersion":"longhorn.io/v1beta2","fieldsType":"FieldsV1","fieldsV1":{"f:spec":{".":{},"f:accessMode":{},"f:frontend":{},"f:nodeID":{},"f:numberOfReplicas":{},"f:replicaAutoBalance":{},"f:size":{}}},"manager":"OpenAPI-Generator","operation":"Update","time":"2023-04-10T10:22:12Z"},{"apiVersion":"longhorn.io/v1beta2","fieldsType":"FieldsV1","fieldsV1":{"f:metadata":{"f:labels":{"f:recurring-job-group.longhorn.io/default":{}}},"f:spec":{"f:Standby":{},"f:backingImage":{},"f:baseImage":{},"f:dataSource":{},"f:disableFrontend":{},"f:encrypted":{},"f:fromBackup":{},"f:lastAttachedBy":{},"f:migratable":{},"f:migrationNodeID":{},"f:revisionCounterDisabled":{},"f:staleReplicaTimeout":{}}},"manager":"longhorn-manager","operation":"Update","time":"2023-04-10T10:22:12Z"},{"apiVersion":"longhorn.io/v1beta2","fieldsType":"FieldsV1","fieldsV1":{"f:status":{".":{},"f:actualSize":{},"f:cloneStatus":{".":{},"f:snapshot":{},"f:sourceVolume":{},"f:state":{}},"f:conditions":{},"f:currentImage":{},"f:currentNodeID":{},"f:expansionRequired":{},"f:frontendDisabled":{},"f:isStandby":{},"f:kubernetesStatus":{".":{},"f:lastPVCRefAt":{},"f:lastPodRefAt":{},"f:namespace":{},"f:pvName":{},"f:pvStatus":{},"f:pvcName":{},"f:workloadsStatus":{}},"f:lastBackup":{},"f:lastBackupAt":{},"f:lastDegradedAt":{},"f:ownerID":{},"f:pendingNodeID":{},"f:remountRequestedAt":{},"f:restoreInitiated":{},"f:restoreRequired":{},"f:robustness":{},"f:shareEndpoint":{},"f:shareState":{},"f:state":{}}},"manager":"longhorn-manager","operation":"Update","subresource":"status","time":"2023-04-10T10:22:12Z"}],"name":"vol-hqpcaa","namespace":"longhorn-system","resourceVersion":"237513","uid":"c5122b11-04d5-455b-93ad-4de115fa9fbf"},"spec":{"Standby":false,"accessMode":"rwo","backingImage":"","baseImage":"","dataLocality":"disabled","dataSource":"","disableFrontend":false,"diskSelector":[],"encrypted":false,"engineImage":"longhornio/longhorn-engine:v1.4.1","fromBackup":"","frontend":"blockdev","lastAttachedBy":"","migratable":false,"migrationNodeID":"","nodeID":"rc-k8s-1-rc-w1-489d6c2c-dt5tz","nodeSelector":[],"numberOfReplicas":3,"recurringJobs":[],"replicaAutoBalance":"ignored","restoreVolumeRecurringJob":"ignored","revisionCounterDisabled":false,"size":"5368709120","snapshotDataIntegrity":"ignored","staleReplicaTimeout":0,"unmapMarkSnapChainRemoved":"ignored"},"status":{"actualSize":0,"cloneStatus":{"snapshot":"","sourceVolume":"","state":""},"conditions":[{"lastProbeTime":"","lastTransitionTime":"2023-04-10T10:22:1
[...]
e":{},"f:disableFrontend":{},"f:engineImage":{},"f:frontend":{},"f:logRequested":{},"f:nodeID":{},"f:replicaAddressMap":{".":{},"f:vol-hqpcaa-r-0c864be0":{},"f:vol-hqpcaa-r-1d2d3cb9":{},"f:vol-hqpcaa-r-7890f409":{}},"f:requestedBackupRestore":{},"f:requestedDataSource":{},"f:revisionCounterDisabled":{},"f:salvageRequested":{},"f:unmapMarkSnapChainRemovedEnabled":{},"f:upgradedReplicaAddressMap":{},"f:volumeName":{},"f:volumeSize":{}}},"manager":"longhorn-manager","operation":"Update","time":"2023-04-10T10:22:13Z"},{"apiVersion":"longhorn.io/v1beta2","fieldsType":"FieldsV1","fieldsV1":{"f:status":{".":{},"f:backupStatus":{},"f:cloneStatus":{".":{},"f:tcp://10.42.128.188:10000":{".":{},"f:error":{},"f:fromReplicaAddress":{},"f:isCloning":{},"f:progress":{},"f:snapshotName":{},"f:state":{}},"f:tcp://10.42.160.137:10000":{".":{},"f:error":{},"f:fromReplicaAddress":{},"f:isCloning":{},"f:progress":{},"f:snapshotName":{},"f:state":{}},"f:tcp://10.42.217.75:10000":{".":{},"f:error":{},"f:fromReplicaAddress":{},"f:isCloning":{},"f:progress":{},"f:snapshotName":{},"f:state":{}}},"f:conditions":{},"f:currentImage":{},"f:currentReplicaAddressMap":{".":{},"f:vol-hqpcaa-r-0c864be0":{},"f:vol-hqpcaa-r-1d2d3cb9":{},"f:vol-hqpcaa-r-7890f409":{}},"f:currentSize":{},"f:currentState":{},"f:endpoint":{},"f:instanceManagerName":{},"f:ip":{},"f:isExpanding":{},"f:lastExpansionError":{},"f:lastExpansionFailedAt":{},"f:lastRestoredBackup":{},"f:logFetched":{},"f:ownerID":{},"f:port":{},"f:purgeStatus":{".":{},"f:tcp://10.42.128.188:10000":{".":{},"f:error":{},"f:isPurging":{},"f:progress":{},"f:state":{}},"f:tcp://10.42.160.137:10000":{".":{},"f:error":{},"f:isPurging":{},"f:progress":{},"f:state":{}},"f:tcp://10.42.217.75:10000":{".":{},"f:error":{},"f:isPurging":{},"f:progress":{},"f:state":{}}},"f:rebuildStatus":{},"f:replicaModeMap":{".":{},"f:vol-hqpcaa-r-0c864be0":{},"f:vol-hqpcaa-r-1d2d3cb9":{},"f:vol-hqpcaa-r-7890f409":{}},"f:restoreStatus":{".":{},"f:tcp://10.42.128.188:10000":{".":{},"f:backupURL":{},"f:currentRestoringBackup":{},"f:isRestoring":{},"f:lastRestored":{},"f:state":{}},"f:tcp://10.42.160.137:10000":{".":{},"f:backupURL":{},"f:currentRestoringBackup":{},"f:isRestoring":{},"f:lastRestored":{},"f:state":{}},"f:tcp://10.42.217.75:10000":{".":{},"f:backupURL":{},"f:currentRestoringBackup":{},"f:isRestoring":{},"f:lastRestored":{},"f:state":{}}},"f:salvageExecuted":{},"f:snapshots":{".":{},"f:volume-head":{".":{},"f:children":{},"f:created":{},"f:labels":{},"f:name":{},"f:parent":{},"f:removed":{},"f:size":{},"f:usercreated":{}}},"f:snapshotsError":{},"f:started":{},"f:storageIP":{},"f:unmapMarkSnapChainRemovedEnabled":{}}},"manager":"longhorn-manager","operation":"Update","subresource":"status","time":"2023-04-10T10:22:21Z"}],"name":"vol-hqpcaa-e-457eacf2","namespace":"longhorn-system","ownerReferences":[{"apiVersion":"longhorn.io/v1beta2","kind":"Volume","name":"vol-hqpcaa","uid":"c5122b11-04d5-455b-93ad-4de115fa9fbf"}],"resourceVersion":"238630","uid":"b1658da1-829a-4209-a36c-a3a3be59b675"},"spec":{"active":true,"backupVolume":"","desireState":"running","disableFrontend":false,"engineImage":"longhornio/longhorn-engine:v1.4.1","frontend":"blockdev","logRequested":false,"nodeID":"rc-k8s-1-rc-w1-489d6c2c-dt5tz","replicaAddressMap":{"vol-hqpcaa-r-0c864be0":"10.42.217.75:10000","vol-hqpcaa-r-1d2d3cb9":"10.42.160.137:10000","vol-hqpcaa-r-7890f409":"10.42.128.188:10000"},"requestedBackupRestore":"","requestedDataSource":"","revisionCounterDisabled":false,"salvageRequested":false,"unmapMarkSnapChainRemovedEnabled":false,"upgradedReplicaAddressMap":{},"volumeName":"vol-hqpcaa","volumeSize":"5368709120"},"status":{"backupStatus":null,"cloneStatus":{"tcp://10.42.128.188:10000":{"error":"","fromReplicaAddress":"","isCloning":false,"progress":0,"snapshotName":"","state":""},"tcp://10.42.160.137:10000":{"error":"","fromReplicaAddress":"","isCloning":false,"progress":0,"snapshotName":"","state":""},"tcp://10.42.217.75:10000":{"error":"","fromReplicaAddress":"","isCloning":false,"progress":0,"snapshotName":"","state":""}},"conditions":[{"lastProbeTime":"","lastTransitionTime":"2023-04-10T10:22:12Z","message":"","reason":"","status":"True","type":"InstanceCreation"}],"currentImage":"longhornio/longhorn-engine:v1.4.1","currentReplicaAddressMap":{"vol-hqpcaa-r-0c864be0":"10.42.217.75:10000","vol-hqpcaa-r-1d2d3cb9":"10.42.160.137:10000","vol-hqpcaa-r-7890f409":"10.42.128.188:10000"},"currentSize":"5368709120","currentState":"unknown","endpoint":"/dev/longhorn/vol-hqpcaa","instanceManagerName":"instance-manager-e-001816fa95e4cda3e90f4c96371a26a9","ip":"","isExpanding":false,"lastExpansionError":"","lastExpansionFailedAt":"","lastRestoredBackup":"","logFetched":false,"ownerID":"rc-k8s-1-rc-w1-489d6c2c-zvl55","port":0,"purgeStatus":{"tcp://10.42.128.188:10000":{"error":"","isPurging":false,"progress":0,"state":""},"tcp://10.42.160.137:10000":{"error":"","isPurging":false,"progress":0,"state":""},"tcp://10.42.217.75:10000":{"error":"","isPurging":false,"progress":0,"state":""}},"rebuildStatus":{},"replicaModeMap":{"vol-hqpcaa-r-0c864be0":"RW","vol-hqpcaa-r-1d2d3cb9":"RW","vol-hqpcaa-r-7890f409":"RW"},"restoreStatus":{"tcp://10.42.128.188:10000":{"backupURL":"","currentRestoringBackup":"","isRestoring":false,"lastRestored":"","state":""},"tcp://10.42.160.137:10000":{"backupURL":"","currentRestoringBackup":"","isRestoring":false,"lastRestored":"","state":""},"tcp://10.42.217.75:10000":{"backupURL":"","currentRestoringBackup":"","isRestoring":false,"lastRestored":"","state":""}},"salvageExecuted":false,"snapshots":{"volume-head":{"children":{},"created":"2023-04-10T10:22:12Z","labels":{},"name":"volume-head","parent":"","removed":false,"size":"2147487744","usercreated":false}},"snapshotsError":"","started":true,"storageIP":"","unmapMarkSnapChainRemovedEnabled":false}}],"kind":"EngineList","metadata":{"continue":"","resourceVersion":"239171"}}
</msg>
<msg timestamp="20230410 18:25:42.447" level="INFO">get volume: vol-hqpcaa's engine state</msg>
<msg timestamp="20230410 18:25:42.447" level="INFO">${engine_current_state} = unknown</msg>
<status status="PASS" starttime="20230410 18:25:42.367" endtime="20230410 18:25:42.447"/>
</kw>
<kw name="Check Workload State" library="steps">
<arg>${engine_current_state}</arg>
<arg>${engine_expect_state}</arg>
<msg timestamp="20230410 18:25:42.447" level="INFO">current state: unknown, expect state: unknown</msg>
<status status="PASS" starttime="20230410 18:25:42.447" endtime="20230410 18:25:42.447"/>
</kw>
<status status="PASS" starttime="20230410 18:25:42.367" endtime="20230410 18:25:42.448"/>
</kw>
<kw name="And Replica on the node ${volunme_attached_node} state should be unknown" library="Keywords" sourcename="Replica on the node ${node_name} state should be ${replica_expect_state}">
<kw name="Get Replica State" library="steps">
<var>${replica_current_state}</var>
<arg>${volume_name}</arg>
<arg>${node_name}</arg>
<msg timestamp="20230410 18:25:42.538" level="DEBUG">response body: {"apiVersion":"longhorn.io/v1beta2","items":[{"apiVersion":"longhorn.io/v1beta2","kind":"Replica","metadata":{"creationTimestamp":"2023-04-10T10:22:12Z","finalizers":["longhorn.io"],"generation":4,"labels":{"longhorn.io/backing-image":"","longhorndiskuuid":"0429cffe-2536-496f-b16a-832d1d648940","longhornnode":"rc-k8s-1-rc-w1-489d6c2c-dt5tz","longhornvolume":"vol-hqpcaa"},"managedFields":[{"apiVersion":"longhorn.io/v1beta2","fieldsType":"FieldsV1","fieldsV1":{"f:metadata":{"f:labels":{".":{},"f:longhorn.io/backing-image":{},"f:longhorndiskuuid":{},"f:longhornnode":{}},"f:ownerReferences":{".":{},"k:{\"uid\":\"c5122b11-04d5-455b-93ad-4de115fa9fbf\"}":{}}},"f:spec":{".":{},"f:active":{},"f:backingImage":{},"f:baseImage":{},"f:dataDirectoryName":{},"f:dataPath":{},"f:desireState":{},"f:diskID":{},"f:diskPath":{},"f:engineImage":{},"f:engineName":{},"f:failedAt":{},"f:hardNodeAffinity":{},"f:healthyAt":{},"f:logRequested":{},"f:nodeID":{},"f:rebuildRetryCount":{},"f:revisionCounterDisabled":{},"f:salvageRequested":{},"f:unmapMarkDiskChainRemovedEnabled":{},"f:volumeName":{},"f:volumeSize":{}}},"manager":"longhorn-manager","operation":"Update","time":"2023-04-10T10:22:12Z"},{"apiVersion":"longhorn.io/v1beta2","fieldsType":"FieldsV1","fieldsV1":{"f:status":{".":{},"f:conditions":{},"f:currentImage":{},"f:currentState":{},"f:evictionRequested":{},"f:instanceManagerName":{},"f:ip":{},"f:logFetched":{},"f:ownerID":{},"f:port":{},"f:salvageExecuted":{},"f:started":{},"f:storageIP":{}}},"manager":"longhorn-manager","operation":"Update","subresource":"status","time":"2023-04-10T10:22:12Z"}],"name":"vol-hqpcaa-r-7890f409","namespace":"longhorn-system","ownerReferences":[{"apiVersion":"longhorn.io/v1beta2","kind":"Volume","name":"vol-hqpcaa","uid":"c5122b11-04d5-455b-93ad-4de115fa9fbf"}],"resourceVersion":"238624","uid":"0f61782c-38f0-4871-8595-54450102c4ca"},"spec":{"active":true,"backingImage":"","baseImage":"","dataDirectoryName":"vol-hqpcaa-fe567c99","dataPath":"","desireState":"running","diskID":"0429cffe-2536-496f-b16a-832d1d648940","diskPath":"/var/lib/longhorn/","engineImage":"longhornio/longhorn-engine:v1.4.1","engineName":"vol-hqpcaa-e-457eacf2","failedAt":"","hardNodeAffinity":"","healthyAt":"2023-04-10T10:22:21Z","logRequested":false,"nodeID":"rc-k8s-1-rc-w1-489d6c2c-dt5tz","rebuildRetryCount":0,"revisionCounterDisabled":false,"salvageRequested":false,"unmapMarkDiskChainRemovedEnabled":false,"volumeName":"vol-hqpcaa","volumeSize":"5368709120"},"status":{"conditions":[{"lastProbeTime":"","lastTransitionTime":"2023-04-10T10:22:12Z","message":"","reason":"","status":"True","type":"InstanceCreation"}],"currentImage":"longhornio/longhorn-engine:v1.4.1","currentState":"unknown","evictionRequested":false,"instanceManagerName":"instance-manager-r-001816fa95e4cda3e90f4c96371a26a9","ip":"","logFetched":false,"ownerID":"rc-k8s-1-rc-w1-489d6c2c-zvl55","port":0,"salvageExecuted":false,"started":true,"storageIP":""}}],"kind":"ReplicaList","metadata":{"continue":"","resourceVersion":"239171"}}
</msg>
<msg timestamp="20230410 18:25:42.538" level="INFO">get volume: vol-hqpcaa on rc-k8s-1-rc-w1-489d6c2c-dt5tz's replica state</msg>
<msg timestamp="20230410 18:25:42.538" level="INFO">${replica_current_state} = unknown</msg>
<status status="PASS" starttime="20230410 18:25:42.449" endtime="20230410 18:25:42.538"/>
</kw>
<kw name="Check Workload State" library="steps">
<arg>${replica_current_state}</arg>
<arg>${replica_expect_state}</arg>
<msg timestamp="20230410 18:25:42.539" level="INFO">current state: unknown, expect state: unknown</msg>
<status status="PASS" starttime="20230410 18:25:42.539" endtime="20230410 18:25:42.540"/>
</kw>
<status status="PASS" starttime="20230410 18:25:42.448" endtime="20230410 18:25:42.540"/>
</kw>
<kw name="Cleanup Resources" library="steps" type="TEARDOWN">
<msg timestamp="20230410 18:25:42.627" level="DEBUG">response body: {"kind":"Pod","apiVersion":"v1","metadata":{"name":"rc-k8s-1-rc-w1-489d6c2c-dt5tz","namespace":"rwo-volume-with-replica-on-attached-node-and-power-off-it","uid":"6004c2c3-b834-49bc-a879-763983629dde","resourceVersion":"239172","creationTimestamp":"2023-04-10T10:22:22Z","deletionTimestamp":"2023-04-10T10:26:12Z","deletionGracePeriodSeconds":30,"annotations":{"cni.projectcalico.org/containerID":"afbb74aacdbfba9c8452274084c8f590d4615d4fec631bb94981a13cd67d27bf","cni.projectcalico.org/podIP":"10.42.128.145/32","cni.projectcalico.org/podIPs":"10.42.128.145/32","kubernetes.io/psp":"global-unrestricted-psp"},"managedFields":[{"manager":"OpenAPI-Generator","operation":"Update","apiVersion":"v1","time":"2023-04-10T10:22:22Z","fieldsType":"FieldsV1","fieldsV1":{"f:spec":{"f:affinity":{".":{},"f:nodeAffinity":{".":{},"f:requiredDuringSchedulingIgnoredDuringExecution":{}}},"f:containers":{"k:{\"name\":\"node-exec\"}":{".":{},"f:args":{},"f:image":{},"f:imagePullPolicy":{},"f:name":{},"f:resources":{},"f:securityContext":{".":{},"f:privileged":{}},"f:terminationMessagePath":{},"f:terminationMessagePolicy":{},"f:volumeMounts":{".":{},"k:{\"mountPath\":\"/rootfs\"}":{".":{},"f:mountPath":{},"f:name":{},"f:readOnly":{}}}}},"f:dnsPolicy":{},"f:enableServiceLinks":{},"f:restartPolicy":{},"f:schedulerName":{},"f:securityContext":{},"f:terminationGracePeriodSeconds":{},"f:volumes":{".":{},"k:{\"name\":\"rootfs\"}":{".":{},"f:hostPath":{".":{},"f:path":{},"f:type":{}},"f:name":{}}}}}},{"manager":"calico","operation":"Update","apiVersion":"v1","time":"2023-04-10T10:22:22Z","fieldsType":"FieldsV1","fieldsV1":{"f:metadata":{"f:annotations":{"f:cni.projectcalico.org/containerID":{},"f:cni.projectcalico.org/podIP":{},"f:cni.projectcalico.org/podIPs":{}}}},"subresource":"status"},{"manager":"kubelet","operation":"Update","apiVersion":"v1","time":"2023-04-10T10:22:23Z","fieldsType":"FieldsV1","fieldsV1":{"f:status":{"f:conditions":{"k:{\"type\":\"ContainersReady\"}":{".":{},"f:lastProbeTime":{},"f:lastTransitionTime":{},"f:status":{},"f:type":{}},"k:{\"type\":\"Initialized\"}":{".":{},"f:lastProbeTime":{},"f:lastTransitionTime":{},"f:status":{},"f:type":{}},"k:{\"type\":\"Ready\"}":{".":{},"f:lastProbeTime":{},"f:type":{}}},"f:containerStatuses":{},"f:hostIP":{},"f:phase":{},"f:podIP":{},"f:podIPs":{".":{},"k:{\"ip\":\"10.42.128.145\"}":{".":{},"f:ip":{}}},"f:startTime":{}}},"subresource":"status"},{"manager":"kube-controller-manager","operation":"Update","apiVersion":"v1","time":"2023-04-10T10:24:33Z","fieldsType":"FieldsV1","fieldsV1":{"f:status":{"f:conditions":{"k:{\"type\":\"Ready\"}":{"f:lastTransitionTime":{},"f:status":{}}}}},"subresource":"status"}]},"spec":{"volumes":[{"name":"rootfs","hostPath":{"path":"/","type":""}},{"name":"kube-api-access-4p85x","projected":{"sources":[{"serviceAccountToken":{"expirationSeconds":3607,"path":"token"}},{"configMap":{"name":"kube-root-ca.crt","items":[{"key":"ca.crt","path":"ca.crt"}]}},{"downwardAPI":{"items":[{"path":"namespace","fieldRef":{"apiVersion":"v1","fieldPath":"metadata.namespace"}}]}}],"defaultMode":420}}],"containers":[{"name":"node-exec","image":"busybox:1.34.0","args":["tail","-f","/dev/null"],"resources":{},"volumeMounts":[{"name":"rootfs","readOnly":true,"mountPath":"/rootfs"},{"name":"kube-api-access-4p85x","readOnly":true,"mountPath":"/var/run/secrets/kubernetes.io/serviceaccount"}],"terminationMessagePath":"/dev/termination-log","terminationMessagePolicy":"File","imagePullPolicy":"IfNotPresent","securityContext":{"privileged":true}}],"restartPolicy":"Always","terminationGracePeriodSeconds":30,"dnsPolicy":"ClusterFirst","serviceAccountName":"default","serviceAccount":"default","nodeName":"rc-k8s-1-rc-w1-489d6c2c-dt5tz","securityContext":{},"affinity":{"nodeAffinity":{"requiredDuringSchedulingIgnoredDuringExecution":{"nodeSelectorTerms":[{"matchExpressions":[{"key":"kubernetes.io/hostname","operator":"In","values":["rc-k8s-1-rc-w1-489d6c2c-dt5tz"]}]}]}}},"schedulerName":"default-scheduler","tolerations":[{"key":"node.kubernetes.io/not-ready","operator":"Exists","effect":"NoExecute","tolerationSeconds":300},{"key":"node.kubernetes.io/unreachable","operator":"Exists","effect":"NoExecute","tolerationSeconds":300}],"priority":0,"enableServiceLinks":true,"preemptionPolicy":"PreemptLowerPriority"},"status":{"phase":"Running","conditions":[{"type":"Initialized","status":"True","lastProbeTime":null,"lastTransitionTime":"2023-04-10T10:22:22Z"},{"type":"Ready","status":"False","lastProbeTime":null,"lastTransitionTime":"2023-04-10T10:24:33Z"},{"type":"ContainersReady","status":"True","lastProbeTime":null,"lastTransitionTime":"2023-04-10T10:22:23Z"},{"type":"PodScheduled","status":"True","lastProbeTime":null,"lastTransitionTime":"2023-04-10T10:22:22Z"}],"hostIP":"172.31.41.110","podIP":"10.42.128.145","podIPs":[{"ip":"10.42.128.145"}],"startTime":"2023-04-10T10:22:22Z","containerStatuses":[{"name":"node-exec","state":{"running":{"startedAt":"2023-04-10T10:22:23Z"}},"lastState":{},"ready":true,"restartCount":0,"image":"docker.io/library/busybox:1.34.0","imageID":"docker.io/library/busybox@sha256:e8e5cca392e3cf056fcdb3093e7ac2bf83fcf28b3bcf5818fe8ae71cf360c231","containerID":"containerd://6405b8780fda5196aa94c165b949a03021752ba0c08ff48a0419dcc7431e8a36","started":true}],"qosClass":"BestEffort"}}
</msg>
<msg timestamp="20230410 18:25:42.706" level="DEBUG">response body: {"kind":"Namespace","apiVersion":"v1","metadata":{"name":"rwo-volume-with-replica-on-attached-node-and-power-off-it","uid":"22945959-a3a3-4609-ab89-68c77f74f073","resourceVersion":"239173","creationTimestamp":"2023-04-10T10:22:11Z","deletionTimestamp":"2023-04-10T10:25:42Z","labels":{"kubernetes.io/metadata.name":"rwo-volume-with-replica-on-attached-node-and-power-off-it"},"annotations":{"cattle.io/status":"{\"Conditions\":[{\"Type\":\"ResourceQuotaInit\",\"Status\":\"True\",\"Message\":\"\",\"LastUpdateTime\":\"2023-04-10T10:22:12Z\"},{\"Type\":\"InitialRolesPopulated\",\"Status\":\"True\",\"Message\":\"\",\"LastUpdateTime\":\"2023-04-10T10:22:12Z\"}]}","lifecycle.cattle.io/create.namespace-auth":"true"},"finalizers":["controller.cattle.io/namespace-auth"],"managedFields":[{"manager":"OpenAPI-Generator","operation":"Update","apiVersion":"v1","time":"2023-04-10T10:22:11Z","fieldsType":"FieldsV1","fieldsV1":{"f:metadata":{"f:labels":{".":{},"f:kubernetes.io/metadata.name":{}}}}},{"manager":"rancher","operation":"Update","apiVersion":"v1","time":"2023-04-10T10:22:11Z","fieldsType":"FieldsV1","fieldsV1":{"f:metadata":{"f:annotations":{".":{},"f:cattle.io/status":{},"f:lifecycle.cattle.io/create.namespace-auth":{}},"f:finalizers":{".":{},"v:\"controller.cattle.io/namespace-auth\"":{}}}}}]},"spec":{"finalizers":["kubernetes"]},"status":{"phase":"Terminating"}}
</msg>
<msg timestamp="20230410 18:25:42.706" level="INFO">cleanup_resources
{'api_version': 'v1',
 'code': None,
 'details': None,
 'kind': 'Pod',
 'message': None,
 'metadata': {'_continue': None,
              'remaining_item_count': None,
              'resource_version': '239172',
              'self_link': None},
 'reason': None,
 'status': "{'phase': 'Running', 'conditions': [{'type': 'Initialized', "
           "'status': 'True', 'lastProbeTime': None, 'lastTransitionTime': "
           "'2023-04-10T10:22:22Z'}, {'type': 'Ready', 'status': 'False', "
           "'lastProbeTime': None, 'lastTransitionTime': "
           "'2023-04-10T10:24:33Z'}, {'type': 'ContainersReady', 'status': "
           "'True', 'lastProbeTime': None, 'lastTransitionTime': "
           "'2023-04-10T10:22:23Z'}, {'type': 'PodScheduled', 'status': "
           "'True', 'lastProbeTime': None, 'lastTransitionTime': "
           "'2023-04-10T10:22:22Z'}], 'hostIP': '172.31.41.110', 'podIP': "
           "'10.42.128.145', 'podIPs': [{'ip': '10.42.128.145'}], 'startTime': "
           "'2023-04-10T10:22:22Z', 'containerStatuses': [{'name': "
           "'node-exec', 'state': {'running': {'startedAt': "
           "'2023-04-10T10:22:23Z'}}, 'lastState': {}, 'ready': True, "
           "'restartCount': 0, 'image': 'docker.io/library/busybox:1.34.0', "
           "'imageID': "
           "'docker.io/library/busybox@sha256:e8e5cca392e3cf056fcdb3093e7ac2bf83fcf28b3bcf5818fe8ae71cf360c231', "
           "'containerID': "
           "'containerd://6405b8780fda5196aa94c165b949a03021752ba0c08ff48a0419dcc7431e8a36', "
           "'started': True}], 'qosClass': 'BestEffort'}"}</msg>
<status status="PASS" starttime="20230410 18:25:42.540" endtime="20230410 18:25:42.707"/>
</kw>
<status status="PASS" starttime="20230410 18:22:11.680" endtime="20230410 18:25:42.707"/>
</test>
<doc>Test the resillence if cluster node happend exception

Keywords are imported from the resource file</doc>
<status status="PASS" starttime="20230410 18:22:08.417" endtime="20230410 18:25:42.709"/>
</suite>
<statistics>
<total>
<stat pass="1" fail="0" skip="0">All Tests</stat>
</total>
<tag>
</tag>
<suite>
<stat pass="1" fail="0" skip="0" id="s1" name="TestCases">TestCases</stat>
</suite>
</statistics>
<errors>
</errors>
</robot>
